[0.504s] Invoking command in '/home/rosbot/arm_ws/src/1DOF_arm_controller': PYTHONPATH=/home/rosbot/arm_ws/build/1DOF_arm_controller/prefix_override:/home/rosbot/arm_ws/install/1DOF_arm_controller/lib/python3.10/site-packages:${PYTHONPATH} /usr/bin/python3 -W ignore:setup.py install is deprecated setup.py egg_info --egg-base ../../build/1DOF_arm_controller build --build-base /home/rosbot/arm_ws/build/1DOF_arm_controller/build install --record /home/rosbot/arm_ws/build/1DOF_arm_controller/install.log --single-version-externally-managed install_data
[0.702s] running egg_info
[0.703s] writing ../../build/1DOF_arm_controller/1DOF_arm_controller.egg-info/PKG-INFO
[0.703s] writing dependency_links to ../../build/1DOF_arm_controller/1DOF_arm_controller.egg-info/dependency_links.txt
[0.703s] writing entry points to ../../build/1DOF_arm_controller/1DOF_arm_controller.egg-info/entry_points.txt
[0.703s] writing requirements to ../../build/1DOF_arm_controller/1DOF_arm_controller.egg-info/requires.txt
[0.703s] writing top-level names to ../../build/1DOF_arm_controller/1DOF_arm_controller.egg-info/top_level.txt
[0.705s] reading manifest file '../../build/1DOF_arm_controller/1DOF_arm_controller.egg-info/SOURCES.txt'
[0.705s] writing manifest file '../../build/1DOF_arm_controller/1DOF_arm_controller.egg-info/SOURCES.txt'
[0.705s] running build
[0.706s] running build_py
[0.706s] copying 1DOF_arm_controller/KincoApps.py -> /home/rosbot/arm_ws/build/1DOF_arm_controller/build/lib/1DOF_arm_controller
[0.706s] copying 1DOF_arm_controller/gui_node.py -> /home/rosbot/arm_ws/build/1DOF_arm_controller/build/lib/1DOF_arm_controller
[0.706s] copying 1DOF_arm_controller/apps_node.py -> /home/rosbot/arm_ws/build/1DOF_arm_controller/build/lib/1DOF_arm_controller
[0.706s] running install
[0.707s] running install_lib
[0.707s] copying /home/rosbot/arm_ws/build/1DOF_arm_controller/build/lib/1DOF_arm_controller/KincoApps.py -> /home/rosbot/arm_ws/install/1DOF_arm_controller/lib/python3.10/site-packages/1DOF_arm_controller
[0.707s] copying /home/rosbot/arm_ws/build/1DOF_arm_controller/build/lib/1DOF_arm_controller/gui_node.py -> /home/rosbot/arm_ws/install/1DOF_arm_controller/lib/python3.10/site-packages/1DOF_arm_controller
[0.707s] copying /home/rosbot/arm_ws/build/1DOF_arm_controller/build/lib/1DOF_arm_controller/apps_node.py -> /home/rosbot/arm_ws/install/1DOF_arm_controller/lib/python3.10/site-packages/1DOF_arm_controller
[0.708s] byte-compiling /home/rosbot/arm_ws/install/1DOF_arm_controller/lib/python3.10/site-packages/1DOF_arm_controller/KincoApps.py to KincoApps.cpython-310.pyc
[0.709s] byte-compiling /home/rosbot/arm_ws/install/1DOF_arm_controller/lib/python3.10/site-packages/1DOF_arm_controller/gui_node.py to gui_node.cpython-310.pyc
[0.710s] byte-compiling /home/rosbot/arm_ws/install/1DOF_arm_controller/lib/python3.10/site-packages/1DOF_arm_controller/apps_node.py to apps_node.cpython-310.pyc
[0.711s] running install_data
[0.711s] running install_egg_info
[0.713s] removing '/home/rosbot/arm_ws/install/1DOF_arm_controller/lib/python3.10/site-packages/1DOF_arm_controller-0.0.0-py3.10.egg-info' (and everything under it)
[0.713s] Copying ../../build/1DOF_arm_controller/1DOF_arm_controller.egg-info to /home/rosbot/arm_ws/install/1DOF_arm_controller/lib/python3.10/site-packages/1DOF_arm_controller-0.0.0-py3.10.egg-info
[0.713s] running install_scripts
[0.729s] Installing application_node script to /home/rosbot/arm_ws/install/1DOF_arm_controller/lib/1DOF_arm_controller
[0.729s] Installing gui_node script to /home/rosbot/arm_ws/install/1DOF_arm_controller/lib/1DOF_arm_controller
[0.729s] Installing serial_node script to /home/rosbot/arm_ws/install/1DOF_arm_controller/lib/1DOF_arm_controller
[0.730s] writing list of installed files to '/home/rosbot/arm_ws/build/1DOF_arm_controller/install.log'
[0.747s] Invoked command in '/home/rosbot/arm_ws/src/1DOF_arm_controller' returned '0': PYTHONPATH=/home/rosbot/arm_ws/build/1DOF_arm_controller/prefix_override:/home/rosbot/arm_ws/install/1DOF_arm_controller/lib/python3.10/site-packages:${PYTHONPATH} /usr/bin/python3 -W ignore:setup.py install is deprecated setup.py egg_info --egg-base ../../build/1DOF_arm_controller build --build-base /home/rosbot/arm_ws/build/1DOF_arm_controller/build install --record /home/rosbot/arm_ws/build/1DOF_arm_controller/install.log --single-version-externally-managed install_data
