-- The C compiler identification is GNU 11.4.0
-- The CXX compiler identification is GNU 11.4.0
-- Detecting C compiler ABI info
-- Detecting C compiler ABI info - done
-- Check for working C compiler: /usr/bin/cc - skipped
-- Detecting C compile features
-- Detecting C compile features - done
-- Detecting CXX compiler ABI info
-- Detecting CXX compiler ABI info - done
-- Check for working CXX compiler: /usr/bin/c++ - skipped
-- Detecting CXX compile features
-- Detecting CXX compile features - done
-- Found ament_cmake: 1.3.8 (/opt/ros/humble/share/ament_cmake/cmake)
-- Found Python3: /usr/bin/python3 (found version "3.10.12") found components: Interpreter 
-- Found rosidl_default_generators: 1.2.0 (/opt/ros/humble/share/rosidl_default_generators/cmake)
-- Using all available rosidl_typesupport_c: rosidl_typesupport_fastrtps_c;rosidl_typesupport_introspection_c
-- Found rosidl_adapter: 3.1.5 (/opt/ros/humble/share/rosidl_adapter/cmake)
-- Using all available rosidl_typesupport_cpp: rosidl_typesupport_fastrtps_cpp;rosidl_typesupport_introspection_cpp
-- Found ament_cmake_ros: 0.10.0 (/opt/ros/humble/share/ament_cmake_ros/cmake)
-- Using all available rosidl_typesupport_c: rosidl_typesupport_fastrtps_c;rosidl_typesupport_introspection_c
-- Using all available rosidl_typesupport_cpp: rosidl_typesupport_fastrtps_cpp;rosidl_typesupport_introspection_cpp
-- Found PythonInterp: /usr/bin/python3 (found suitable version "3.10.12", minimum required is "3.6") 
-- Found python_cmake_module: 0.10.0 (/opt/ros/humble/share/python_cmake_module/cmake)
-- Found PythonLibs: /usr/lib/x86_64-linux-gnu/libpython3.10.so (found suitable version "3.10.12", minimum required is "3.5") 
-- Using PYTHON_EXECUTABLE: /usr/bin/python3
-- Using PYTHON_INCLUDE_DIRS: /usr/include/python3.10
-- Using PYTHON_LIBRARIES: /usr/lib/x86_64-linux-gnu/libpython3.10.so
-- Found PythonExtra: .so  
-- Found ament_lint_auto: 0.12.10 (/opt/ros/humble/share/ament_lint_auto/cmake)
-- Added test 'flake8' to check Python code syntax and style conventions
-- Added test 'lint_cmake' to check CMake code style
-- Added test 'pep257' to check Python code against some of the docstring style conventions in PEP 257
-- Added test 'xmllint' to check XML markup files
-- Configuring done
-- Generating done
-- Build files have been written to: /home/rosbot/arm_ws/build/arm_interfaces
[  1%] [34m[1mGenerating C code for ROS interfaces[0m
[  3%] [34m[1mGenerating C++ code for ROS interfaces[0m
[  3%] Built target ament_cmake_python_copy_arm_interfaces
running egg_info
creating arm_interfaces.egg-info
writing arm_interfaces.egg-info/PKG-INFO
writing dependency_links to arm_interfaces.egg-info/dependency_links.txt
writing top-level names to arm_interfaces.egg-info/top_level.txt
writing manifest file 'arm_interfaces.egg-info/SOURCES.txt'
reading manifest file 'arm_interfaces.egg-info/SOURCES.txt'
writing manifest file 'arm_interfaces.egg-info/SOURCES.txt'
[  3%] Built target ament_cmake_python_build_arm_interfaces_egg
[  3%] Built target arm_interfaces__cpp
[  5%] [34m[1mGenerating C++ type support for eProsima Fast-RTPS[0m
[  7%] [34m[1mGenerating C++ type support dispatch for ROS interfaces[0m
[  9%] [34m[1mGenerating C++ introspection for ROS interfaces[0m
[ 12%] [32mBuilding C object CMakeFiles/arm_interfaces__rosidl_generator_c.dir/rosidl_generator_c/arm_interfaces/msg/detail/motor_cmd__functions.c.o[0m
[ 14%] [32mBuilding C object CMakeFiles/arm_interfaces__rosidl_generator_c.dir/rosidl_generator_c/arm_interfaces/msg/detail/app_params__functions.c.o[0m
[ 14%] [32mBuilding C object CMakeFiles/arm_interfaces__rosidl_generator_c.dir/rosidl_generator_c/arm_interfaces/srv/detail/sensor_feedback__functions.c.o[0m
[ 16%] [32mBuilding C object CMakeFiles/arm_interfaces__rosidl_generator_c.dir/rosidl_generator_c/arm_interfaces/msg/detail/sensor_data__functions.c.o[0m
[ 18%] [32m[1mLinking C shared library libarm_interfaces__rosidl_generator_c.so[0m
[ 18%] Built target arm_interfaces__rosidl_generator_c
[ 23%] [34m[1mGenerating C introspection for ROS interfaces[0m
[ 23%] [34m[1mGenerating C type support dispatch for ROS interfaces[0m
[ 23%] [34m[1mGenerating C type support for eProsima Fast-RTPS[0m
[ 30%] [32mBuilding CXX object CMakeFiles/arm_interfaces__rosidl_typesupport_cpp.dir/rosidl_typesupport_cpp/arm_interfaces/msg/sensor_data__type_support.cpp.o[0m
[ 30%] [32mBuilding CXX object CMakeFiles/arm_interfaces__rosidl_typesupport_cpp.dir/rosidl_typesupport_cpp/arm_interfaces/msg/app_params__type_support.cpp.o[0m
[ 30%] [32mBuilding CXX object CMakeFiles/arm_interfaces__rosidl_typesupport_cpp.dir/rosidl_typesupport_cpp/arm_interfaces/srv/sensor_feedback__type_support.cpp.o[0m
[ 30%] [32mBuilding CXX object CMakeFiles/arm_interfaces__rosidl_typesupport_cpp.dir/rosidl_typesupport_cpp/arm_interfaces/msg/motor_cmd__type_support.cpp.o[0m
[ 36%] [32mBuilding CXX object CMakeFiles/arm_interfaces__rosidl_typesupport_introspection_cpp.dir/rosidl_typesupport_introspection_cpp/arm_interfaces/msg/detail/sensor_data__type_support.cpp.o[0m
[ 38%] [32mBuilding CXX object CMakeFiles/arm_interfaces__rosidl_typesupport_introspection_cpp.dir/rosidl_typesupport_introspection_cpp/arm_interfaces/msg/detail/app_params__type_support.cpp.o[0m
[ 36%] [32mBuilding CXX object CMakeFiles/arm_interfaces__rosidl_typesupport_introspection_cpp.dir/rosidl_typesupport_introspection_cpp/arm_interfaces/srv/detail/sensor_feedback__type_support.cpp.o[0m
[ 38%] [32mBuilding CXX object CMakeFiles/arm_interfaces__rosidl_typesupport_introspection_cpp.dir/rosidl_typesupport_introspection_cpp/arm_interfaces/msg/detail/motor_cmd__type_support.cpp.o[0m
[ 40%] [32mBuilding CXX object CMakeFiles/arm_interfaces__rosidl_typesupport_c.dir/rosidl_typesupport_c/arm_interfaces/msg/sensor_data__type_support.cpp.o[0m
[ 41%] [32mBuilding CXX object CMakeFiles/arm_interfaces__rosidl_typesupport_fastrtps_cpp.dir/rosidl_typesupport_fastrtps_cpp/arm_interfaces/msg/detail/dds_fastrtps/sensor_data__type_support.cpp.o[0m
[ 43%] [32mBuilding CXX object CMakeFiles/arm_interfaces__rosidl_typesupport_c.dir/rosidl_typesupport_c/arm_interfaces/msg/motor_cmd__type_support.cpp.o[0m
[ 45%] [32mBuilding CXX object CMakeFiles/arm_interfaces__rosidl_typesupport_c.dir/rosidl_typesupport_c/arm_interfaces/msg/app_params__type_support.cpp.o[0m
[ 47%] [32mBuilding CXX object CMakeFiles/arm_interfaces__rosidl_typesupport_c.dir/rosidl_typesupport_c/arm_interfaces/srv/sensor_feedback__type_support.cpp.o[0m
[ 49%] [32m[1mLinking CXX shared library libarm_interfaces__rosidl_typesupport_c.so[0m
[ 50%] [32mBuilding C object CMakeFiles/arm_interfaces__rosidl_typesupport_introspection_c.dir/rosidl_typesupport_introspection_c/arm_interfaces/msg/detail/sensor_data__type_support.c.o[0m
[ 50%] Built target arm_interfaces__rosidl_typesupport_c
[ 52%] [32mBuilding C object CMakeFiles/arm_interfaces__rosidl_typesupport_introspection_c.dir/rosidl_typesupport_introspection_c/arm_interfaces/msg/detail/motor_cmd__type_support.c.o[0m
[ 54%] [32mBuilding CXX object CMakeFiles/arm_interfaces__rosidl_typesupport_fastrtps_cpp.dir/rosidl_typesupport_fastrtps_cpp/arm_interfaces/msg/detail/dds_fastrtps/motor_cmd__type_support.cpp.o[0m
[ 58%] [32mBuilding C object CMakeFiles/arm_interfaces__rosidl_typesupport_introspection_c.dir/rosidl_typesupport_introspection_c/arm_interfaces/msg/detail/app_params__type_support.c.o[0m
[ 58%] [32mBuilding CXX object CMakeFiles/arm_interfaces__rosidl_typesupport_fastrtps_cpp.dir/rosidl_typesupport_fastrtps_cpp/arm_interfaces/msg/detail/dds_fastrtps/app_params__type_support.cpp.o[0m
[ 60%] [32mBuilding CXX object CMakeFiles/arm_interfaces__rosidl_typesupport_fastrtps_c.dir/rosidl_typesupport_fastrtps_c/arm_interfaces/msg/detail/sensor_data__type_support_c.cpp.o[0m
[ 61%] [32mBuilding C object CMakeFiles/arm_interfaces__rosidl_typesupport_introspection_c.dir/rosidl_typesupport_introspection_c/arm_interfaces/srv/detail/sensor_feedback__type_support.c.o[0m
[ 63%] [32m[1mLinking CXX shared library libarm_interfaces__rosidl_typesupport_cpp.so[0m
[ 65%] [32mBuilding CXX object CMakeFiles/arm_interfaces__rosidl_typesupport_fastrtps_c.dir/rosidl_typesupport_fastrtps_c/arm_interfaces/msg/detail/motor_cmd__type_support_c.cpp.o[0m
[ 67%] [32mBuilding CXX object CMakeFiles/arm_interfaces__rosidl_typesupport_fastrtps_c.dir/rosidl_typesupport_fastrtps_c/arm_interfaces/msg/detail/app_params__type_support_c.cpp.o[0m
[ 69%] [32m[1mLinking C shared library libarm_interfaces__rosidl_typesupport_introspection_c.so[0m
[ 69%] Built target arm_interfaces__rosidl_typesupport_cpp
[ 70%] [32mBuilding CXX object CMakeFiles/arm_interfaces__rosidl_typesupport_fastrtps_c.dir/rosidl_typesupport_fastrtps_c/arm_interfaces/srv/detail/sensor_feedback__type_support_c.cpp.o[0m
[ 70%] Built target arm_interfaces__rosidl_typesupport_introspection_c
[ 72%] [32mBuilding CXX object CMakeFiles/arm_interfaces__rosidl_typesupport_fastrtps_cpp.dir/rosidl_typesupport_fastrtps_cpp/arm_interfaces/srv/detail/dds_fastrtps/sensor_feedback__type_support.cpp.o[0m
[ 74%] [32m[1mLinking CXX shared library libarm_interfaces__rosidl_typesupport_introspection_cpp.so[0m
[ 74%] Built target arm_interfaces__rosidl_typesupport_introspection_cpp
[ 76%] [32m[1mLinking CXX shared library libarm_interfaces__rosidl_typesupport_fastrtps_c.so[0m
[ 76%] Built target arm_interfaces__rosidl_typesupport_fastrtps_c
[ 78%] [32m[1mLinking CXX shared library libarm_interfaces__rosidl_typesupport_fastrtps_cpp.so[0m
[ 78%] Built target arm_interfaces__rosidl_typesupport_fastrtps_cpp
[ 78%] Built target arm_interfaces
[ 80%] [34m[1mGenerating Python code for ROS interfaces[0m
[ 80%] Built target arm_interfaces__py
[ 85%] [32mBuilding C object CMakeFiles/arm_interfaces__rosidl_generator_py.dir/rosidl_generator_py/arm_interfaces/srv/_sensor_feedback_s.c.o[0m
[ 85%] [32mBuilding C object CMakeFiles/arm_interfaces__rosidl_generator_py.dir/rosidl_generator_py/arm_interfaces/msg/_motor_cmd_s.c.o[0m
[ 85%] [32mBuilding C object CMakeFiles/arm_interfaces__rosidl_generator_py.dir/rosidl_generator_py/arm_interfaces/msg/_app_params_s.c.o[0m
[ 87%] [32mBuilding C object CMakeFiles/arm_interfaces__rosidl_generator_py.dir/rosidl_generator_py/arm_interfaces/msg/_sensor_data_s.c.o[0m
[ 89%] [32m[1mLinking C shared library rosidl_generator_py/arm_interfaces/libarm_interfaces__rosidl_generator_py.so[0m
[ 89%] Built target arm_interfaces__rosidl_generator_py
[ 94%] [32mBuilding C object CMakeFiles/arm_interfaces__rosidl_typesupport_introspection_c__pyext.dir/rosidl_generator_py/arm_interfaces/_arm_interfaces_s.ep.rosidl_typesupport_introspection_c.c.o[0m
[ 94%] [32mBuilding C object CMakeFiles/arm_interfaces__rosidl_typesupport_fastrtps_c__pyext.dir/rosidl_generator_py/arm_interfaces/_arm_interfaces_s.ep.rosidl_typesupport_fastrtps_c.c.o[0m
[ 94%] [32mBuilding C object CMakeFiles/arm_interfaces__rosidl_typesupport_c__pyext.dir/rosidl_generator_py/arm_interfaces/_arm_interfaces_s.ep.rosidl_typesupport_c.c.o[0m
[ 98%] [32m[1mLinking C shared library rosidl_generator_py/arm_interfaces/arm_interfaces_s__rosidl_typesupport_c.cpython-310-x86_64-linux-gnu.so[0m
[ 98%] [32m[1mLinking C shared library rosidl_generator_py/arm_interfaces/arm_interfaces_s__rosidl_typesupport_introspection_c.cpython-310-x86_64-linux-gnu.so[0m
[100%] [32m[1mLinking C shared library rosidl_generator_py/arm_interfaces/arm_interfaces_s__rosidl_typesupport_fastrtps_c.cpython-310-x86_64-linux-gnu.so[0m
[100%] Built target arm_interfaces__rosidl_typesupport_introspection_c__pyext
[100%] Built target arm_interfaces__rosidl_typesupport_c__pyext
[100%] Built target arm_interfaces__rosidl_typesupport_fastrtps_c__pyext
-- Install configuration: ""
-- Installing: /home/rosbot/arm_ws/install/arm_interfaces/share/arm_interfaces/launch
-- Installing: /home/rosbot/arm_ws/install/arm_interfaces/share/arm_interfaces/launch/kinco.launch.py
-- Installing: /home/rosbot/arm_ws/install/arm_interfaces/share/ament_index/resource_index/rosidl_interfaces/arm_interfaces
-- Installing: /home/rosbot/arm_ws/install/arm_interfaces/include/arm_interfaces/arm_interfaces
-- Installing: /home/rosbot/arm_ws/install/arm_interfaces/include/arm_interfaces/arm_interfaces/msg
-- Installing: /home/rosbot/arm_ws/install/arm_interfaces/include/arm_interfaces/arm_interfaces/msg/detail
-- Installing: /home/rosbot/arm_ws/install/arm_interfaces/include/arm_interfaces/arm_interfaces/msg/detail/sensor_data__functions.c
-- Installing: /home/rosbot/arm_ws/install/arm_interfaces/include/arm_interfaces/arm_interfaces/msg/detail/motor_cmd__functions.c
-- Installing: /home/rosbot/arm_ws/install/arm_interfaces/include/arm_interfaces/arm_interfaces/msg/detail/app_params__struct.h
-- Installing: /home/rosbot/arm_ws/install/arm_interfaces/include/arm_interfaces/arm_interfaces/msg/detail/motor_cmd__functions.h
-- Installing: /home/rosbot/arm_ws/install/arm_interfaces/include/arm_interfaces/arm_interfaces/msg/detail/sensor_data__struct.h
-- Installing: /home/rosbot/arm_ws/install/arm_interfaces/include/arm_interfaces/arm_interfaces/msg/detail/sensor_data__functions.h
-- Installing: /home/rosbot/arm_ws/install/arm_interfaces/include/arm_interfaces/arm_interfaces/msg/detail/motor_cmd__struct.h
-- Installing: /home/rosbot/arm_ws/install/arm_interfaces/include/arm_interfaces/arm_interfaces/msg/detail/app_params__functions.h
-- Installing: /home/rosbot/arm_ws/install/arm_interfaces/include/arm_interfaces/arm_interfaces/msg/detail/app_params__type_support.h
-- Installing: /home/rosbot/arm_ws/install/arm_interfaces/include/arm_interfaces/arm_interfaces/msg/detail/motor_cmd__type_support.h
-- Installing: /home/rosbot/arm_ws/install/arm_interfaces/include/arm_interfaces/arm_interfaces/msg/detail/app_params__functions.c
-- Installing: /home/rosbot/arm_ws/install/arm_interfaces/include/arm_interfaces/arm_interfaces/msg/detail/sensor_data__type_support.h
-- Installing: /home/rosbot/arm_ws/install/arm_interfaces/include/arm_interfaces/arm_interfaces/msg/motor_cmd.h
-- Installing: /home/rosbot/arm_ws/install/arm_interfaces/include/arm_interfaces/arm_interfaces/msg/app_params.h
-- Installing: /home/rosbot/arm_ws/install/arm_interfaces/include/arm_interfaces/arm_interfaces/msg/sensor_data.h
-- Installing: /home/rosbot/arm_ws/install/arm_interfaces/include/arm_interfaces/arm_interfaces/msg/rosidl_generator_c__visibility_control.h
-- Installing: /home/rosbot/arm_ws/install/arm_interfaces/include/arm_interfaces/arm_interfaces/srv
-- Installing: /home/rosbot/arm_ws/install/arm_interfaces/include/arm_interfaces/arm_interfaces/srv/sensor_feedback.h
-- Installing: /home/rosbot/arm_ws/install/arm_interfaces/include/arm_interfaces/arm_interfaces/srv/detail
-- Installing: /home/rosbot/arm_ws/install/arm_interfaces/include/arm_interfaces/arm_interfaces/srv/detail/sensor_feedback__struct.h
-- Installing: /home/rosbot/arm_ws/install/arm_interfaces/include/arm_interfaces/arm_interfaces/srv/detail/sensor_feedback__functions.c
-- Installing: /home/rosbot/arm_ws/install/arm_interfaces/include/arm_interfaces/arm_interfaces/srv/detail/sensor_feedback__functions.h
-- Installing: /home/rosbot/arm_ws/install/arm_interfaces/include/arm_interfaces/arm_interfaces/srv/detail/sensor_feedback__type_support.h
-- Installing: /home/rosbot/arm_ws/install/arm_interfaces/share/arm_interfaces/environment/library_path.sh
-- Installing: /home/rosbot/arm_ws/install/arm_interfaces/share/arm_interfaces/environment/library_path.dsv
-- Installing: /home/rosbot/arm_ws/install/arm_interfaces/lib/libarm_interfaces__rosidl_generator_c.so
-- Set runtime path of "/home/rosbot/arm_ws/install/arm_interfaces/lib/libarm_interfaces__rosidl_generator_c.so" to ""
-- Up-to-date: /home/rosbot/arm_ws/install/arm_interfaces/include/arm_interfaces/arm_interfaces
-- Up-to-date: /home/rosbot/arm_ws/install/arm_interfaces/include/arm_interfaces/arm_interfaces/msg
-- Installing: /home/rosbot/arm_ws/install/arm_interfaces/include/arm_interfaces/arm_interfaces/msg/rosidl_typesupport_fastrtps_c__visibility_control.h
-- Up-to-date: /home/rosbot/arm_ws/install/arm_interfaces/include/arm_interfaces/arm_interfaces/msg/detail
-- Installing: /home/rosbot/arm_ws/install/arm_interfaces/include/arm_interfaces/arm_interfaces/msg/detail/sensor_data__rosidl_typesupport_fastrtps_c.h
-- Installing: /home/rosbot/arm_ws/install/arm_interfaces/include/arm_interfaces/arm_interfaces/msg/detail/motor_cmd__rosidl_typesupport_fastrtps_c.h
-- Installing: /home/rosbot/arm_ws/install/arm_interfaces/include/arm_interfaces/arm_interfaces/msg/detail/app_params__rosidl_typesupport_fastrtps_c.h
-- Up-to-date: /home/rosbot/arm_ws/install/arm_interfaces/include/arm_interfaces/arm_interfaces/srv
-- Up-to-date: /home/rosbot/arm_ws/install/arm_interfaces/include/arm_interfaces/arm_interfaces/srv/detail
-- Installing: /home/rosbot/arm_ws/install/arm_interfaces/include/arm_interfaces/arm_interfaces/srv/detail/sensor_feedback__rosidl_typesupport_fastrtps_c.h
-- Installing: /home/rosbot/arm_ws/install/arm_interfaces/lib/libarm_interfaces__rosidl_typesupport_fastrtps_c.so
-- Set runtime path of "/home/rosbot/arm_ws/install/arm_interfaces/lib/libarm_interfaces__rosidl_typesupport_fastrtps_c.so" to ""
-- Up-to-date: /home/rosbot/arm_ws/install/arm_interfaces/include/arm_interfaces/arm_interfaces
-- Up-to-date: /home/rosbot/arm_ws/install/arm_interfaces/include/arm_interfaces/arm_interfaces/msg
-- Up-to-date: /home/rosbot/arm_ws/install/arm_interfaces/include/arm_interfaces/arm_interfaces/msg/detail
-- Installing: /home/rosbot/arm_ws/install/arm_interfaces/include/arm_interfaces/arm_interfaces/msg/detail/sensor_data__type_support.c
-- Installing: /home/rosbot/arm_ws/install/arm_interfaces/include/arm_interfaces/arm_interfaces/msg/detail/motor_cmd__type_support.c
-- Installing: /home/rosbot/arm_ws/install/arm_interfaces/include/arm_interfaces/arm_interfaces/msg/detail/app_params__rosidl_typesupport_introspection_c.h
-- Installing: /home/rosbot/arm_ws/install/arm_interfaces/include/arm_interfaces/arm_interfaces/msg/detail/app_params__type_support.c
-- Installing: /home/rosbot/arm_ws/install/arm_interfaces/include/arm_interfaces/arm_interfaces/msg/detail/motor_cmd__rosidl_typesupport_introspection_c.h
-- Installing: /home/rosbot/arm_ws/install/arm_interfaces/include/arm_interfaces/arm_interfaces/msg/detail/sensor_data__rosidl_typesupport_introspection_c.h
-- Installing: /home/rosbot/arm_ws/install/arm_interfaces/include/arm_interfaces/arm_interfaces/msg/rosidl_typesupport_introspection_c__visibility_control.h
-- Up-to-date: /home/rosbot/arm_ws/install/arm_interfaces/include/arm_interfaces/arm_interfaces/srv
-- Up-to-date: /home/rosbot/arm_ws/install/arm_interfaces/include/arm_interfaces/arm_interfaces/srv/detail
-- Installing: /home/rosbot/arm_ws/install/arm_interfaces/include/arm_interfaces/arm_interfaces/srv/detail/sensor_feedback__rosidl_typesupport_introspection_c.h
-- Installing: /home/rosbot/arm_ws/install/arm_interfaces/include/arm_interfaces/arm_interfaces/srv/detail/sensor_feedback__type_support.c
-- Installing: /home/rosbot/arm_ws/install/arm_interfaces/lib/libarm_interfaces__rosidl_typesupport_introspection_c.so
-- Set runtime path of "/home/rosbot/arm_ws/install/arm_interfaces/lib/libarm_interfaces__rosidl_typesupport_introspection_c.so" to ""
-- Installing: /home/rosbot/arm_ws/install/arm_interfaces/lib/libarm_interfaces__rosidl_typesupport_c.so
-- Set runtime path of "/home/rosbot/arm_ws/install/arm_interfaces/lib/libarm_interfaces__rosidl_typesupport_c.so" to ""
-- Up-to-date: /home/rosbot/arm_ws/install/arm_interfaces/include/arm_interfaces/arm_interfaces
-- Up-to-date: /home/rosbot/arm_ws/install/arm_interfaces/include/arm_interfaces/arm_interfaces/msg
-- Installing: /home/rosbot/arm_ws/install/arm_interfaces/include/arm_interfaces/arm_interfaces/msg/motor_cmd.hpp
-- Installing: /home/rosbot/arm_ws/install/arm_interfaces/include/arm_interfaces/arm_interfaces/msg/sensor_data.hpp
-- Up-to-date: /home/rosbot/arm_ws/install/arm_interfaces/include/arm_interfaces/arm_interfaces/msg/detail
-- Installing: /home/rosbot/arm_ws/install/arm_interfaces/include/arm_interfaces/arm_interfaces/msg/detail/sensor_data__struct.hpp
-- Installing: /home/rosbot/arm_ws/install/arm_interfaces/include/arm_interfaces/arm_interfaces/msg/detail/motor_cmd__traits.hpp
-- Installing: /home/rosbot/arm_ws/install/arm_interfaces/include/arm_interfaces/arm_interfaces/msg/detail/sensor_data__builder.hpp
-- Installing: /home/rosbot/arm_ws/install/arm_interfaces/include/arm_interfaces/arm_interfaces/msg/detail/app_params__struct.hpp
-- Installing: /home/rosbot/arm_ws/install/arm_interfaces/include/arm_interfaces/arm_interfaces/msg/detail/motor_cmd__builder.hpp
-- Installing: /home/rosbot/arm_ws/install/arm_interfaces/include/arm_interfaces/arm_interfaces/msg/detail/app_params__traits.hpp
-- Installing: /home/rosbot/arm_ws/install/arm_interfaces/include/arm_interfaces/arm_interfaces/msg/detail/app_params__builder.hpp
-- Installing: /home/rosbot/arm_ws/install/arm_interfaces/include/arm_interfaces/arm_interfaces/msg/detail/sensor_data__traits.hpp
-- Installing: /home/rosbot/arm_ws/install/arm_interfaces/include/arm_interfaces/arm_interfaces/msg/detail/motor_cmd__struct.hpp
-- Installing: /home/rosbot/arm_ws/install/arm_interfaces/include/arm_interfaces/arm_interfaces/msg/app_params.hpp
-- Up-to-date: /home/rosbot/arm_ws/install/arm_interfaces/include/arm_interfaces/arm_interfaces/srv
-- Installing: /home/rosbot/arm_ws/install/arm_interfaces/include/arm_interfaces/arm_interfaces/srv/sensor_feedback.hpp
-- Up-to-date: /home/rosbot/arm_ws/install/arm_interfaces/include/arm_interfaces/arm_interfaces/srv/detail
-- Installing: /home/rosbot/arm_ws/install/arm_interfaces/include/arm_interfaces/arm_interfaces/srv/detail/sensor_feedback__traits.hpp
-- Installing: /home/rosbot/arm_ws/install/arm_interfaces/include/arm_interfaces/arm_interfaces/srv/detail/sensor_feedback__struct.hpp
-- Installing: /home/rosbot/arm_ws/install/arm_interfaces/include/arm_interfaces/arm_interfaces/srv/detail/sensor_feedback__builder.hpp
-- Up-to-date: /home/rosbot/arm_ws/install/arm_interfaces/include/arm_interfaces/arm_interfaces
-- Up-to-date: /home/rosbot/arm_ws/install/arm_interfaces/include/arm_interfaces/arm_interfaces/msg
-- Up-to-date: /home/rosbot/arm_ws/install/arm_interfaces/include/arm_interfaces/arm_interfaces/msg/detail
-- Installing: /home/rosbot/arm_ws/install/arm_interfaces/include/arm_interfaces/arm_interfaces/msg/detail/app_params__rosidl_typesupport_fastrtps_cpp.hpp
-- Installing: /home/rosbot/arm_ws/install/arm_interfaces/include/arm_interfaces/arm_interfaces/msg/detail/motor_cmd__rosidl_typesupport_fastrtps_cpp.hpp
-- Installing: /home/rosbot/arm_ws/install/arm_interfaces/include/arm_interfaces/arm_interfaces/msg/detail/sensor_data__rosidl_typesupport_fastrtps_cpp.hpp
-- Installing: /home/rosbot/arm_ws/install/arm_interfaces/include/arm_interfaces/arm_interfaces/msg/detail/dds_fastrtps
-- Installing: /home/rosbot/arm_ws/install/arm_interfaces/include/arm_interfaces/arm_interfaces/msg/rosidl_typesupport_fastrtps_cpp__visibility_control.h
-- Up-to-date: /home/rosbot/arm_ws/install/arm_interfaces/include/arm_interfaces/arm_interfaces/srv
-- Up-to-date: /home/rosbot/arm_ws/install/arm_interfaces/include/arm_interfaces/arm_interfaces/srv/detail
-- Installing: /home/rosbot/arm_ws/install/arm_interfaces/include/arm_interfaces/arm_interfaces/srv/detail/sensor_feedback__rosidl_typesupport_fastrtps_cpp.hpp
-- Installing: /home/rosbot/arm_ws/install/arm_interfaces/include/arm_interfaces/arm_interfaces/srv/detail/dds_fastrtps
-- Installing: /home/rosbot/arm_ws/install/arm_interfaces/lib/libarm_interfaces__rosidl_typesupport_fastrtps_cpp.so
-- Set runtime path of "/home/rosbot/arm_ws/install/arm_interfaces/lib/libarm_interfaces__rosidl_typesupport_fastrtps_cpp.so" to ""
-- Up-to-date: /home/rosbot/arm_ws/install/arm_interfaces/include/arm_interfaces/arm_interfaces
-- Up-to-date: /home/rosbot/arm_ws/install/arm_interfaces/include/arm_interfaces/arm_interfaces/msg
-- Up-to-date: /home/rosbot/arm_ws/install/arm_interfaces/include/arm_interfaces/arm_interfaces/msg/detail
-- Installing: /home/rosbot/arm_ws/install/arm_interfaces/include/arm_interfaces/arm_interfaces/msg/detail/sensor_data__type_support.cpp
-- Installing: /home/rosbot/arm_ws/install/arm_interfaces/include/arm_interfaces/arm_interfaces/msg/detail/motor_cmd__type_support.cpp
-- Installing: /home/rosbot/arm_ws/install/arm_interfaces/include/arm_interfaces/arm_interfaces/msg/detail/app_params__type_support.cpp
-- Installing: /home/rosbot/arm_ws/install/arm_interfaces/include/arm_interfaces/arm_interfaces/msg/detail/sensor_data__rosidl_typesupport_introspection_cpp.hpp
-- Installing: /home/rosbot/arm_ws/install/arm_interfaces/include/arm_interfaces/arm_interfaces/msg/detail/motor_cmd__rosidl_typesupport_introspection_cpp.hpp
-- Installing: /home/rosbot/arm_ws/install/arm_interfaces/include/arm_interfaces/arm_interfaces/msg/detail/app_params__rosidl_typesupport_introspection_cpp.hpp
-- Up-to-date: /home/rosbot/arm_ws/install/arm_interfaces/include/arm_interfaces/arm_interfaces/srv
-- Up-to-date: /home/rosbot/arm_ws/install/arm_interfaces/include/arm_interfaces/arm_interfaces/srv/detail
-- Installing: /home/rosbot/arm_ws/install/arm_interfaces/include/arm_interfaces/arm_interfaces/srv/detail/sensor_feedback__type_support.cpp
-- Installing: /home/rosbot/arm_ws/install/arm_interfaces/include/arm_interfaces/arm_interfaces/srv/detail/sensor_feedback__rosidl_typesupport_introspection_cpp.hpp
-- Installing: /home/rosbot/arm_ws/install/arm_interfaces/lib/libarm_interfaces__rosidl_typesupport_introspection_cpp.so
-- Set runtime path of "/home/rosbot/arm_ws/install/arm_interfaces/lib/libarm_interfaces__rosidl_typesupport_introspection_cpp.so" to ""
-- Installing: /home/rosbot/arm_ws/install/arm_interfaces/lib/libarm_interfaces__rosidl_typesupport_cpp.so
-- Set runtime path of "/home/rosbot/arm_ws/install/arm_interfaces/lib/libarm_interfaces__rosidl_typesupport_cpp.so" to ""
-- Installing: /home/rosbot/arm_ws/install/arm_interfaces/share/arm_interfaces/environment/pythonpath.sh
-- Installing: /home/rosbot/arm_ws/install/arm_interfaces/share/arm_interfaces/environment/pythonpath.dsv
-- Installing: /home/rosbot/arm_ws/install/arm_interfaces/local/lib/python3.10/dist-packages/arm_interfaces-0.0.0-py3.10.egg-info
-- Installing: /home/rosbot/arm_ws/install/arm_interfaces/local/lib/python3.10/dist-packages/arm_interfaces-0.0.0-py3.10.egg-info/top_level.txt
-- Installing: /home/rosbot/arm_ws/install/arm_interfaces/local/lib/python3.10/dist-packages/arm_interfaces-0.0.0-py3.10.egg-info/dependency_links.txt
-- Installing: /home/rosbot/arm_ws/install/arm_interfaces/local/lib/python3.10/dist-packages/arm_interfaces-0.0.0-py3.10.egg-info/SOURCES.txt
-- Installing: /home/rosbot/arm_ws/install/arm_interfaces/local/lib/python3.10/dist-packages/arm_interfaces-0.0.0-py3.10.egg-info/PKG-INFO
-- Installing: /home/rosbot/arm_ws/install/arm_interfaces/local/lib/python3.10/dist-packages/arm_interfaces
-- Installing: /home/rosbot/arm_ws/install/arm_interfaces/local/lib/python3.10/dist-packages/arm_interfaces/arm_interfaces_s__rosidl_typesupport_introspection_c.cpython-310-x86_64-linux-gnu.so
-- Installing: /home/rosbot/arm_ws/install/arm_interfaces/local/lib/python3.10/dist-packages/arm_interfaces/_arm_interfaces_s.ep.rosidl_typesupport_c.c
-- Installing: /home/rosbot/arm_ws/install/arm_interfaces/local/lib/python3.10/dist-packages/arm_interfaces/arm_interfaces_s__rosidl_typesupport_c.cpython-310-x86_64-linux-gnu.so
-- Installing: /home/rosbot/arm_ws/install/arm_interfaces/local/lib/python3.10/dist-packages/arm_interfaces/msg
-- Installing: /home/rosbot/arm_ws/install/arm_interfaces/local/lib/python3.10/dist-packages/arm_interfaces/msg/_app_params.py
-- Installing: /home/rosbot/arm_ws/install/arm_interfaces/local/lib/python3.10/dist-packages/arm_interfaces/msg/__init__.py
-- Installing: /home/rosbot/arm_ws/install/arm_interfaces/local/lib/python3.10/dist-packages/arm_interfaces/msg/_motor_cmd_s.c
-- Installing: /home/rosbot/arm_ws/install/arm_interfaces/local/lib/python3.10/dist-packages/arm_interfaces/msg/_motor_cmd.py
-- Installing: /home/rosbot/arm_ws/install/arm_interfaces/local/lib/python3.10/dist-packages/arm_interfaces/msg/_sensor_data_s.c
-- Installing: /home/rosbot/arm_ws/install/arm_interfaces/local/lib/python3.10/dist-packages/arm_interfaces/msg/_sensor_data.py
-- Installing: /home/rosbot/arm_ws/install/arm_interfaces/local/lib/python3.10/dist-packages/arm_interfaces/msg/_app_params_s.c
-- Installing: /home/rosbot/arm_ws/install/arm_interfaces/local/lib/python3.10/dist-packages/arm_interfaces/_arm_interfaces_s.ep.rosidl_typesupport_fastrtps_c.c
-- Installing: /home/rosbot/arm_ws/install/arm_interfaces/local/lib/python3.10/dist-packages/arm_interfaces/__init__.py
-- Installing: /home/rosbot/arm_ws/install/arm_interfaces/local/lib/python3.10/dist-packages/arm_interfaces/arm_interfaces_s__rosidl_typesupport_fastrtps_c.cpython-310-x86_64-linux-gnu.so
-- Installing: /home/rosbot/arm_ws/install/arm_interfaces/local/lib/python3.10/dist-packages/arm_interfaces/srv
-- Installing: /home/rosbot/arm_ws/install/arm_interfaces/local/lib/python3.10/dist-packages/arm_interfaces/srv/_sensor_feedback.py
-- Installing: /home/rosbot/arm_ws/install/arm_interfaces/local/lib/python3.10/dist-packages/arm_interfaces/srv/__init__.py
-- Installing: /home/rosbot/arm_ws/install/arm_interfaces/local/lib/python3.10/dist-packages/arm_interfaces/srv/_sensor_feedback_s.c
-- Installing: /home/rosbot/arm_ws/install/arm_interfaces/local/lib/python3.10/dist-packages/arm_interfaces/libarm_interfaces__rosidl_generator_py.so
-- Installing: /home/rosbot/arm_ws/install/arm_interfaces/local/lib/python3.10/dist-packages/arm_interfaces/_arm_interfaces_s.ep.rosidl_typesupport_introspection_c.c
Listing '/home/rosbot/arm_ws/install/arm_interfaces/local/lib/python3.10/dist-packages/arm_interfaces'...
Compiling '/home/rosbot/arm_ws/install/arm_interfaces/local/lib/python3.10/dist-packages/arm_interfaces/__init__.py'...
Listing '/home/rosbot/arm_ws/install/arm_interfaces/local/lib/python3.10/dist-packages/arm_interfaces/msg'...
Compiling '/home/rosbot/arm_ws/install/arm_interfaces/local/lib/python3.10/dist-packages/arm_interfaces/msg/__init__.py'...
Compiling '/home/rosbot/arm_ws/install/arm_interfaces/local/lib/python3.10/dist-packages/arm_interfaces/msg/_app_params.py'...
Compiling '/home/rosbot/arm_ws/install/arm_interfaces/local/lib/python3.10/dist-packages/arm_interfaces/msg/_motor_cmd.py'...
Compiling '/home/rosbot/arm_ws/install/arm_interfaces/local/lib/python3.10/dist-packages/arm_interfaces/msg/_sensor_data.py'...
Listing '/home/rosbot/arm_ws/install/arm_interfaces/local/lib/python3.10/dist-packages/arm_interfaces/srv'...
Compiling '/home/rosbot/arm_ws/install/arm_interfaces/local/lib/python3.10/dist-packages/arm_interfaces/srv/__init__.py'...
Compiling '/home/rosbot/arm_ws/install/arm_interfaces/local/lib/python3.10/dist-packages/arm_interfaces/srv/_sensor_feedback.py'...
-- Installing: /home/rosbot/arm_ws/install/arm_interfaces/local/lib/python3.10/dist-packages/arm_interfaces/arm_interfaces_s__rosidl_typesupport_fastrtps_c.cpython-310-x86_64-linux-gnu.so
-- Set runtime path of "/home/rosbot/arm_ws/install/arm_interfaces/local/lib/python3.10/dist-packages/arm_interfaces/arm_interfaces_s__rosidl_typesupport_fastrtps_c.cpython-310-x86_64-linux-gnu.so" to ""
-- Installing: /home/rosbot/arm_ws/install/arm_interfaces/local/lib/python3.10/dist-packages/arm_interfaces/arm_interfaces_s__rosidl_typesupport_introspection_c.cpython-310-x86_64-linux-gnu.so
-- Set runtime path of "/home/rosbot/arm_ws/install/arm_interfaces/local/lib/python3.10/dist-packages/arm_interfaces/arm_interfaces_s__rosidl_typesupport_introspection_c.cpython-310-x86_64-linux-gnu.so" to ""
-- Installing: /home/rosbot/arm_ws/install/arm_interfaces/local/lib/python3.10/dist-packages/arm_interfaces/arm_interfaces_s__rosidl_typesupport_c.cpython-310-x86_64-linux-gnu.so
-- Set runtime path of "/home/rosbot/arm_ws/install/arm_interfaces/local/lib/python3.10/dist-packages/arm_interfaces/arm_interfaces_s__rosidl_typesupport_c.cpython-310-x86_64-linux-gnu.so" to ""
-- Installing: /home/rosbot/arm_ws/install/arm_interfaces/lib/libarm_interfaces__rosidl_generator_py.so
-- Set runtime path of "/home/rosbot/arm_ws/install/arm_interfaces/lib/libarm_interfaces__rosidl_generator_py.so" to ""
-- Installing: /home/rosbot/arm_ws/install/arm_interfaces/share/arm_interfaces/msg/SensorData.idl
-- Installing: /home/rosbot/arm_ws/install/arm_interfaces/share/arm_interfaces/msg/MotorCmd.idl
-- Installing: /home/rosbot/arm_ws/install/arm_interfaces/share/arm_interfaces/msg/AppParams.idl
-- Installing: /home/rosbot/arm_ws/install/arm_interfaces/share/arm_interfaces/srv/SensorFeedback.idl
-- Installing: /home/rosbot/arm_ws/install/arm_interfaces/share/arm_interfaces/msg/SensorData.msg
-- Installing: /home/rosbot/arm_ws/install/arm_interfaces/share/arm_interfaces/msg/MotorCmd.msg
-- Installing: /home/rosbot/arm_ws/install/arm_interfaces/share/arm_interfaces/msg/AppParams.msg
-- Installing: /home/rosbot/arm_ws/install/arm_interfaces/share/arm_interfaces/srv/SensorFeedback.srv
-- Installing: /home/rosbot/arm_ws/install/arm_interfaces/share/arm_interfaces/srv/SensorFeedback_Request.msg
-- Installing: /home/rosbot/arm_ws/install/arm_interfaces/share/arm_interfaces/srv/SensorFeedback_Response.msg
-- Installing: /home/rosbot/arm_ws/install/arm_interfaces/share/ament_index/resource_index/package_run_dependencies/arm_interfaces
-- Installing: /home/rosbot/arm_ws/install/arm_interfaces/share/ament_index/resource_index/parent_prefix_path/arm_interfaces
-- Installing: /home/rosbot/arm_ws/install/arm_interfaces/share/arm_interfaces/environment/ament_prefix_path.sh
-- Installing: /home/rosbot/arm_ws/install/arm_interfaces/share/arm_interfaces/environment/ament_prefix_path.dsv
-- Installing: /home/rosbot/arm_ws/install/arm_interfaces/share/arm_interfaces/environment/path.sh
-- Installing: /home/rosbot/arm_ws/install/arm_interfaces/share/arm_interfaces/environment/path.dsv
-- Installing: /home/rosbot/arm_ws/install/arm_interfaces/share/arm_interfaces/local_setup.bash
-- Installing: /home/rosbot/arm_ws/install/arm_interfaces/share/arm_interfaces/local_setup.sh
-- Installing: /home/rosbot/arm_ws/install/arm_interfaces/share/arm_interfaces/local_setup.zsh
-- Installing: /home/rosbot/arm_ws/install/arm_interfaces/share/arm_interfaces/local_setup.dsv
-- Installing: /home/rosbot/arm_ws/install/arm_interfaces/share/arm_interfaces/package.dsv
-- Installing: /home/rosbot/arm_ws/install/arm_interfaces/share/ament_index/resource_index/packages/arm_interfaces
-- Installing: /home/rosbot/arm_ws/install/arm_interfaces/share/arm_interfaces/cmake/export_arm_interfaces__rosidl_generator_cExport.cmake
-- Installing: /home/rosbot/arm_ws/install/arm_interfaces/share/arm_interfaces/cmake/export_arm_interfaces__rosidl_generator_cExport-noconfig.cmake
-- Installing: /home/rosbot/arm_ws/install/arm_interfaces/share/arm_interfaces/cmake/export_arm_interfaces__rosidl_typesupport_fastrtps_cExport.cmake
-- Installing: /home/rosbot/arm_ws/install/arm_interfaces/share/arm_interfaces/cmake/export_arm_interfaces__rosidl_typesupport_fastrtps_cExport-noconfig.cmake
-- Installing: /home/rosbot/arm_ws/install/arm_interfaces/share/arm_interfaces/cmake/arm_interfaces__rosidl_typesupport_introspection_cExport.cmake
-- Installing: /home/rosbot/arm_ws/install/arm_interfaces/share/arm_interfaces/cmake/arm_interfaces__rosidl_typesupport_introspection_cExport-noconfig.cmake
-- Installing: /home/rosbot/arm_ws/install/arm_interfaces/share/arm_interfaces/cmake/arm_interfaces__rosidl_typesupport_cExport.cmake
-- Installing: /home/rosbot/arm_ws/install/arm_interfaces/share/arm_interfaces/cmake/arm_interfaces__rosidl_typesupport_cExport-noconfig.cmake
-- Installing: /home/rosbot/arm_ws/install/arm_interfaces/share/arm_interfaces/cmake/export_arm_interfaces__rosidl_generator_cppExport.cmake
-- Installing: /home/rosbot/arm_ws/install/arm_interfaces/share/arm_interfaces/cmake/export_arm_interfaces__rosidl_typesupport_fastrtps_cppExport.cmake
-- Installing: /home/rosbot/arm_ws/install/arm_interfaces/share/arm_interfaces/cmake/export_arm_interfaces__rosidl_typesupport_fastrtps_cppExport-noconfig.cmake
-- Installing: /home/rosbot/arm_ws/install/arm_interfaces/share/arm_interfaces/cmake/arm_interfaces__rosidl_typesupport_introspection_cppExport.cmake
-- Installing: /home/rosbot/arm_ws/install/arm_interfaces/share/arm_interfaces/cmake/arm_interfaces__rosidl_typesupport_introspection_cppExport-noconfig.cmake
-- Installing: /home/rosbot/arm_ws/install/arm_interfaces/share/arm_interfaces/cmake/arm_interfaces__rosidl_typesupport_cppExport.cmake
-- Installing: /home/rosbot/arm_ws/install/arm_interfaces/share/arm_interfaces/cmake/arm_interfaces__rosidl_typesupport_cppExport-noconfig.cmake
-- Installing: /home/rosbot/arm_ws/install/arm_interfaces/share/arm_interfaces/cmake/export_arm_interfaces__rosidl_generator_pyExport.cmake
-- Installing: /home/rosbot/arm_ws/install/arm_interfaces/share/arm_interfaces/cmake/export_arm_interfaces__rosidl_generator_pyExport-noconfig.cmake
-- Installing: /home/rosbot/arm_ws/install/arm_interfaces/share/arm_interfaces/cmake/rosidl_cmake-extras.cmake
-- Installing: /home/rosbot/arm_ws/install/arm_interfaces/share/arm_interfaces/cmake/ament_cmake_export_include_directories-extras.cmake
-- Installing: /home/rosbot/arm_ws/install/arm_interfaces/share/arm_interfaces/cmake/ament_cmake_export_libraries-extras.cmake
-- Installing: /home/rosbot/arm_ws/install/arm_interfaces/share/arm_interfaces/cmake/ament_cmake_export_targets-extras.cmake
-- Installing: /home/rosbot/arm_ws/install/arm_interfaces/share/arm_interfaces/cmake/rosidl_cmake_export_typesupport_targets-extras.cmake
-- Installing: /home/rosbot/arm_ws/install/arm_interfaces/share/arm_interfaces/cmake/ament_cmake_export_dependencies-extras.cmake
-- Installing: /home/rosbot/arm_ws/install/arm_interfaces/share/arm_interfaces/cmake/rosidl_cmake_export_typesupport_libraries-extras.cmake
-- Installing: /home/rosbot/arm_ws/install/arm_interfaces/share/arm_interfaces/cmake/arm_interfacesConfig.cmake
-- Installing: /home/rosbot/arm_ws/install/arm_interfaces/share/arm_interfaces/cmake/arm_interfacesConfig-version.cmake
-- Installing: /home/rosbot/arm_ws/install/arm_interfaces/share/arm_interfaces/package.xml
