[0.538s] Invoking command in '/home/rosbot/arm_ws/src/1DOF_arm_controller': PYTHONPATH=/home/rosbot/arm_ws/build/1DOF_arm_controller/prefix_override:/home/rosbot/arm_ws/install/1DOF_arm_controller/lib/python3.10/site-packages:${PYTHONPATH} /usr/bin/python3 -W ignore:setup.py install is deprecated setup.py egg_info --egg-base ../../build/1DOF_arm_controller build --build-base /home/rosbot/arm_ws/build/1DOF_arm_controller/build install --record /home/rosbot/arm_ws/build/1DOF_arm_controller/install.log --single-version-externally-managed install_data
[0.761s] running egg_info
[0.761s] writing ../../build/1DOF_arm_controller/1DOF_arm_controller.egg-info/PKG-INFO
[0.761s] writing dependency_links to ../../build/1DOF_arm_controller/1DOF_arm_controller.egg-info/dependency_links.txt
[0.762s] writing entry points to ../../build/1DOF_arm_controller/1DOF_arm_controller.egg-info/entry_points.txt
[0.762s] writing requirements to ../../build/1DOF_arm_controller/1DOF_arm_controller.egg-info/requires.txt
[0.762s] writing top-level names to ../../build/1DOF_arm_controller/1DOF_arm_controller.egg-info/top_level.txt
[0.763s] reading manifest file '../../build/1DOF_arm_controller/1DOF_arm_controller.egg-info/SOURCES.txt'
[0.764s] writing manifest file '../../build/1DOF_arm_controller/1DOF_arm_controller.egg-info/SOURCES.txt'
[0.764s] running build
[0.764s] running build_py
[0.765s] running install
[0.765s] running install_lib
[0.766s] running install_data
[0.766s] running install_egg_info
[0.768s] removing '/home/rosbot/arm_ws/install/1DOF_arm_controller/lib/python3.10/site-packages/1DOF_arm_controller-0.0.0-py3.10.egg-info' (and everything under it)
[0.768s] Copying ../../build/1DOF_arm_controller/1DOF_arm_controller.egg-info to /home/rosbot/arm_ws/install/1DOF_arm_controller/lib/python3.10/site-packages/1DOF_arm_controller-0.0.0-py3.10.egg-info
[0.769s] running install_scripts
[0.785s] Installing application_node script to /home/rosbot/arm_ws/install/1DOF_arm_controller/lib/1DOF_arm_controller
[0.785s] Installing gui_node script to /home/rosbot/arm_ws/install/1DOF_arm_controller/lib/1DOF_arm_controller
[0.785s] Installing serial_node script to /home/rosbot/arm_ws/install/1DOF_arm_controller/lib/1DOF_arm_controller
[0.785s] writing list of installed files to '/home/rosbot/arm_ws/build/1DOF_arm_controller/install.log'
[0.801s] Invoked command in '/home/rosbot/arm_ws/src/1DOF_arm_controller' returned '0': PYTHONPATH=/home/rosbot/arm_ws/build/1DOF_arm_controller/prefix_override:/home/rosbot/arm_ws/install/1DOF_arm_controller/lib/python3.10/site-packages:${PYTHONPATH} /usr/bin/python3 -W ignore:setup.py install is deprecated setup.py egg_info --egg-base ../../build/1DOF_arm_controller build --build-base /home/rosbot/arm_ws/build/1DOF_arm_controller/build install --record /home/rosbot/arm_ws/build/1DOF_arm_controller/install.log --single-version-externally-managed install_data
