[0.227s] Invoking command in '/home/rosbot/arm_ws/build/arm_interfaces': CMAKE_PREFIX_PATH=${CMAKE_PREFIX_PATH}:/home/rosbot/arm_ws/install/1DOF_arm_controller:/opt/ros/humble /usr/bin/cmake --build /home/rosbot/arm_ws/build/arm_interfaces -- -j12 -l12
[0.246s] -- Found ament_cmake: 1.3.8 (/opt/ros/humble/share/ament_cmake/cmake)
[0.337s] -- Override CMake install command with custom implementation using symlinks instead of copying resources
[0.343s] -- Found rosidl_default_generators: 1.2.0 (/opt/ros/humble/share/rosidl_default_generators/cmake)
[0.344s] -- Using all available rosidl_typesupport_c: rosidl_typesupport_fastrtps_c;rosidl_typesupport_introspection_c
[0.346s] -- Found rosidl_adapter: 3.1.5 (/opt/ros/humble/share/rosidl_adapter/cmake)
[0.371s] -- Using all available rosidl_typesupport_cpp: rosidl_typesupport_fastrtps_cpp;rosidl_typesupport_introspection_cpp
[0.597s] -- Found ament_cmake_ros: 0.10.0 (/opt/ros/humble/share/ament_cmake_ros/cmake)
[0.735s] -- Using all available rosidl_typesupport_c: rosidl_typesupport_fastrtps_c;rosidl_typesupport_introspection_c
[0.921s] -- Using all available rosidl_typesupport_cpp: rosidl_typesupport_fastrtps_cpp;rosidl_typesupport_introspection_cpp
[0.939s] -- Found python_cmake_module: 0.10.0 (/opt/ros/humble/share/python_cmake_module/cmake)
[0.956s] -- Using PYTHON_EXECUTABLE: /usr/bin/python3
[0.956s] -- Using PYTHON_INCLUDE_DIRS: /usr/include/python3.10
[0.956s] -- Using PYTHON_LIBRARIES: /usr/lib/x86_64-linux-gnu/libpython3.10.so
[0.969s] -- Found ament_lint_auto: 0.12.10 (/opt/ros/humble/share/ament_lint_auto/cmake)
[0.979s] -- Added test 'lint_cmake' to check CMake code style
[0.981s] -- Added test 'xmllint' to check XML markup files
[0.984s] -- Configuring done
[1.019s] -- Generating done
[1.022s] -- Build files have been written to: /home/rosbot/arm_ws/build/arm_interfaces
[1.040s] [  1%] [34m[1mGenerating C code for ROS interfaces[0m
[1.047s] [  3%] [34m[1mGenerating C++ code for ROS interfaces[0m
[1.053s] [  3%] Built target ament_cmake_python_symlink_arm_interfaces
[1.262s] running egg_info
[1.262s] writing arm_interfaces.egg-info/PKG-INFO
[1.262s] writing dependency_links to arm_interfaces.egg-info/dependency_links.txt
[1.263s] writing top-level names to arm_interfaces.egg-info/top_level.txt
[1.264s] reading manifest file 'arm_interfaces.egg-info/SOURCES.txt'
[1.265s] writing manifest file 'arm_interfaces.egg-info/SOURCES.txt'
[1.284s] [  3%] Built target ament_cmake_python_build_arm_interfaces_egg
[1.384s] [  3%] Built target arm_interfaces__cpp
[1.393s] [  5%] [34m[1mGenerating C++ introspection for ROS interfaces[0m
[1.394s] [  7%] [34m[1mGenerating C++ type support dispatch for ROS interfaces[0m
[1.394s] [  9%] [34m[1mGenerating C++ type support for eProsima Fast-RTPS[0m
[1.401s] [35m[1mConsolidate compiler generated dependencies of target arm_interfaces__rosidl_generator_c[0m
[1.410s] [ 14%] [32mBuilding C object CMakeFiles/arm_interfaces__rosidl_generator_c.dir/rosidl_generator_c/arm_interfaces/msg/detail/app_params__functions.c.o[0m
[1.410s] [ 14%] [32mBuilding C object CMakeFiles/arm_interfaces__rosidl_generator_c.dir/rosidl_generator_c/arm_interfaces/msg/detail/sensor_data__functions.c.o[0m
[1.410s] [ 14%] [32mBuilding C object CMakeFiles/arm_interfaces__rosidl_generator_c.dir/rosidl_generator_c/arm_interfaces/msg/detail/motor_cmd__functions.c.o[0m
[1.413s] [ 16%] [32mBuilding C object CMakeFiles/arm_interfaces__rosidl_generator_c.dir/rosidl_generator_c/arm_interfaces/srv/detail/sensor_feedback__functions.c.o[0m
[1.473s] [ 18%] [32m[1mLinking C shared library libarm_interfaces__rosidl_generator_c.so[0m
[1.499s] [ 18%] Built target arm_interfaces__rosidl_generator_c
[1.506s] [ 23%] [34m[1mGenerating C type support dispatch for ROS interfaces[0m
[1.506s] [ 23%] [34m[1mGenerating C type support for eProsima Fast-RTPS[0m
[1.507s] [ 23%] [34m[1mGenerating C introspection for ROS interfaces[0m
[1.666s] [35m[1mConsolidate compiler generated dependencies of target arm_interfaces__rosidl_typesupport_cpp[0m
[1.678s] [ 27%] [32mBuilding CXX object CMakeFiles/arm_interfaces__rosidl_typesupport_cpp.dir/rosidl_typesupport_cpp/arm_interfaces/msg/motor_cmd__type_support.cpp.o[0m
[1.679s] [ 29%] [32mBuilding CXX object CMakeFiles/arm_interfaces__rosidl_typesupport_cpp.dir/rosidl_typesupport_cpp/arm_interfaces/msg/app_params__type_support.cpp.o[0m
[1.679s] [ 30%] [32mBuilding CXX object CMakeFiles/arm_interfaces__rosidl_typesupport_cpp.dir/rosidl_typesupport_cpp/arm_interfaces/srv/sensor_feedback__type_support.cpp.o[0m
[1.679s] [ 30%] [32mBuilding CXX object CMakeFiles/arm_interfaces__rosidl_typesupport_cpp.dir/rosidl_typesupport_cpp/arm_interfaces/msg/sensor_data__type_support.cpp.o[0m
[1.778s] [35m[1mConsolidate compiler generated dependencies of target arm_interfaces__rosidl_typesupport_introspection_cpp[0m
[1.798s] [ 32%] [32mBuilding CXX object CMakeFiles/arm_interfaces__rosidl_typesupport_introspection_cpp.dir/rosidl_typesupport_introspection_cpp/arm_interfaces/srv/detail/sensor_feedback__type_support.cpp.o[0m
[1.803s] [ 34%] [32mBuilding CXX object CMakeFiles/arm_interfaces__rosidl_typesupport_introspection_cpp.dir/rosidl_typesupport_introspection_cpp/arm_interfaces/msg/detail/app_params__type_support.cpp.o[0m
[1.813s] [ 36%] [32mBuilding CXX object CMakeFiles/arm_interfaces__rosidl_typesupport_introspection_cpp.dir/rosidl_typesupport_introspection_cpp/arm_interfaces/msg/detail/sensor_data__type_support.cpp.o[0m
[1.827s] [ 38%] [32mBuilding CXX object CMakeFiles/arm_interfaces__rosidl_typesupport_introspection_cpp.dir/rosidl_typesupport_introspection_cpp/arm_interfaces/msg/detail/motor_cmd__type_support.cpp.o[0m
[1.894s] [35m[1mConsolidate compiler generated dependencies of target arm_interfaces__rosidl_typesupport_c[0m
[1.965s] [ 40%] [32mBuilding CXX object CMakeFiles/arm_interfaces__rosidl_typesupport_c.dir/rosidl_typesupport_c/arm_interfaces/msg/sensor_data__type_support.cpp.o[0m
[2.019s] [35m[1mConsolidate compiler generated dependencies of target arm_interfaces__rosidl_typesupport_fastrtps_cpp[0m
[2.040s] [ 41%] [32mBuilding CXX object CMakeFiles/arm_interfaces__rosidl_typesupport_fastrtps_cpp.dir/rosidl_typesupport_fastrtps_cpp/arm_interfaces/msg/detail/dds_fastrtps/sensor_data__type_support.cpp.o[0m
[2.042s] [ 43%] [32mBuilding CXX object CMakeFiles/arm_interfaces__rosidl_typesupport_c.dir/rosidl_typesupport_c/arm_interfaces/msg/motor_cmd__type_support.cpp.o[0m
[2.058s] [35m[1mConsolidate compiler generated dependencies of target arm_interfaces__rosidl_typesupport_introspection_c[0m
[2.074s] [ 45%] [32mBuilding C object CMakeFiles/arm_interfaces__rosidl_typesupport_introspection_c.dir/rosidl_typesupport_introspection_c/arm_interfaces/msg/detail/sensor_data__type_support.c.o[0m
[2.075s] [ 47%] [32mBuilding C object CMakeFiles/arm_interfaces__rosidl_typesupport_introspection_c.dir/rosidl_typesupport_introspection_c/arm_interfaces/msg/detail/motor_cmd__type_support.c.o[0m
[2.086s] [ 49%] [32mBuilding CXX object CMakeFiles/arm_interfaces__rosidl_typesupport_c.dir/rosidl_typesupport_c/arm_interfaces/msg/app_params__type_support.cpp.o[0m
[2.087s] [ 50%] [32mBuilding C object CMakeFiles/arm_interfaces__rosidl_typesupport_introspection_c.dir/rosidl_typesupport_introspection_c/arm_interfaces/msg/detail/app_params__type_support.c.o[0m
[2.096s] [ 52%] [32mBuilding CXX object CMakeFiles/arm_interfaces__rosidl_typesupport_fastrtps_cpp.dir/rosidl_typesupport_fastrtps_cpp/arm_interfaces/msg/detail/dds_fastrtps/motor_cmd__type_support.cpp.o[0m
[2.096s] [ 54%] [32m[1mLinking CXX shared library libarm_interfaces__rosidl_typesupport_cpp.so[0m
[2.130s] [ 56%] [32mBuilding C object CMakeFiles/arm_interfaces__rosidl_typesupport_introspection_c.dir/rosidl_typesupport_introspection_c/arm_interfaces/srv/detail/sensor_feedback__type_support.c.o[0m
[2.154s] [35m[1mConsolidate compiler generated dependencies of target arm_interfaces__rosidl_typesupport_fastrtps_c[0m
[2.159s] [ 58%] [32mBuilding CXX object CMakeFiles/arm_interfaces__rosidl_typesupport_c.dir/rosidl_typesupport_c/arm_interfaces/srv/sensor_feedback__type_support.cpp.o[0m
[2.177s] [ 60%] [32mBuilding CXX object CMakeFiles/arm_interfaces__rosidl_typesupport_fastrtps_cpp.dir/rosidl_typesupport_fastrtps_cpp/arm_interfaces/msg/detail/dds_fastrtps/app_params__type_support.cpp.o[0m
[2.186s] [ 60%] Built target arm_interfaces__rosidl_typesupport_cpp
[2.188s] [ 61%] [32mBuilding CXX object CMakeFiles/arm_interfaces__rosidl_typesupport_fastrtps_c.dir/rosidl_typesupport_fastrtps_c/arm_interfaces/msg/detail/sensor_data__type_support_c.cpp.o[0m
[2.192s] [ 63%] [32m[1mLinking C shared library libarm_interfaces__rosidl_typesupport_introspection_c.so[0m
[2.195s] [ 65%] [32mBuilding CXX object CMakeFiles/arm_interfaces__rosidl_typesupport_fastrtps_cpp.dir/rosidl_typesupport_fastrtps_cpp/arm_interfaces/srv/detail/dds_fastrtps/sensor_feedback__type_support.cpp.o[0m
[2.207s] [ 67%] [32mBuilding CXX object CMakeFiles/arm_interfaces__rosidl_typesupport_fastrtps_c.dir/rosidl_typesupport_fastrtps_c/arm_interfaces/msg/detail/motor_cmd__type_support_c.cpp.o[0m
[2.220s] [ 69%] [32m[1mLinking CXX shared library libarm_interfaces__rosidl_typesupport_c.so[0m
[2.308s] [ 69%] Built target arm_interfaces__rosidl_typesupport_introspection_c
[2.351s] [ 69%] Built target arm_interfaces__rosidl_typesupport_c
[2.382s] [ 70%] [32mBuilding CXX object CMakeFiles/arm_interfaces__rosidl_typesupport_fastrtps_c.dir/rosidl_typesupport_fastrtps_c/arm_interfaces/msg/detail/app_params__type_support_c.cpp.o[0m
[2.383s] [ 72%] [32mBuilding CXX object CMakeFiles/arm_interfaces__rosidl_typesupport_fastrtps_c.dir/rosidl_typesupport_fastrtps_c/arm_interfaces/srv/detail/sensor_feedback__type_support_c.cpp.o[0m
[2.444s] [ 74%] [32m[1mLinking CXX shared library libarm_interfaces__rosidl_typesupport_introspection_cpp.so[0m
[2.500s] [ 74%] Built target arm_interfaces__rosidl_typesupport_introspection_cpp
[2.791s] [ 76%] [32m[1mLinking CXX shared library libarm_interfaces__rosidl_typesupport_fastrtps_cpp.so[0m
[2.848s] [ 78%] [32m[1mLinking CXX shared library libarm_interfaces__rosidl_typesupport_fastrtps_c.so[0m
[2.868s] [ 78%] Built target arm_interfaces__rosidl_typesupport_fastrtps_cpp
[2.918s] [ 78%] Built target arm_interfaces__rosidl_typesupport_fastrtps_c
[2.933s] [ 78%] Built target arm_interfaces
[2.949s] [ 80%] [34m[1mGenerating Python code for ROS interfaces[0m
[3.620s] [ 80%] Built target arm_interfaces__py
[3.630s] [35m[1mConsolidate compiler generated dependencies of target arm_interfaces__rosidl_generator_py[0m
[3.642s] [ 87%] [32mBuilding C object CMakeFiles/arm_interfaces__rosidl_generator_py.dir/rosidl_generator_py/arm_interfaces/msg/_motor_cmd_s.c.o[0m
[3.642s] [ 87%] [32mBuilding C object CMakeFiles/arm_interfaces__rosidl_generator_py.dir/rosidl_generator_py/arm_interfaces/msg/_app_params_s.c.o[0m
[3.642s] [ 87%] [32mBuilding C object CMakeFiles/arm_interfaces__rosidl_generator_py.dir/rosidl_generator_py/arm_interfaces/srv/_sensor_feedback_s.c.o[0m
[3.642s] [ 87%] [32mBuilding C object CMakeFiles/arm_interfaces__rosidl_generator_py.dir/rosidl_generator_py/arm_interfaces/msg/_sensor_data_s.c.o[0m
[3.749s] [ 89%] [32m[1mLinking C shared library rosidl_generator_py/arm_interfaces/libarm_interfaces__rosidl_generator_py.so[0m
[3.779s] [ 89%] Built target arm_interfaces__rosidl_generator_py
[3.787s] [35m[1mConsolidate compiler generated dependencies of target arm_interfaces__rosidl_typesupport_introspection_c__pyext[0m
[3.787s] [35m[1mConsolidate compiler generated dependencies of target arm_interfaces__rosidl_typesupport_fastrtps_c__pyext[0m
[3.787s] [35m[1mConsolidate compiler generated dependencies of target arm_interfaces__rosidl_typesupport_c__pyext[0m
[3.797s] [ 94%] [32mBuilding C object CMakeFiles/arm_interfaces__rosidl_typesupport_c__pyext.dir/rosidl_generator_py/arm_interfaces/_arm_interfaces_s.ep.rosidl_typesupport_c.c.o[0m
[3.797s] [ 94%] [32mBuilding C object CMakeFiles/arm_interfaces__rosidl_typesupport_introspection_c__pyext.dir/rosidl_generator_py/arm_interfaces/_arm_interfaces_s.ep.rosidl_typesupport_introspection_c.c.o[0m
[3.797s] [ 94%] [32mBuilding C object CMakeFiles/arm_interfaces__rosidl_typesupport_fastrtps_c__pyext.dir/rosidl_generator_py/arm_interfaces/_arm_interfaces_s.ep.rosidl_typesupport_fastrtps_c.c.o[0m
[3.880s] [ 96%] [32m[1mLinking C shared library rosidl_generator_py/arm_interfaces/arm_interfaces_s__rosidl_typesupport_introspection_c.cpython-310-x86_64-linux-gnu.so[0m
[3.882s] [ 98%] [32m[1mLinking C shared library rosidl_generator_py/arm_interfaces/arm_interfaces_s__rosidl_typesupport_c.cpython-310-x86_64-linux-gnu.so[0m
[3.895s] [100%] [32m[1mLinking C shared library rosidl_generator_py/arm_interfaces/arm_interfaces_s__rosidl_typesupport_fastrtps_c.cpython-310-x86_64-linux-gnu.so[0m
[3.908s] [100%] Built target arm_interfaces__rosidl_typesupport_c__pyext
[3.909s] [100%] Built target arm_interfaces__rosidl_typesupport_introspection_c__pyext
[3.922s] [100%] Built target arm_interfaces__rosidl_typesupport_fastrtps_c__pyext
[3.932s] Invoked command in '/home/rosbot/arm_ws/build/arm_interfaces' returned '0': CMAKE_PREFIX_PATH=${CMAKE_PREFIX_PATH}:/home/rosbot/arm_ws/install/1DOF_arm_controller:/opt/ros/humble /usr/bin/cmake --build /home/rosbot/arm_ws/build/arm_interfaces -- -j12 -l12
[4.006s] Invoking command in '/home/rosbot/arm_ws/build/arm_interfaces': CMAKE_PREFIX_PATH=${CMAKE_PREFIX_PATH}:/home/rosbot/arm_ws/install/1DOF_arm_controller:/opt/ros/humble /usr/bin/cmake --install /home/rosbot/arm_ws/build/arm_interfaces
[4.011s] -- Install configuration: ""
[4.012s] -- Execute custom install script
[4.012s] -- Up-to-date symlink: /home/rosbot/arm_ws/install/arm_interfaces/share/ament_index/resource_index/rosidl_interfaces/arm_interfaces
[4.012s] -- Up-to-date symlink: /home/rosbot/arm_ws/install/arm_interfaces/include/arm_interfaces/arm_interfaces/msg/app_params.h
[4.012s] -- Up-to-date symlink: /home/rosbot/arm_ws/install/arm_interfaces/include/arm_interfaces/arm_interfaces/msg/detail/app_params__functions.h
[4.012s] -- Up-to-date symlink: /home/rosbot/arm_ws/install/arm_interfaces/include/arm_interfaces/arm_interfaces/msg/detail/app_params__struct.h
[4.013s] -- Up-to-date symlink: /home/rosbot/arm_ws/install/arm_interfaces/include/arm_interfaces/arm_interfaces/msg/detail/app_params__type_support.h
[4.013s] -- Up-to-date symlink: /home/rosbot/arm_ws/install/arm_interfaces/include/arm_interfaces/arm_interfaces/msg/detail/motor_cmd__functions.h
[4.013s] -- Up-to-date symlink: /home/rosbot/arm_ws/install/arm_interfaces/include/arm_interfaces/arm_interfaces/msg/detail/motor_cmd__struct.h
[4.013s] -- Up-to-date symlink: /home/rosbot/arm_ws/install/arm_interfaces/include/arm_interfaces/arm_interfaces/msg/detail/motor_cmd__type_support.h
[4.013s] -- Up-to-date symlink: /home/rosbot/arm_ws/install/arm_interfaces/include/arm_interfaces/arm_interfaces/msg/detail/sensor_data__functions.h
[4.013s] -- Up-to-date symlink: /home/rosbot/arm_ws/install/arm_interfaces/include/arm_interfaces/arm_interfaces/msg/detail/sensor_data__struct.h
[4.013s] -- Up-to-date symlink: /home/rosbot/arm_ws/install/arm_interfaces/include/arm_interfaces/arm_interfaces/msg/detail/sensor_data__type_support.h
[4.013s] -- Up-to-date symlink: /home/rosbot/arm_ws/install/arm_interfaces/include/arm_interfaces/arm_interfaces/msg/motor_cmd.h
[4.013s] -- Up-to-date symlink: /home/rosbot/arm_ws/install/arm_interfaces/include/arm_interfaces/arm_interfaces/msg/rosidl_generator_c__visibility_control.h
[4.014s] -- Up-to-date symlink: /home/rosbot/arm_ws/install/arm_interfaces/include/arm_interfaces/arm_interfaces/msg/sensor_data.h
[4.014s] -- Up-to-date symlink: /home/rosbot/arm_ws/install/arm_interfaces/include/arm_interfaces/arm_interfaces/srv/detail/sensor_feedback__functions.h
[4.014s] -- Up-to-date symlink: /home/rosbot/arm_ws/install/arm_interfaces/include/arm_interfaces/arm_interfaces/srv/detail/sensor_feedback__struct.h
[4.014s] -- Up-to-date symlink: /home/rosbot/arm_ws/install/arm_interfaces/include/arm_interfaces/arm_interfaces/srv/detail/sensor_feedback__type_support.h
[4.014s] -- Up-to-date symlink: /home/rosbot/arm_ws/install/arm_interfaces/include/arm_interfaces/arm_interfaces/srv/sensor_feedback.h
[4.014s] -- Up-to-date symlink: /home/rosbot/arm_ws/install/arm_interfaces/share/arm_interfaces/environment/library_path.sh
[4.014s] -- Up-to-date symlink: /home/rosbot/arm_ws/install/arm_interfaces/share/arm_interfaces/environment/library_path.dsv
[4.014s] -- Up-to-date symlink: /home/rosbot/arm_ws/install/arm_interfaces/include/arm_interfaces/arm_interfaces/msg/detail/app_params__rosidl_typesupport_fastrtps_c.h
[4.015s] -- Up-to-date symlink: /home/rosbot/arm_ws/install/arm_interfaces/include/arm_interfaces/arm_interfaces/msg/detail/motor_cmd__rosidl_typesupport_fastrtps_c.h
[4.015s] -- Up-to-date symlink: /home/rosbot/arm_ws/install/arm_interfaces/include/arm_interfaces/arm_interfaces/msg/detail/sensor_data__rosidl_typesupport_fastrtps_c.h
[4.015s] -- Up-to-date symlink: /home/rosbot/arm_ws/install/arm_interfaces/include/arm_interfaces/arm_interfaces/msg/rosidl_typesupport_fastrtps_c__visibility_control.h
[4.015s] -- Up-to-date symlink: /home/rosbot/arm_ws/install/arm_interfaces/include/arm_interfaces/arm_interfaces/srv/detail/sensor_feedback__rosidl_typesupport_fastrtps_c.h
[4.015s] -- Up-to-date symlink: /home/rosbot/arm_ws/install/arm_interfaces/include/arm_interfaces/arm_interfaces/msg/detail/app_params__rosidl_typesupport_introspection_c.h
[4.015s] -- Up-to-date symlink: /home/rosbot/arm_ws/install/arm_interfaces/include/arm_interfaces/arm_interfaces/msg/detail/motor_cmd__rosidl_typesupport_introspection_c.h
[4.015s] -- Up-to-date symlink: /home/rosbot/arm_ws/install/arm_interfaces/include/arm_interfaces/arm_interfaces/msg/detail/sensor_data__rosidl_typesupport_introspection_c.h
[4.016s] -- Up-to-date symlink: /home/rosbot/arm_ws/install/arm_interfaces/include/arm_interfaces/arm_interfaces/msg/rosidl_typesupport_introspection_c__visibility_control.h
[4.016s] -- Up-to-date symlink: /home/rosbot/arm_ws/install/arm_interfaces/include/arm_interfaces/arm_interfaces/srv/detail/sensor_feedback__rosidl_typesupport_introspection_c.h
[4.016s] -- Up-to-date symlink: /home/rosbot/arm_ws/install/arm_interfaces/include/arm_interfaces/arm_interfaces/msg/app_params.hpp
[4.016s] -- Up-to-date symlink: /home/rosbot/arm_ws/install/arm_interfaces/include/arm_interfaces/arm_interfaces/msg/detail/app_params__builder.hpp
[4.016s] -- Up-to-date symlink: /home/rosbot/arm_ws/install/arm_interfaces/include/arm_interfaces/arm_interfaces/msg/detail/app_params__struct.hpp
[4.016s] -- Up-to-date symlink: /home/rosbot/arm_ws/install/arm_interfaces/include/arm_interfaces/arm_interfaces/msg/detail/app_params__traits.hpp
[4.016s] -- Up-to-date symlink: /home/rosbot/arm_ws/install/arm_interfaces/include/arm_interfaces/arm_interfaces/msg/detail/motor_cmd__builder.hpp
[4.017s] -- Up-to-date symlink: /home/rosbot/arm_ws/install/arm_interfaces/include/arm_interfaces/arm_interfaces/msg/detail/motor_cmd__struct.hpp
[4.017s] -- Up-to-date symlink: /home/rosbot/arm_ws/install/arm_interfaces/include/arm_interfaces/arm_interfaces/msg/detail/motor_cmd__traits.hpp
[4.017s] -- Up-to-date symlink: /home/rosbot/arm_ws/install/arm_interfaces/include/arm_interfaces/arm_interfaces/msg/detail/sensor_data__builder.hpp
[4.017s] -- Up-to-date symlink: /home/rosbot/arm_ws/install/arm_interfaces/include/arm_interfaces/arm_interfaces/msg/detail/sensor_data__struct.hpp
[4.017s] -- Up-to-date symlink: /home/rosbot/arm_ws/install/arm_interfaces/include/arm_interfaces/arm_interfaces/msg/detail/sensor_data__traits.hpp
[4.017s] -- Up-to-date symlink: /home/rosbot/arm_ws/install/arm_interfaces/include/arm_interfaces/arm_interfaces/msg/motor_cmd.hpp
[4.017s] -- Up-to-date symlink: /home/rosbot/arm_ws/install/arm_interfaces/include/arm_interfaces/arm_interfaces/msg/sensor_data.hpp
[4.017s] -- Up-to-date symlink: /home/rosbot/arm_ws/install/arm_interfaces/include/arm_interfaces/arm_interfaces/srv/detail/sensor_feedback__builder.hpp
[4.017s] -- Up-to-date symlink: /home/rosbot/arm_ws/install/arm_interfaces/include/arm_interfaces/arm_interfaces/srv/detail/sensor_feedback__struct.hpp
[4.018s] -- Up-to-date symlink: /home/rosbot/arm_ws/install/arm_interfaces/include/arm_interfaces/arm_interfaces/srv/detail/sensor_feedback__traits.hpp
[4.018s] -- Up-to-date symlink: /home/rosbot/arm_ws/install/arm_interfaces/include/arm_interfaces/arm_interfaces/srv/sensor_feedback.hpp
[4.018s] -- Up-to-date symlink: /home/rosbot/arm_ws/install/arm_interfaces/include/arm_interfaces/arm_interfaces/msg/detail/app_params__rosidl_typesupport_fastrtps_cpp.hpp
[4.018s] -- Up-to-date symlink: /home/rosbot/arm_ws/install/arm_interfaces/include/arm_interfaces/arm_interfaces/msg/detail/motor_cmd__rosidl_typesupport_fastrtps_cpp.hpp
[4.018s] -- Up-to-date symlink: /home/rosbot/arm_ws/install/arm_interfaces/include/arm_interfaces/arm_interfaces/msg/detail/sensor_data__rosidl_typesupport_fastrtps_cpp.hpp
[4.018s] -- Up-to-date symlink: /home/rosbot/arm_ws/install/arm_interfaces/include/arm_interfaces/arm_interfaces/msg/rosidl_typesupport_fastrtps_cpp__visibility_control.h
[4.018s] -- Up-to-date symlink: /home/rosbot/arm_ws/install/arm_interfaces/include/arm_interfaces/arm_interfaces/srv/detail/sensor_feedback__rosidl_typesupport_fastrtps_cpp.hpp
[4.019s] -- Up-to-date symlink: /home/rosbot/arm_ws/install/arm_interfaces/include/arm_interfaces/arm_interfaces/msg/detail/app_params__rosidl_typesupport_introspection_cpp.hpp
[4.019s] -- Up-to-date symlink: /home/rosbot/arm_ws/install/arm_interfaces/include/arm_interfaces/arm_interfaces/msg/detail/motor_cmd__rosidl_typesupport_introspection_cpp.hpp
[4.019s] -- Up-to-date symlink: /home/rosbot/arm_ws/install/arm_interfaces/include/arm_interfaces/arm_interfaces/msg/detail/sensor_data__rosidl_typesupport_introspection_cpp.hpp
[4.019s] -- Up-to-date symlink: /home/rosbot/arm_ws/install/arm_interfaces/include/arm_interfaces/arm_interfaces/srv/detail/sensor_feedback__rosidl_typesupport_introspection_cpp.hpp
[4.019s] -- Up-to-date symlink: /home/rosbot/arm_ws/install/arm_interfaces/share/arm_interfaces/environment/pythonpath.sh
[4.019s] -- Up-to-date symlink: /home/rosbot/arm_ws/install/arm_interfaces/share/arm_interfaces/environment/pythonpath.dsv
[4.020s] -- Up-to-date symlink: /home/rosbot/arm_ws/install/arm_interfaces/local/lib/python3.10/dist-packages/arm_interfaces-0.0.0-py3.10.egg-info/PKG-INFO
[4.020s] -- Up-to-date symlink: /home/rosbot/arm_ws/install/arm_interfaces/local/lib/python3.10/dist-packages/arm_interfaces-0.0.0-py3.10.egg-info/SOURCES.txt
[4.020s] -- Up-to-date symlink: /home/rosbot/arm_ws/install/arm_interfaces/local/lib/python3.10/dist-packages/arm_interfaces-0.0.0-py3.10.egg-info/dependency_links.txt
[4.020s] -- Up-to-date symlink: /home/rosbot/arm_ws/install/arm_interfaces/local/lib/python3.10/dist-packages/arm_interfaces-0.0.0-py3.10.egg-info/top_level.txt
[4.020s] -- Up-to-date symlink: /home/rosbot/arm_ws/install/arm_interfaces/local/lib/python3.10/dist-packages/arm_interfaces/__init__.py
[4.021s] -- Up-to-date symlink: /home/rosbot/arm_ws/install/arm_interfaces/local/lib/python3.10/dist-packages/arm_interfaces/_arm_interfaces_s.ep.rosidl_typesupport_c.c
[4.021s] -- Up-to-date symlink: /home/rosbot/arm_ws/install/arm_interfaces/local/lib/python3.10/dist-packages/arm_interfaces/_arm_interfaces_s.ep.rosidl_typesupport_fastrtps_c.c
[4.021s] -- Up-to-date symlink: /home/rosbot/arm_ws/install/arm_interfaces/local/lib/python3.10/dist-packages/arm_interfaces/_arm_interfaces_s.ep.rosidl_typesupport_introspection_c.c
[4.021s] -- Up-to-date symlink: /home/rosbot/arm_ws/install/arm_interfaces/local/lib/python3.10/dist-packages/arm_interfaces/arm_interfaces_s__rosidl_typesupport_c.cpython-310-x86_64-linux-gnu.so
[4.021s] -- Up-to-date symlink: /home/rosbot/arm_ws/install/arm_interfaces/local/lib/python3.10/dist-packages/arm_interfaces/arm_interfaces_s__rosidl_typesupport_fastrtps_c.cpython-310-x86_64-linux-gnu.so
[4.021s] -- Up-to-date symlink: /home/rosbot/arm_ws/install/arm_interfaces/local/lib/python3.10/dist-packages/arm_interfaces/arm_interfaces_s__rosidl_typesupport_introspection_c.cpython-310-x86_64-linux-gnu.so
[4.021s] -- Up-to-date symlink: /home/rosbot/arm_ws/install/arm_interfaces/local/lib/python3.10/dist-packages/arm_interfaces/libarm_interfaces__rosidl_generator_py.so
[4.021s] -- Up-to-date symlink: /home/rosbot/arm_ws/install/arm_interfaces/local/lib/python3.10/dist-packages/arm_interfaces/msg/__init__.py
[4.021s] -- Up-to-date symlink: /home/rosbot/arm_ws/install/arm_interfaces/local/lib/python3.10/dist-packages/arm_interfaces/msg/_app_params.py
[4.022s] -- Up-to-date symlink: /home/rosbot/arm_ws/install/arm_interfaces/local/lib/python3.10/dist-packages/arm_interfaces/msg/_app_params_s.c
[4.022s] -- Up-to-date symlink: /home/rosbot/arm_ws/install/arm_interfaces/local/lib/python3.10/dist-packages/arm_interfaces/msg/_motor_cmd.py
[4.022s] -- Up-to-date symlink: /home/rosbot/arm_ws/install/arm_interfaces/local/lib/python3.10/dist-packages/arm_interfaces/msg/_motor_cmd_s.c
[4.022s] -- Up-to-date symlink: /home/rosbot/arm_ws/install/arm_interfaces/local/lib/python3.10/dist-packages/arm_interfaces/msg/_sensor_data.py
[4.022s] -- Up-to-date symlink: /home/rosbot/arm_ws/install/arm_interfaces/local/lib/python3.10/dist-packages/arm_interfaces/msg/_sensor_data_s.c
[4.022s] -- Up-to-date symlink: /home/rosbot/arm_ws/install/arm_interfaces/local/lib/python3.10/dist-packages/arm_interfaces/srv/__init__.py
[4.022s] -- Up-to-date symlink: /home/rosbot/arm_ws/install/arm_interfaces/local/lib/python3.10/dist-packages/arm_interfaces/srv/_sensor_feedback.py
[4.022s] -- Up-to-date symlink: /home/rosbot/arm_ws/install/arm_interfaces/local/lib/python3.10/dist-packages/arm_interfaces/srv/_sensor_feedback_s.c
[4.022s] -- Up-to-date symlink: /home/rosbot/arm_ws/install/arm_interfaces/local/lib/python3.10/dist-packages/arm_interfaces/arm_interfaces_s__rosidl_typesupport_fastrtps_c.cpython-310-x86_64-linux-gnu.so
[4.023s] -- Up-to-date symlink: /home/rosbot/arm_ws/install/arm_interfaces/local/lib/python3.10/dist-packages/arm_interfaces/arm_interfaces_s__rosidl_typesupport_introspection_c.cpython-310-x86_64-linux-gnu.so
[4.023s] -- Up-to-date symlink: /home/rosbot/arm_ws/install/arm_interfaces/local/lib/python3.10/dist-packages/arm_interfaces/arm_interfaces_s__rosidl_typesupport_c.cpython-310-x86_64-linux-gnu.so
[4.023s] -- Up-to-date symlink: /home/rosbot/arm_ws/install/arm_interfaces/share/arm_interfaces/msg/SensorData.idl
[4.023s] -- Up-to-date symlink: /home/rosbot/arm_ws/install/arm_interfaces/share/arm_interfaces/msg/MotorCmd.idl
[4.023s] -- Up-to-date symlink: /home/rosbot/arm_ws/install/arm_interfaces/share/arm_interfaces/msg/AppParams.idl
[4.023s] -- Up-to-date symlink: /home/rosbot/arm_ws/install/arm_interfaces/share/arm_interfaces/srv/SensorFeedback.idl
[4.023s] -- Up-to-date symlink: /home/rosbot/arm_ws/install/arm_interfaces/share/arm_interfaces/msg/SensorData.msg
[4.024s] -- Up-to-date symlink: /home/rosbot/arm_ws/install/arm_interfaces/share/arm_interfaces/msg/MotorCmd.msg
[4.024s] -- Up-to-date symlink: /home/rosbot/arm_ws/install/arm_interfaces/share/arm_interfaces/msg/AppParams.msg
[4.024s] -- Up-to-date symlink: /home/rosbot/arm_ws/install/arm_interfaces/share/arm_interfaces/srv/SensorFeedback.srv
[4.024s] -- Up-to-date symlink: /home/rosbot/arm_ws/install/arm_interfaces/share/arm_interfaces/srv/SensorFeedback_Request.msg
[4.024s] -- Up-to-date symlink: /home/rosbot/arm_ws/install/arm_interfaces/share/arm_interfaces/srv/SensorFeedback_Response.msg
[4.024s] -- Up-to-date symlink: /home/rosbot/arm_ws/install/arm_interfaces/share/ament_index/resource_index/package_run_dependencies/arm_interfaces
[4.024s] -- Up-to-date symlink: /home/rosbot/arm_ws/install/arm_interfaces/share/ament_index/resource_index/parent_prefix_path/arm_interfaces
[4.024s] -- Up-to-date symlink: /home/rosbot/arm_ws/install/arm_interfaces/share/arm_interfaces/environment/ament_prefix_path.sh
[4.025s] -- Up-to-date symlink: /home/rosbot/arm_ws/install/arm_interfaces/share/arm_interfaces/environment/ament_prefix_path.dsv
[4.025s] -- Up-to-date symlink: /home/rosbot/arm_ws/install/arm_interfaces/share/arm_interfaces/environment/path.sh
[4.025s] -- Up-to-date symlink: /home/rosbot/arm_ws/install/arm_interfaces/share/arm_interfaces/environment/path.dsv
[4.025s] -- Up-to-date symlink: /home/rosbot/arm_ws/install/arm_interfaces/share/arm_interfaces/local_setup.bash
[4.025s] -- Up-to-date symlink: /home/rosbot/arm_ws/install/arm_interfaces/share/arm_interfaces/local_setup.sh
[4.025s] -- Up-to-date symlink: /home/rosbot/arm_ws/install/arm_interfaces/share/arm_interfaces/local_setup.zsh
[4.025s] -- Up-to-date symlink: /home/rosbot/arm_ws/install/arm_interfaces/share/arm_interfaces/local_setup.dsv
[4.025s] -- Symlinking: /home/rosbot/arm_ws/install/arm_interfaces/share/arm_interfaces/package.dsv
[4.032s] -- Up-to-date symlink: /home/rosbot/arm_ws/install/arm_interfaces/share/ament_index/resource_index/packages/arm_interfaces
[4.032s] -- Up-to-date symlink: /home/rosbot/arm_ws/install/arm_interfaces/share/arm_interfaces/cmake/rosidl_cmake-extras.cmake
[4.032s] -- Up-to-date symlink: /home/rosbot/arm_ws/install/arm_interfaces/share/arm_interfaces/cmake/ament_cmake_export_include_directories-extras.cmake
[4.033s] -- Up-to-date symlink: /home/rosbot/arm_ws/install/arm_interfaces/share/arm_interfaces/cmake/ament_cmake_export_libraries-extras.cmake
[4.033s] -- Up-to-date symlink: /home/rosbot/arm_ws/install/arm_interfaces/share/arm_interfaces/cmake/ament_cmake_export_targets-extras.cmake
[4.033s] -- Up-to-date symlink: /home/rosbot/arm_ws/install/arm_interfaces/share/arm_interfaces/cmake/rosidl_cmake_export_typesupport_targets-extras.cmake
[4.033s] -- Up-to-date symlink: /home/rosbot/arm_ws/install/arm_interfaces/share/arm_interfaces/cmake/ament_cmake_export_dependencies-extras.cmake
[4.033s] -- Up-to-date symlink: /home/rosbot/arm_ws/install/arm_interfaces/share/arm_interfaces/cmake/rosidl_cmake_export_typesupport_libraries-extras.cmake
[4.033s] -- Up-to-date symlink: /home/rosbot/arm_ws/install/arm_interfaces/share/arm_interfaces/cmake/arm_interfacesConfig.cmake
[4.033s] -- Up-to-date symlink: /home/rosbot/arm_ws/install/arm_interfaces/share/arm_interfaces/cmake/arm_interfacesConfig-version.cmake
[4.033s] -- Up-to-date symlink: /home/rosbot/arm_ws/install/arm_interfaces/share/arm_interfaces/package.xml
[4.034s] -- Installing: /home/rosbot/arm_ws/install/arm_interfaces/lib/libarm_interfaces__rosidl_generator_c.so
[4.034s] -- Set runtime path of "/home/rosbot/arm_ws/install/arm_interfaces/lib/libarm_interfaces__rosidl_generator_c.so" to ""
[4.034s] -- Installing: /home/rosbot/arm_ws/install/arm_interfaces/lib/libarm_interfaces__rosidl_typesupport_fastrtps_c.so
[4.034s] -- Set runtime path of "/home/rosbot/arm_ws/install/arm_interfaces/lib/libarm_interfaces__rosidl_typesupport_fastrtps_c.so" to ""
[4.034s] -- Installing: /home/rosbot/arm_ws/install/arm_interfaces/lib/libarm_interfaces__rosidl_typesupport_introspection_c.so
[4.035s] -- Set runtime path of "/home/rosbot/arm_ws/install/arm_interfaces/lib/libarm_interfaces__rosidl_typesupport_introspection_c.so" to ""
[4.035s] -- Installing: /home/rosbot/arm_ws/install/arm_interfaces/lib/libarm_interfaces__rosidl_typesupport_c.so
[4.035s] -- Set runtime path of "/home/rosbot/arm_ws/install/arm_interfaces/lib/libarm_interfaces__rosidl_typesupport_c.so" to ""
[4.035s] -- Installing: /home/rosbot/arm_ws/install/arm_interfaces/lib/libarm_interfaces__rosidl_typesupport_fastrtps_cpp.so
[4.036s] -- Set runtime path of "/home/rosbot/arm_ws/install/arm_interfaces/lib/libarm_interfaces__rosidl_typesupport_fastrtps_cpp.so" to ""
[4.036s] -- Installing: /home/rosbot/arm_ws/install/arm_interfaces/lib/libarm_interfaces__rosidl_typesupport_introspection_cpp.so
[4.036s] -- Set runtime path of "/home/rosbot/arm_ws/install/arm_interfaces/lib/libarm_interfaces__rosidl_typesupport_introspection_cpp.so" to ""
[4.036s] -- Installing: /home/rosbot/arm_ws/install/arm_interfaces/lib/libarm_interfaces__rosidl_typesupport_cpp.so
[4.036s] -- Set runtime path of "/home/rosbot/arm_ws/install/arm_interfaces/lib/libarm_interfaces__rosidl_typesupport_cpp.so" to ""
[4.066s] Listing '/home/rosbot/arm_ws/install/arm_interfaces/local/lib/python3.10/dist-packages/arm_interfaces'...
[4.066s] Compiling '/home/rosbot/arm_ws/install/arm_interfaces/local/lib/python3.10/dist-packages/arm_interfaces/__init__.py'...
[4.067s] Listing '/home/rosbot/arm_ws/install/arm_interfaces/local/lib/python3.10/dist-packages/arm_interfaces/msg'...
[4.067s] Compiling '/home/rosbot/arm_ws/install/arm_interfaces/local/lib/python3.10/dist-packages/arm_interfaces/msg/__init__.py'...
[4.067s] Compiling '/home/rosbot/arm_ws/install/arm_interfaces/local/lib/python3.10/dist-packages/arm_interfaces/msg/_app_params.py'...
[4.067s] Compiling '/home/rosbot/arm_ws/install/arm_interfaces/local/lib/python3.10/dist-packages/arm_interfaces/msg/_motor_cmd.py'...
[4.067s] Compiling '/home/rosbot/arm_ws/install/arm_interfaces/local/lib/python3.10/dist-packages/arm_interfaces/msg/_sensor_data.py'...
[4.067s] Listing '/home/rosbot/arm_ws/install/arm_interfaces/local/lib/python3.10/dist-packages/arm_interfaces/srv'...
[4.067s] Compiling '/home/rosbot/arm_ws/install/arm_interfaces/local/lib/python3.10/dist-packages/arm_interfaces/srv/__init__.py'...
[4.067s] Compiling '/home/rosbot/arm_ws/install/arm_interfaces/local/lib/python3.10/dist-packages/arm_interfaces/srv/_sensor_feedback.py'...
[4.070s] -- Installing: /home/rosbot/arm_ws/install/arm_interfaces/lib/libarm_interfaces__rosidl_generator_py.so
[4.070s] -- Set runtime path of "/home/rosbot/arm_ws/install/arm_interfaces/lib/libarm_interfaces__rosidl_generator_py.so" to ""
[4.070s] -- Up-to-date: /home/rosbot/arm_ws/install/arm_interfaces/share/arm_interfaces/cmake/export_arm_interfaces__rosidl_generator_cExport.cmake
[4.070s] -- Up-to-date: /home/rosbot/arm_ws/install/arm_interfaces/share/arm_interfaces/cmake/export_arm_interfaces__rosidl_generator_cExport-noconfig.cmake
[4.070s] -- Up-to-date: /home/rosbot/arm_ws/install/arm_interfaces/share/arm_interfaces/cmake/export_arm_interfaces__rosidl_typesupport_fastrtps_cExport.cmake
[4.071s] -- Up-to-date: /home/rosbot/arm_ws/install/arm_interfaces/share/arm_interfaces/cmake/export_arm_interfaces__rosidl_typesupport_fastrtps_cExport-noconfig.cmake
[4.071s] -- Up-to-date: /home/rosbot/arm_ws/install/arm_interfaces/share/arm_interfaces/cmake/arm_interfaces__rosidl_typesupport_introspection_cExport.cmake
[4.071s] -- Up-to-date: /home/rosbot/arm_ws/install/arm_interfaces/share/arm_interfaces/cmake/arm_interfaces__rosidl_typesupport_introspection_cExport-noconfig.cmake
[4.071s] -- Up-to-date: /home/rosbot/arm_ws/install/arm_interfaces/share/arm_interfaces/cmake/arm_interfaces__rosidl_typesupport_cExport.cmake
[4.071s] -- Up-to-date: /home/rosbot/arm_ws/install/arm_interfaces/share/arm_interfaces/cmake/arm_interfaces__rosidl_typesupport_cExport-noconfig.cmake
[4.071s] -- Up-to-date: /home/rosbot/arm_ws/install/arm_interfaces/share/arm_interfaces/cmake/export_arm_interfaces__rosidl_generator_cppExport.cmake
[4.071s] -- Up-to-date: /home/rosbot/arm_ws/install/arm_interfaces/share/arm_interfaces/cmake/export_arm_interfaces__rosidl_typesupport_fastrtps_cppExport.cmake
[4.071s] -- Up-to-date: /home/rosbot/arm_ws/install/arm_interfaces/share/arm_interfaces/cmake/export_arm_interfaces__rosidl_typesupport_fastrtps_cppExport-noconfig.cmake
[4.071s] -- Up-to-date: /home/rosbot/arm_ws/install/arm_interfaces/share/arm_interfaces/cmake/arm_interfaces__rosidl_typesupport_introspection_cppExport.cmake
[4.071s] -- Up-to-date: /home/rosbot/arm_ws/install/arm_interfaces/share/arm_interfaces/cmake/arm_interfaces__rosidl_typesupport_introspection_cppExport-noconfig.cmake
[4.071s] -- Up-to-date: /home/rosbot/arm_ws/install/arm_interfaces/share/arm_interfaces/cmake/arm_interfaces__rosidl_typesupport_cppExport.cmake
[4.072s] -- Up-to-date: /home/rosbot/arm_ws/install/arm_interfaces/share/arm_interfaces/cmake/arm_interfaces__rosidl_typesupport_cppExport-noconfig.cmake
[4.072s] -- Up-to-date: /home/rosbot/arm_ws/install/arm_interfaces/share/arm_interfaces/cmake/export_arm_interfaces__rosidl_generator_pyExport.cmake
[4.072s] -- Up-to-date: /home/rosbot/arm_ws/install/arm_interfaces/share/arm_interfaces/cmake/export_arm_interfaces__rosidl_generator_pyExport-noconfig.cmake
[4.073s] Invoked command in '/home/rosbot/arm_ws/build/arm_interfaces' returned '0': CMAKE_PREFIX_PATH=${CMAKE_PREFIX_PATH}:/home/rosbot/arm_ws/install/1DOF_arm_controller:/opt/ros/humble /usr/bin/cmake --install /home/rosbot/arm_ws/build/arm_interfaces
