[0.229s] Invoking command in '/home/rosbot/arm_ws/build/arm_interfaces': CMAKE_PREFIX_PATH=${CMAKE_PREFIX_PATH}:/home/rosbot/arm_ws/install/1DOF_arm_controller:/opt/ros/humble /usr/bin/cmake --build /home/rosbot/arm_ws/build/arm_interfaces -- -j12 -l12
[0.276s] -- Found ament_cmake: 1.3.8 (/opt/ros/humble/share/ament_cmake/cmake)
[0.393s] -- Override CMake install command with custom implementation using symlinks instead of copying resources
[0.409s] -- Found rosidl_default_generators: 1.2.0 (/opt/ros/humble/share/rosidl_default_generators/cmake)
[0.412s] -- Using all available rosidl_typesupport_c: rosidl_typesupport_fastrtps_c;rosidl_typesupport_introspection_c
[0.416s] -- Found rosidl_adapter: 3.1.5 (/opt/ros/humble/share/rosidl_adapter/cmake)
[0.463s] -- Using all available rosidl_typesupport_cpp: rosidl_typesupport_fastrtps_cpp;rosidl_typesupport_introspection_cpp
[0.711s] -- Found ament_cmake_ros: 0.10.0 (/opt/ros/humble/share/ament_cmake_ros/cmake)
[0.858s] -- Using all available rosidl_typesupport_c: rosidl_typesupport_fastrtps_c;rosidl_typesupport_introspection_c
[1.047s] -- Using all available rosidl_typesupport_cpp: rosidl_typesupport_fastrtps_cpp;rosidl_typesupport_introspection_cpp
[1.066s] -- Found python_cmake_module: 0.10.0 (/opt/ros/humble/share/python_cmake_module/cmake)
[1.084s] -- Using PYTHON_EXECUTABLE: /usr/bin/python3
[1.084s] -- Using PYTHON_INCLUDE_DIRS: /usr/include/python3.10
[1.085s] -- Using PYTHON_LIBRARIES: /usr/lib/x86_64-linux-gnu/libpython3.10.so
[1.097s] -- Found ament_lint_auto: 0.12.10 (/opt/ros/humble/share/ament_lint_auto/cmake)
[1.116s] -- Added test 'lint_cmake' to check CMake code style
[1.117s] -- Added test 'xmllint' to check XML markup files
[1.121s] -- Configuring done
[1.192s] -- Generating done
[1.195s] -- Build files have been written to: /home/rosbot/arm_ws/build/arm_interfaces
[1.212s] [  1%] [34m[1mGenerating C code for ROS interfaces[0m
[1.219s] [  3%] [34m[1mGenerating C++ code for ROS interfaces[0m
[1.225s] [  3%] Built target ament_cmake_python_symlink_arm_interfaces
[1.440s] running egg_info
[1.441s] writing arm_interfaces.egg-info/PKG-INFO
[1.441s] writing dependency_links to arm_interfaces.egg-info/dependency_links.txt
[1.441s] writing top-level names to arm_interfaces.egg-info/top_level.txt
[1.443s] reading manifest file 'arm_interfaces.egg-info/SOURCES.txt'
[1.444s] writing manifest file 'arm_interfaces.egg-info/SOURCES.txt'
[1.463s] [  3%] Built target ament_cmake_python_build_arm_interfaces_egg
[1.562s] [  3%] Built target arm_interfaces__cpp
[1.572s] [  5%] [34m[1mGenerating C++ type support dispatch for ROS interfaces[0m
[1.573s] [  7%] [34m[1mGenerating C++ type support for eProsima Fast-RTPS[0m
[1.573s] [  9%] [34m[1mGenerating C++ introspection for ROS interfaces[0m
[1.579s] [35m[1mConsolidate compiler generated dependencies of target arm_interfaces__rosidl_generator_c[0m
[1.588s] [ 14%] [32mBuilding C object CMakeFiles/arm_interfaces__rosidl_generator_c.dir/rosidl_generator_c/arm_interfaces/msg/detail/app_params__functions.c.o[0m
[1.588s] [ 14%] [32mBuilding C object CMakeFiles/arm_interfaces__rosidl_generator_c.dir/rosidl_generator_c/arm_interfaces/msg/detail/sensor_data__functions.c.o[0m
[1.588s] [ 14%] [32mBuilding C object CMakeFiles/arm_interfaces__rosidl_generator_c.dir/rosidl_generator_c/arm_interfaces/msg/detail/motor_cmd__functions.c.o[0m
[1.591s] [ 16%] [32mBuilding C object CMakeFiles/arm_interfaces__rosidl_generator_c.dir/rosidl_generator_c/arm_interfaces/srv/detail/sensor_feedback__functions.c.o[0m
[1.703s] [ 18%] [32m[1mLinking C shared library libarm_interfaces__rosidl_generator_c.so[0m
[1.754s] [ 18%] Built target arm_interfaces__rosidl_generator_c
[1.762s] [ 20%] [34m[1mGenerating C introspection for ROS interfaces[0m
[1.764s] [ 21%] [34m[1mGenerating C type support for eProsima Fast-RTPS[0m
[1.764s] [ 23%] [34m[1mGenerating C type support dispatch for ROS interfaces[0m
[1.883s] [35m[1mConsolidate compiler generated dependencies of target arm_interfaces__rosidl_typesupport_cpp[0m
[1.895s] [ 25%] [32mBuilding CXX object CMakeFiles/arm_interfaces__rosidl_typesupport_cpp.dir/rosidl_typesupport_cpp/arm_interfaces/msg/sensor_data__type_support.cpp.o[0m
[1.897s] [ 29%] [32mBuilding CXX object CMakeFiles/arm_interfaces__rosidl_typesupport_cpp.dir/rosidl_typesupport_cpp/arm_interfaces/msg/motor_cmd__type_support.cpp.o[0m
[1.897s] [ 29%] [32mBuilding CXX object CMakeFiles/arm_interfaces__rosidl_typesupport_cpp.dir/rosidl_typesupport_cpp/arm_interfaces/srv/sensor_feedback__type_support.cpp.o[0m
[1.898s] [ 30%] [32mBuilding CXX object CMakeFiles/arm_interfaces__rosidl_typesupport_cpp.dir/rosidl_typesupport_cpp/arm_interfaces/msg/app_params__type_support.cpp.o[0m
[1.979s] [35m[1mConsolidate compiler generated dependencies of target arm_interfaces__rosidl_typesupport_introspection_cpp[0m
[1.986s] [35m[1mConsolidate compiler generated dependencies of target arm_interfaces__rosidl_typesupport_fastrtps_cpp[0m
[1.998s] [ 34%] [32mBuilding CXX object CMakeFiles/arm_interfaces__rosidl_typesupport_introspection_cpp.dir/rosidl_typesupport_introspection_cpp/arm_interfaces/msg/detail/app_params__type_support.cpp.o[0m
[2.000s] [ 34%] [32mBuilding CXX object CMakeFiles/arm_interfaces__rosidl_typesupport_introspection_cpp.dir/rosidl_typesupport_introspection_cpp/arm_interfaces/msg/detail/sensor_data__type_support.cpp.o[0m
[2.001s] [ 36%] [32mBuilding CXX object CMakeFiles/arm_interfaces__rosidl_typesupport_introspection_cpp.dir/rosidl_typesupport_introspection_cpp/arm_interfaces/srv/detail/sensor_feedback__type_support.cpp.o[0m
[2.002s] [ 38%] [32mBuilding CXX object CMakeFiles/arm_interfaces__rosidl_typesupport_introspection_cpp.dir/rosidl_typesupport_introspection_cpp/arm_interfaces/msg/detail/motor_cmd__type_support.cpp.o[0m
[2.006s] [ 40%] [32mBuilding CXX object CMakeFiles/arm_interfaces__rosidl_typesupport_fastrtps_cpp.dir/rosidl_typesupport_fastrtps_cpp/arm_interfaces/msg/detail/dds_fastrtps/sensor_data__type_support.cpp.o[0m
[2.200s] [35m[1mConsolidate compiler generated dependencies of target arm_interfaces__rosidl_typesupport_c[0m
[2.239s] [ 41%] [32mBuilding CXX object CMakeFiles/arm_interfaces__rosidl_typesupport_c.dir/rosidl_typesupport_c/arm_interfaces/msg/sensor_data__type_support.cpp.o[0m
[2.328s] [35m[1mConsolidate compiler generated dependencies of target arm_interfaces__rosidl_typesupport_introspection_c[0m
[2.391s] [ 43%] [32mBuilding CXX object CMakeFiles/arm_interfaces__rosidl_typesupport_c.dir/rosidl_typesupport_c/arm_interfaces/msg/motor_cmd__type_support.cpp.o[0m
[2.404s] [ 45%] [32mBuilding C object CMakeFiles/arm_interfaces__rosidl_typesupport_introspection_c.dir/rosidl_typesupport_introspection_c/arm_interfaces/msg/detail/sensor_data__type_support.c.o[0m
[2.450s] [ 47%] [32mBuilding CXX object CMakeFiles/arm_interfaces__rosidl_typesupport_fastrtps_cpp.dir/rosidl_typesupport_fastrtps_cpp/arm_interfaces/msg/detail/dds_fastrtps/motor_cmd__type_support.cpp.o[0m
[2.455s] [ 49%] [32mBuilding C object CMakeFiles/arm_interfaces__rosidl_typesupport_introspection_c.dir/rosidl_typesupport_introspection_c/arm_interfaces/msg/detail/motor_cmd__type_support.c.o[0m
[2.457s] [ 50%] [32mBuilding CXX object CMakeFiles/arm_interfaces__rosidl_typesupport_c.dir/rosidl_typesupport_c/arm_interfaces/msg/app_params__type_support.cpp.o[0m
[2.465s] [35m[1mConsolidate compiler generated dependencies of target arm_interfaces__rosidl_typesupport_fastrtps_c[0m
[2.466s] [ 52%] [32m[1mLinking CXX shared library libarm_interfaces__rosidl_typesupport_cpp.so[0m
[2.467s] [ 54%] [32mBuilding CXX object CMakeFiles/arm_interfaces__rosidl_typesupport_fastrtps_cpp.dir/rosidl_typesupport_fastrtps_cpp/arm_interfaces/msg/detail/dds_fastrtps/app_params__type_support.cpp.o[0m
[2.474s] [ 56%] [32mBuilding C object CMakeFiles/arm_interfaces__rosidl_typesupport_introspection_c.dir/rosidl_typesupport_introspection_c/arm_interfaces/msg/detail/app_params__type_support.c.o[0m
[2.497s] [ 58%] [32mBuilding CXX object CMakeFiles/arm_interfaces__rosidl_typesupport_fastrtps_c.dir/rosidl_typesupport_fastrtps_c/arm_interfaces/msg/detail/sensor_data__type_support_c.cpp.o[0m
[2.519s] [ 60%] [32mBuilding CXX object CMakeFiles/arm_interfaces__rosidl_typesupport_c.dir/rosidl_typesupport_c/arm_interfaces/srv/sensor_feedback__type_support.cpp.o[0m
[2.542s] [ 61%] [32mBuilding CXX object CMakeFiles/arm_interfaces__rosidl_typesupport_fastrtps_cpp.dir/rosidl_typesupport_fastrtps_cpp/arm_interfaces/srv/detail/dds_fastrtps/sensor_feedback__type_support.cpp.o[0m
[2.558s] [ 63%] [32mBuilding C object CMakeFiles/arm_interfaces__rosidl_typesupport_introspection_c.dir/rosidl_typesupport_introspection_c/arm_interfaces/srv/detail/sensor_feedback__type_support.c.o[0m
[2.575s] [ 65%] [32m[1mLinking CXX shared library libarm_interfaces__rosidl_typesupport_c.so[0m
[2.587s] [ 65%] Built target arm_interfaces__rosidl_typesupport_cpp
[2.602s] [ 67%] [32mBuilding CXX object CMakeFiles/arm_interfaces__rosidl_typesupport_fastrtps_c.dir/rosidl_typesupport_fastrtps_c/arm_interfaces/msg/detail/motor_cmd__type_support_c.cpp.o[0m
[2.618s] [ 69%] [32m[1mLinking C shared library libarm_interfaces__rosidl_typesupport_introspection_c.so[0m
[2.641s] [ 70%] [32mBuilding CXX object CMakeFiles/arm_interfaces__rosidl_typesupport_fastrtps_c.dir/rosidl_typesupport_fastrtps_c/arm_interfaces/msg/detail/app_params__type_support_c.cpp.o[0m
[2.643s] [ 72%] [32mBuilding CXX object CMakeFiles/arm_interfaces__rosidl_typesupport_fastrtps_c.dir/rosidl_typesupport_fastrtps_c/arm_interfaces/srv/detail/sensor_feedback__type_support_c.cpp.o[0m
[2.673s] [ 72%] Built target arm_interfaces__rosidl_typesupport_c
[2.673s] [ 74%] [32m[1mLinking CXX shared library libarm_interfaces__rosidl_typesupport_introspection_cpp.so[0m
[2.690s] [ 74%] Built target arm_interfaces__rosidl_typesupport_introspection_c
[2.730s] [ 74%] Built target arm_interfaces__rosidl_typesupport_introspection_cpp
[3.041s] [ 76%] [32m[1mLinking CXX shared library libarm_interfaces__rosidl_typesupport_fastrtps_c.so[0m
[3.104s] [ 78%] [32m[1mLinking CXX shared library libarm_interfaces__rosidl_typesupport_fastrtps_cpp.so[0m
[3.119s] [ 78%] Built target arm_interfaces__rosidl_typesupport_fastrtps_c
[3.182s] [ 78%] Built target arm_interfaces__rosidl_typesupport_fastrtps_cpp
[3.197s] [ 78%] Built target arm_interfaces
[3.213s] [ 80%] [34m[1mGenerating Python code for ROS interfaces[0m
[3.869s] [ 80%] Built target arm_interfaces__py
[3.878s] [35m[1mConsolidate compiler generated dependencies of target arm_interfaces__rosidl_generator_py[0m
[3.891s] [ 83%] [32mBuilding C object CMakeFiles/arm_interfaces__rosidl_generator_py.dir/rosidl_generator_py/arm_interfaces/msg/_sensor_data_s.c.o[0m
[3.891s] [ 83%] [32mBuilding C object CMakeFiles/arm_interfaces__rosidl_generator_py.dir/rosidl_generator_py/arm_interfaces/msg/_motor_cmd_s.c.o[0m
[3.893s] [ 87%] [32mBuilding C object CMakeFiles/arm_interfaces__rosidl_generator_py.dir/rosidl_generator_py/arm_interfaces/srv/_sensor_feedback_s.c.o[0m
[3.893s] [ 87%] [32mBuilding C object CMakeFiles/arm_interfaces__rosidl_generator_py.dir/rosidl_generator_py/arm_interfaces/msg/_app_params_s.c.o[0m
[4.014s] [ 89%] [32m[1mLinking C shared library rosidl_generator_py/arm_interfaces/libarm_interfaces__rosidl_generator_py.so[0m
[4.048s] [ 89%] Built target arm_interfaces__rosidl_generator_py
[4.056s] [35m[1mConsolidate compiler generated dependencies of target arm_interfaces__rosidl_typesupport_fastrtps_c__pyext[0m
[4.056s] [35m[1mConsolidate compiler generated dependencies of target arm_interfaces__rosidl_typesupport_c__pyext[0m
[4.056s] [35m[1mConsolidate compiler generated dependencies of target arm_interfaces__rosidl_typesupport_introspection_c__pyext[0m
[4.066s] [ 94%] [32mBuilding C object CMakeFiles/arm_interfaces__rosidl_typesupport_c__pyext.dir/rosidl_generator_py/arm_interfaces/_arm_interfaces_s.ep.rosidl_typesupport_c.c.o[0m
[4.066s] [ 94%] [32mBuilding C object CMakeFiles/arm_interfaces__rosidl_typesupport_introspection_c__pyext.dir/rosidl_generator_py/arm_interfaces/_arm_interfaces_s.ep.rosidl_typesupport_introspection_c.c.o[0m
[4.066s] [ 94%] [32mBuilding C object CMakeFiles/arm_interfaces__rosidl_typesupport_fastrtps_c__pyext.dir/rosidl_generator_py/arm_interfaces/_arm_interfaces_s.ep.rosidl_typesupport_fastrtps_c.c.o[0m
[4.148s] [ 96%] [32m[1mLinking C shared library rosidl_generator_py/arm_interfaces/arm_interfaces_s__rosidl_typesupport_c.cpython-310-x86_64-linux-gnu.so[0m
[4.148s] [ 98%] [32m[1mLinking C shared library rosidl_generator_py/arm_interfaces/arm_interfaces_s__rosidl_typesupport_introspection_c.cpython-310-x86_64-linux-gnu.so[0m
[4.153s] [100%] [32m[1mLinking C shared library rosidl_generator_py/arm_interfaces/arm_interfaces_s__rosidl_typesupport_fastrtps_c.cpython-310-x86_64-linux-gnu.so[0m
[4.174s] [100%] Built target arm_interfaces__rosidl_typesupport_introspection_c__pyext
[4.179s] [100%] Built target arm_interfaces__rosidl_typesupport_c__pyext
[4.180s] [100%] Built target arm_interfaces__rosidl_typesupport_fastrtps_c__pyext
[4.189s] Invoked command in '/home/rosbot/arm_ws/build/arm_interfaces' returned '0': CMAKE_PREFIX_PATH=${CMAKE_PREFIX_PATH}:/home/rosbot/arm_ws/install/1DOF_arm_controller:/opt/ros/humble /usr/bin/cmake --build /home/rosbot/arm_ws/build/arm_interfaces -- -j12 -l12
[4.264s] Invoking command in '/home/rosbot/arm_ws/build/arm_interfaces': CMAKE_PREFIX_PATH=${CMAKE_PREFIX_PATH}:/home/rosbot/arm_ws/install/1DOF_arm_controller:/opt/ros/humble /usr/bin/cmake --install /home/rosbot/arm_ws/build/arm_interfaces
[4.270s] -- Install configuration: ""
[4.270s] -- Execute custom install script
[4.270s] -- Up-to-date symlink: /home/rosbot/arm_ws/install/arm_interfaces/share/ament_index/resource_index/rosidl_interfaces/arm_interfaces
[4.271s] -- Up-to-date symlink: /home/rosbot/arm_ws/install/arm_interfaces/include/arm_interfaces/arm_interfaces/msg/app_params.h
[4.271s] -- Up-to-date symlink: /home/rosbot/arm_ws/install/arm_interfaces/include/arm_interfaces/arm_interfaces/msg/detail/app_params__functions.h
[4.271s] -- Up-to-date symlink: /home/rosbot/arm_ws/install/arm_interfaces/include/arm_interfaces/arm_interfaces/msg/detail/app_params__struct.h
[4.271s] -- Up-to-date symlink: /home/rosbot/arm_ws/install/arm_interfaces/include/arm_interfaces/arm_interfaces/msg/detail/app_params__type_support.h
[4.271s] -- Up-to-date symlink: /home/rosbot/arm_ws/install/arm_interfaces/include/arm_interfaces/arm_interfaces/msg/detail/motor_cmd__functions.h
[4.271s] -- Up-to-date symlink: /home/rosbot/arm_ws/install/arm_interfaces/include/arm_interfaces/arm_interfaces/msg/detail/motor_cmd__struct.h
[4.271s] -- Up-to-date symlink: /home/rosbot/arm_ws/install/arm_interfaces/include/arm_interfaces/arm_interfaces/msg/detail/motor_cmd__type_support.h
[4.271s] -- Up-to-date symlink: /home/rosbot/arm_ws/install/arm_interfaces/include/arm_interfaces/arm_interfaces/msg/detail/sensor_data__functions.h
[4.271s] -- Up-to-date symlink: /home/rosbot/arm_ws/install/arm_interfaces/include/arm_interfaces/arm_interfaces/msg/detail/sensor_data__struct.h
[4.271s] -- Up-to-date symlink: /home/rosbot/arm_ws/install/arm_interfaces/include/arm_interfaces/arm_interfaces/msg/detail/sensor_data__type_support.h
[4.271s] -- Up-to-date symlink: /home/rosbot/arm_ws/install/arm_interfaces/include/arm_interfaces/arm_interfaces/msg/motor_cmd.h
[4.272s] -- Up-to-date symlink: /home/rosbot/arm_ws/install/arm_interfaces/include/arm_interfaces/arm_interfaces/msg/rosidl_generator_c__visibility_control.h
[4.272s] -- Up-to-date symlink: /home/rosbot/arm_ws/install/arm_interfaces/include/arm_interfaces/arm_interfaces/msg/sensor_data.h
[4.272s] -- Symlinking: /home/rosbot/arm_ws/install/arm_interfaces/include/arm_interfaces/arm_interfaces/srv/detail/sensor_feedback__functions.h
[4.278s] -- Symlinking: /home/rosbot/arm_ws/install/arm_interfaces/include/arm_interfaces/arm_interfaces/srv/detail/sensor_feedback__struct.h
[4.284s] -- Symlinking: /home/rosbot/arm_ws/install/arm_interfaces/include/arm_interfaces/arm_interfaces/srv/detail/sensor_feedback__type_support.h
[4.290s] -- Symlinking: /home/rosbot/arm_ws/install/arm_interfaces/include/arm_interfaces/arm_interfaces/srv/sensor_feedback.h
[4.296s] -- Up-to-date symlink: /home/rosbot/arm_ws/install/arm_interfaces/share/arm_interfaces/environment/library_path.sh
[4.296s] -- Up-to-date symlink: /home/rosbot/arm_ws/install/arm_interfaces/share/arm_interfaces/environment/library_path.dsv
[4.297s] -- Up-to-date symlink: /home/rosbot/arm_ws/install/arm_interfaces/include/arm_interfaces/arm_interfaces/msg/detail/app_params__rosidl_typesupport_fastrtps_c.h
[4.297s] -- Up-to-date symlink: /home/rosbot/arm_ws/install/arm_interfaces/include/arm_interfaces/arm_interfaces/msg/detail/motor_cmd__rosidl_typesupport_fastrtps_c.h
[4.297s] -- Up-to-date symlink: /home/rosbot/arm_ws/install/arm_interfaces/include/arm_interfaces/arm_interfaces/msg/detail/sensor_data__rosidl_typesupport_fastrtps_c.h
[4.297s] -- Up-to-date symlink: /home/rosbot/arm_ws/install/arm_interfaces/include/arm_interfaces/arm_interfaces/msg/rosidl_typesupport_fastrtps_c__visibility_control.h
[4.297s] -- Symlinking: /home/rosbot/arm_ws/install/arm_interfaces/include/arm_interfaces/arm_interfaces/srv/detail/sensor_feedback__rosidl_typesupport_fastrtps_c.h
[4.303s] -- Up-to-date symlink: /home/rosbot/arm_ws/install/arm_interfaces/include/arm_interfaces/arm_interfaces/msg/detail/app_params__rosidl_typesupport_introspection_c.h
[4.304s] -- Up-to-date symlink: /home/rosbot/arm_ws/install/arm_interfaces/include/arm_interfaces/arm_interfaces/msg/detail/motor_cmd__rosidl_typesupport_introspection_c.h
[4.304s] -- Up-to-date symlink: /home/rosbot/arm_ws/install/arm_interfaces/include/arm_interfaces/arm_interfaces/msg/detail/sensor_data__rosidl_typesupport_introspection_c.h
[4.304s] -- Up-to-date symlink: /home/rosbot/arm_ws/install/arm_interfaces/include/arm_interfaces/arm_interfaces/msg/rosidl_typesupport_introspection_c__visibility_control.h
[4.304s] -- Symlinking: /home/rosbot/arm_ws/install/arm_interfaces/include/arm_interfaces/arm_interfaces/srv/detail/sensor_feedback__rosidl_typesupport_introspection_c.h
[4.310s] -- Up-to-date symlink: /home/rosbot/arm_ws/install/arm_interfaces/include/arm_interfaces/arm_interfaces/msg/app_params.hpp
[4.311s] -- Up-to-date symlink: /home/rosbot/arm_ws/install/arm_interfaces/include/arm_interfaces/arm_interfaces/msg/detail/app_params__builder.hpp
[4.311s] -- Up-to-date symlink: /home/rosbot/arm_ws/install/arm_interfaces/include/arm_interfaces/arm_interfaces/msg/detail/app_params__struct.hpp
[4.311s] -- Up-to-date symlink: /home/rosbot/arm_ws/install/arm_interfaces/include/arm_interfaces/arm_interfaces/msg/detail/app_params__traits.hpp
[4.311s] -- Up-to-date symlink: /home/rosbot/arm_ws/install/arm_interfaces/include/arm_interfaces/arm_interfaces/msg/detail/motor_cmd__builder.hpp
[4.311s] -- Up-to-date symlink: /home/rosbot/arm_ws/install/arm_interfaces/include/arm_interfaces/arm_interfaces/msg/detail/motor_cmd__struct.hpp
[4.311s] -- Up-to-date symlink: /home/rosbot/arm_ws/install/arm_interfaces/include/arm_interfaces/arm_interfaces/msg/detail/motor_cmd__traits.hpp
[4.311s] -- Up-to-date symlink: /home/rosbot/arm_ws/install/arm_interfaces/include/arm_interfaces/arm_interfaces/msg/detail/sensor_data__builder.hpp
[4.311s] -- Up-to-date symlink: /home/rosbot/arm_ws/install/arm_interfaces/include/arm_interfaces/arm_interfaces/msg/detail/sensor_data__struct.hpp
[4.311s] -- Up-to-date symlink: /home/rosbot/arm_ws/install/arm_interfaces/include/arm_interfaces/arm_interfaces/msg/detail/sensor_data__traits.hpp
[4.311s] -- Up-to-date symlink: /home/rosbot/arm_ws/install/arm_interfaces/include/arm_interfaces/arm_interfaces/msg/motor_cmd.hpp
[4.311s] -- Up-to-date symlink: /home/rosbot/arm_ws/install/arm_interfaces/include/arm_interfaces/arm_interfaces/msg/sensor_data.hpp
[4.311s] -- Symlinking: /home/rosbot/arm_ws/install/arm_interfaces/include/arm_interfaces/arm_interfaces/srv/detail/sensor_feedback__builder.hpp
[4.318s] -- Symlinking: /home/rosbot/arm_ws/install/arm_interfaces/include/arm_interfaces/arm_interfaces/srv/detail/sensor_feedback__struct.hpp
[4.324s] -- Symlinking: /home/rosbot/arm_ws/install/arm_interfaces/include/arm_interfaces/arm_interfaces/srv/detail/sensor_feedback__traits.hpp
[4.331s] -- Symlinking: /home/rosbot/arm_ws/install/arm_interfaces/include/arm_interfaces/arm_interfaces/srv/sensor_feedback.hpp
[4.338s] -- Up-to-date symlink: /home/rosbot/arm_ws/install/arm_interfaces/include/arm_interfaces/arm_interfaces/msg/detail/app_params__rosidl_typesupport_fastrtps_cpp.hpp
[4.338s] -- Up-to-date symlink: /home/rosbot/arm_ws/install/arm_interfaces/include/arm_interfaces/arm_interfaces/msg/detail/motor_cmd__rosidl_typesupport_fastrtps_cpp.hpp
[4.338s] -- Up-to-date symlink: /home/rosbot/arm_ws/install/arm_interfaces/include/arm_interfaces/arm_interfaces/msg/detail/sensor_data__rosidl_typesupport_fastrtps_cpp.hpp
[4.338s] -- Up-to-date symlink: /home/rosbot/arm_ws/install/arm_interfaces/include/arm_interfaces/arm_interfaces/msg/rosidl_typesupport_fastrtps_cpp__visibility_control.h
[4.339s] -- Symlinking: /home/rosbot/arm_ws/install/arm_interfaces/include/arm_interfaces/arm_interfaces/srv/detail/sensor_feedback__rosidl_typesupport_fastrtps_cpp.hpp
[4.346s] -- Up-to-date symlink: /home/rosbot/arm_ws/install/arm_interfaces/include/arm_interfaces/arm_interfaces/msg/detail/app_params__rosidl_typesupport_introspection_cpp.hpp
[4.346s] -- Up-to-date symlink: /home/rosbot/arm_ws/install/arm_interfaces/include/arm_interfaces/arm_interfaces/msg/detail/motor_cmd__rosidl_typesupport_introspection_cpp.hpp
[4.346s] -- Up-to-date symlink: /home/rosbot/arm_ws/install/arm_interfaces/include/arm_interfaces/arm_interfaces/msg/detail/sensor_data__rosidl_typesupport_introspection_cpp.hpp
[4.346s] -- Symlinking: /home/rosbot/arm_ws/install/arm_interfaces/include/arm_interfaces/arm_interfaces/srv/detail/sensor_feedback__rosidl_typesupport_introspection_cpp.hpp
[4.353s] -- Up-to-date symlink: /home/rosbot/arm_ws/install/arm_interfaces/share/arm_interfaces/environment/pythonpath.sh
[4.353s] -- Up-to-date symlink: /home/rosbot/arm_ws/install/arm_interfaces/share/arm_interfaces/environment/pythonpath.dsv
[4.353s] -- Up-to-date symlink: /home/rosbot/arm_ws/install/arm_interfaces/local/lib/python3.10/dist-packages/arm_interfaces-0.0.0-py3.10.egg-info/PKG-INFO
[4.353s] -- Up-to-date symlink: /home/rosbot/arm_ws/install/arm_interfaces/local/lib/python3.10/dist-packages/arm_interfaces-0.0.0-py3.10.egg-info/SOURCES.txt
[4.353s] -- Up-to-date symlink: /home/rosbot/arm_ws/install/arm_interfaces/local/lib/python3.10/dist-packages/arm_interfaces-0.0.0-py3.10.egg-info/dependency_links.txt
[4.353s] -- Up-to-date symlink: /home/rosbot/arm_ws/install/arm_interfaces/local/lib/python3.10/dist-packages/arm_interfaces-0.0.0-py3.10.egg-info/top_level.txt
[4.354s] -- Up-to-date symlink: /home/rosbot/arm_ws/install/arm_interfaces/local/lib/python3.10/dist-packages/arm_interfaces/__init__.py
[4.354s] -- Up-to-date symlink: /home/rosbot/arm_ws/install/arm_interfaces/local/lib/python3.10/dist-packages/arm_interfaces/_arm_interfaces_s.ep.rosidl_typesupport_c.c
[4.354s] -- Up-to-date symlink: /home/rosbot/arm_ws/install/arm_interfaces/local/lib/python3.10/dist-packages/arm_interfaces/_arm_interfaces_s.ep.rosidl_typesupport_fastrtps_c.c
[4.354s] -- Up-to-date symlink: /home/rosbot/arm_ws/install/arm_interfaces/local/lib/python3.10/dist-packages/arm_interfaces/_arm_interfaces_s.ep.rosidl_typesupport_introspection_c.c
[4.354s] -- Up-to-date symlink: /home/rosbot/arm_ws/install/arm_interfaces/local/lib/python3.10/dist-packages/arm_interfaces/arm_interfaces_s__rosidl_typesupport_c.cpython-310-x86_64-linux-gnu.so
[4.354s] -- Up-to-date symlink: /home/rosbot/arm_ws/install/arm_interfaces/local/lib/python3.10/dist-packages/arm_interfaces/arm_interfaces_s__rosidl_typesupport_fastrtps_c.cpython-310-x86_64-linux-gnu.so
[4.355s] -- Up-to-date symlink: /home/rosbot/arm_ws/install/arm_interfaces/local/lib/python3.10/dist-packages/arm_interfaces/arm_interfaces_s__rosidl_typesupport_introspection_c.cpython-310-x86_64-linux-gnu.so
[4.355s] -- Up-to-date symlink: /home/rosbot/arm_ws/install/arm_interfaces/local/lib/python3.10/dist-packages/arm_interfaces/libarm_interfaces__rosidl_generator_py.so
[4.355s] -- Up-to-date symlink: /home/rosbot/arm_ws/install/arm_interfaces/local/lib/python3.10/dist-packages/arm_interfaces/msg/__init__.py
[4.355s] -- Up-to-date symlink: /home/rosbot/arm_ws/install/arm_interfaces/local/lib/python3.10/dist-packages/arm_interfaces/msg/_app_params.py
[4.355s] -- Up-to-date symlink: /home/rosbot/arm_ws/install/arm_interfaces/local/lib/python3.10/dist-packages/arm_interfaces/msg/_app_params_s.c
[4.355s] -- Up-to-date symlink: /home/rosbot/arm_ws/install/arm_interfaces/local/lib/python3.10/dist-packages/arm_interfaces/msg/_motor_cmd.py
[4.355s] -- Up-to-date symlink: /home/rosbot/arm_ws/install/arm_interfaces/local/lib/python3.10/dist-packages/arm_interfaces/msg/_motor_cmd_s.c
[4.355s] -- Up-to-date symlink: /home/rosbot/arm_ws/install/arm_interfaces/local/lib/python3.10/dist-packages/arm_interfaces/msg/_sensor_data.py
[4.355s] -- Up-to-date symlink: /home/rosbot/arm_ws/install/arm_interfaces/local/lib/python3.10/dist-packages/arm_interfaces/msg/_sensor_data_s.c
[4.355s] -- Symlinking: /home/rosbot/arm_ws/install/arm_interfaces/local/lib/python3.10/dist-packages/arm_interfaces/srv/__init__.py
[4.362s] -- Symlinking: /home/rosbot/arm_ws/install/arm_interfaces/local/lib/python3.10/dist-packages/arm_interfaces/srv/_sensor_feedback.py
[4.368s] -- Symlinking: /home/rosbot/arm_ws/install/arm_interfaces/local/lib/python3.10/dist-packages/arm_interfaces/srv/_sensor_feedback_s.c
[4.375s] -- Up-to-date symlink: /home/rosbot/arm_ws/install/arm_interfaces/local/lib/python3.10/dist-packages/arm_interfaces/arm_interfaces_s__rosidl_typesupport_fastrtps_c.cpython-310-x86_64-linux-gnu.so
[4.375s] -- Up-to-date symlink: /home/rosbot/arm_ws/install/arm_interfaces/local/lib/python3.10/dist-packages/arm_interfaces/arm_interfaces_s__rosidl_typesupport_introspection_c.cpython-310-x86_64-linux-gnu.so
[4.375s] -- Up-to-date symlink: /home/rosbot/arm_ws/install/arm_interfaces/local/lib/python3.10/dist-packages/arm_interfaces/arm_interfaces_s__rosidl_typesupport_c.cpython-310-x86_64-linux-gnu.so
[4.375s] -- Up-to-date symlink: /home/rosbot/arm_ws/install/arm_interfaces/share/arm_interfaces/msg/SensorData.idl
[4.375s] -- Up-to-date symlink: /home/rosbot/arm_ws/install/arm_interfaces/share/arm_interfaces/msg/MotorCmd.idl
[4.375s] -- Up-to-date symlink: /home/rosbot/arm_ws/install/arm_interfaces/share/arm_interfaces/msg/AppParams.idl
[4.376s] -- Symlinking: /home/rosbot/arm_ws/install/arm_interfaces/share/arm_interfaces/srv/SensorFeedback.idl
[4.383s] -- Up-to-date symlink: /home/rosbot/arm_ws/install/arm_interfaces/share/arm_interfaces/msg/SensorData.msg
[4.383s] -- Up-to-date symlink: /home/rosbot/arm_ws/install/arm_interfaces/share/arm_interfaces/msg/MotorCmd.msg
[4.383s] -- Up-to-date symlink: /home/rosbot/arm_ws/install/arm_interfaces/share/arm_interfaces/msg/AppParams.msg
[4.383s] -- Symlinking: /home/rosbot/arm_ws/install/arm_interfaces/share/arm_interfaces/srv/SensorFeedback.srv
[4.389s] -- Symlinking: /home/rosbot/arm_ws/install/arm_interfaces/share/arm_interfaces/srv/SensorFeedback_Request.msg
[4.396s] -- Symlinking: /home/rosbot/arm_ws/install/arm_interfaces/share/arm_interfaces/srv/SensorFeedback_Response.msg
[4.403s] -- Up-to-date symlink: /home/rosbot/arm_ws/install/arm_interfaces/share/ament_index/resource_index/package_run_dependencies/arm_interfaces
[4.403s] -- Up-to-date symlink: /home/rosbot/arm_ws/install/arm_interfaces/share/ament_index/resource_index/parent_prefix_path/arm_interfaces
[4.403s] -- Up-to-date symlink: /home/rosbot/arm_ws/install/arm_interfaces/share/arm_interfaces/environment/ament_prefix_path.sh
[4.404s] -- Up-to-date symlink: /home/rosbot/arm_ws/install/arm_interfaces/share/arm_interfaces/environment/ament_prefix_path.dsv
[4.404s] -- Up-to-date symlink: /home/rosbot/arm_ws/install/arm_interfaces/share/arm_interfaces/environment/path.sh
[4.404s] -- Up-to-date symlink: /home/rosbot/arm_ws/install/arm_interfaces/share/arm_interfaces/environment/path.dsv
[4.404s] -- Up-to-date symlink: /home/rosbot/arm_ws/install/arm_interfaces/share/arm_interfaces/local_setup.bash
[4.404s] -- Up-to-date symlink: /home/rosbot/arm_ws/install/arm_interfaces/share/arm_interfaces/local_setup.sh
[4.405s] -- Up-to-date symlink: /home/rosbot/arm_ws/install/arm_interfaces/share/arm_interfaces/local_setup.zsh
[4.405s] -- Up-to-date symlink: /home/rosbot/arm_ws/install/arm_interfaces/share/arm_interfaces/local_setup.dsv
[4.405s] -- Symlinking: /home/rosbot/arm_ws/install/arm_interfaces/share/arm_interfaces/package.dsv
[4.412s] -- Up-to-date symlink: /home/rosbot/arm_ws/install/arm_interfaces/share/ament_index/resource_index/packages/arm_interfaces
[4.412s] -- Up-to-date symlink: /home/rosbot/arm_ws/install/arm_interfaces/share/arm_interfaces/cmake/rosidl_cmake-extras.cmake
[4.412s] -- Up-to-date symlink: /home/rosbot/arm_ws/install/arm_interfaces/share/arm_interfaces/cmake/ament_cmake_export_include_directories-extras.cmake
[4.412s] -- Up-to-date symlink: /home/rosbot/arm_ws/install/arm_interfaces/share/arm_interfaces/cmake/ament_cmake_export_libraries-extras.cmake
[4.412s] -- Up-to-date symlink: /home/rosbot/arm_ws/install/arm_interfaces/share/arm_interfaces/cmake/ament_cmake_export_targets-extras.cmake
[4.412s] -- Up-to-date symlink: /home/rosbot/arm_ws/install/arm_interfaces/share/arm_interfaces/cmake/rosidl_cmake_export_typesupport_targets-extras.cmake
[4.412s] -- Up-to-date symlink: /home/rosbot/arm_ws/install/arm_interfaces/share/arm_interfaces/cmake/ament_cmake_export_dependencies-extras.cmake
[4.413s] -- Up-to-date symlink: /home/rosbot/arm_ws/install/arm_interfaces/share/arm_interfaces/cmake/rosidl_cmake_export_typesupport_libraries-extras.cmake
[4.413s] -- Up-to-date symlink: /home/rosbot/arm_ws/install/arm_interfaces/share/arm_interfaces/cmake/arm_interfacesConfig.cmake
[4.413s] -- Up-to-date symlink: /home/rosbot/arm_ws/install/arm_interfaces/share/arm_interfaces/cmake/arm_interfacesConfig-version.cmake
[4.413s] -- Up-to-date symlink: /home/rosbot/arm_ws/install/arm_interfaces/share/arm_interfaces/package.xml
[4.416s] -- Installing: /home/rosbot/arm_ws/install/arm_interfaces/lib/libarm_interfaces__rosidl_generator_c.so
[4.416s] -- Set runtime path of "/home/rosbot/arm_ws/install/arm_interfaces/lib/libarm_interfaces__rosidl_generator_c.so" to ""
[4.417s] -- Installing: /home/rosbot/arm_ws/install/arm_interfaces/lib/libarm_interfaces__rosidl_typesupport_fastrtps_c.so
[4.417s] -- Set runtime path of "/home/rosbot/arm_ws/install/arm_interfaces/lib/libarm_interfaces__rosidl_typesupport_fastrtps_c.so" to ""
[4.417s] -- Installing: /home/rosbot/arm_ws/install/arm_interfaces/lib/libarm_interfaces__rosidl_typesupport_introspection_c.so
[4.418s] -- Set runtime path of "/home/rosbot/arm_ws/install/arm_interfaces/lib/libarm_interfaces__rosidl_typesupport_introspection_c.so" to ""
[4.418s] -- Installing: /home/rosbot/arm_ws/install/arm_interfaces/lib/libarm_interfaces__rosidl_typesupport_c.so
[4.418s] -- Set runtime path of "/home/rosbot/arm_ws/install/arm_interfaces/lib/libarm_interfaces__rosidl_typesupport_c.so" to ""
[4.419s] -- Installing: /home/rosbot/arm_ws/install/arm_interfaces/lib/libarm_interfaces__rosidl_typesupport_fastrtps_cpp.so
[4.419s] -- Set runtime path of "/home/rosbot/arm_ws/install/arm_interfaces/lib/libarm_interfaces__rosidl_typesupport_fastrtps_cpp.so" to ""
[4.420s] -- Installing: /home/rosbot/arm_ws/install/arm_interfaces/lib/libarm_interfaces__rosidl_typesupport_introspection_cpp.so
[4.420s] -- Set runtime path of "/home/rosbot/arm_ws/install/arm_interfaces/lib/libarm_interfaces__rosidl_typesupport_introspection_cpp.so" to ""
[4.420s] -- Installing: /home/rosbot/arm_ws/install/arm_interfaces/lib/libarm_interfaces__rosidl_typesupport_cpp.so
[4.420s] -- Set runtime path of "/home/rosbot/arm_ws/install/arm_interfaces/lib/libarm_interfaces__rosidl_typesupport_cpp.so" to ""
[4.454s] Listing '/home/rosbot/arm_ws/install/arm_interfaces/local/lib/python3.10/dist-packages/arm_interfaces'...
[4.454s] Compiling '/home/rosbot/arm_ws/install/arm_interfaces/local/lib/python3.10/dist-packages/arm_interfaces/__init__.py'...
[4.454s] Listing '/home/rosbot/arm_ws/install/arm_interfaces/local/lib/python3.10/dist-packages/arm_interfaces/msg'...
[4.454s] Compiling '/home/rosbot/arm_ws/install/arm_interfaces/local/lib/python3.10/dist-packages/arm_interfaces/msg/__init__.py'...
[4.455s] Compiling '/home/rosbot/arm_ws/install/arm_interfaces/local/lib/python3.10/dist-packages/arm_interfaces/msg/_app_params.py'...
[4.455s] Compiling '/home/rosbot/arm_ws/install/arm_interfaces/local/lib/python3.10/dist-packages/arm_interfaces/msg/_motor_cmd.py'...
[4.455s] Compiling '/home/rosbot/arm_ws/install/arm_interfaces/local/lib/python3.10/dist-packages/arm_interfaces/msg/_sensor_data.py'...
[4.455s] Listing '/home/rosbot/arm_ws/install/arm_interfaces/local/lib/python3.10/dist-packages/arm_interfaces/srv'...
[4.455s] Compiling '/home/rosbot/arm_ws/install/arm_interfaces/local/lib/python3.10/dist-packages/arm_interfaces/srv/__init__.py'...
[4.455s] Compiling '/home/rosbot/arm_ws/install/arm_interfaces/local/lib/python3.10/dist-packages/arm_interfaces/srv/_sensor_feedback.py'...
[4.458s] -- Installing: /home/rosbot/arm_ws/install/arm_interfaces/lib/libarm_interfaces__rosidl_generator_py.so
[4.459s] -- Set runtime path of "/home/rosbot/arm_ws/install/arm_interfaces/lib/libarm_interfaces__rosidl_generator_py.so" to ""
[4.459s] -- Up-to-date: /home/rosbot/arm_ws/install/arm_interfaces/share/arm_interfaces/cmake/export_arm_interfaces__rosidl_generator_cExport.cmake
[4.459s] -- Up-to-date: /home/rosbot/arm_ws/install/arm_interfaces/share/arm_interfaces/cmake/export_arm_interfaces__rosidl_generator_cExport-noconfig.cmake
[4.459s] -- Up-to-date: /home/rosbot/arm_ws/install/arm_interfaces/share/arm_interfaces/cmake/export_arm_interfaces__rosidl_typesupport_fastrtps_cExport.cmake
[4.459s] -- Up-to-date: /home/rosbot/arm_ws/install/arm_interfaces/share/arm_interfaces/cmake/export_arm_interfaces__rosidl_typesupport_fastrtps_cExport-noconfig.cmake
[4.459s] -- Up-to-date: /home/rosbot/arm_ws/install/arm_interfaces/share/arm_interfaces/cmake/arm_interfaces__rosidl_typesupport_introspection_cExport.cmake
[4.460s] -- Up-to-date: /home/rosbot/arm_ws/install/arm_interfaces/share/arm_interfaces/cmake/arm_interfaces__rosidl_typesupport_introspection_cExport-noconfig.cmake
[4.460s] -- Up-to-date: /home/rosbot/arm_ws/install/arm_interfaces/share/arm_interfaces/cmake/arm_interfaces__rosidl_typesupport_cExport.cmake
[4.460s] -- Up-to-date: /home/rosbot/arm_ws/install/arm_interfaces/share/arm_interfaces/cmake/arm_interfaces__rosidl_typesupport_cExport-noconfig.cmake
[4.460s] -- Up-to-date: /home/rosbot/arm_ws/install/arm_interfaces/share/arm_interfaces/cmake/export_arm_interfaces__rosidl_generator_cppExport.cmake
[4.460s] -- Up-to-date: /home/rosbot/arm_ws/install/arm_interfaces/share/arm_interfaces/cmake/export_arm_interfaces__rosidl_typesupport_fastrtps_cppExport.cmake
[4.460s] -- Up-to-date: /home/rosbot/arm_ws/install/arm_interfaces/share/arm_interfaces/cmake/export_arm_interfaces__rosidl_typesupport_fastrtps_cppExport-noconfig.cmake
[4.460s] -- Up-to-date: /home/rosbot/arm_ws/install/arm_interfaces/share/arm_interfaces/cmake/arm_interfaces__rosidl_typesupport_introspection_cppExport.cmake
[4.460s] -- Up-to-date: /home/rosbot/arm_ws/install/arm_interfaces/share/arm_interfaces/cmake/arm_interfaces__rosidl_typesupport_introspection_cppExport-noconfig.cmake
[4.460s] -- Up-to-date: /home/rosbot/arm_ws/install/arm_interfaces/share/arm_interfaces/cmake/arm_interfaces__rosidl_typesupport_cppExport.cmake
[4.461s] -- Up-to-date: /home/rosbot/arm_ws/install/arm_interfaces/share/arm_interfaces/cmake/arm_interfaces__rosidl_typesupport_cppExport-noconfig.cmake
[4.461s] -- Up-to-date: /home/rosbot/arm_ws/install/arm_interfaces/share/arm_interfaces/cmake/export_arm_interfaces__rosidl_generator_pyExport.cmake
[4.461s] -- Up-to-date: /home/rosbot/arm_ws/install/arm_interfaces/share/arm_interfaces/cmake/export_arm_interfaces__rosidl_generator_pyExport-noconfig.cmake
[4.463s] Invoked command in '/home/rosbot/arm_ws/build/arm_interfaces' returned '0': CMAKE_PREFIX_PATH=${CMAKE_PREFIX_PATH}:/home/rosbot/arm_ws/install/1DOF_arm_controller:/opt/ros/humble /usr/bin/cmake --install /home/rosbot/arm_ws/build/arm_interfaces
