[0.007s] Invoking command in '/home/rosbot/arm_ws/build/arm_interfaces': AMENT_PREFIX_PATH=/home/rosbot/arm_ws/install/1DOF_arm_controller:/home/rosbot/arm_ws/install/arm_interfaces:/opt/ros/humble CMAKE_PREFIX_PATH=${CMAKE_PREFIX_PATH}:/home/rosbot/arm_ws/install/1DOF_arm_controller:/opt/ros/humble PYTHONPATH=/home/rosbot/arm_ws/install/1DOF_arm_controller/lib/python3.10/site-packages:/home/rosbot/arm_ws/install/arm_interfaces/local/lib/python3.10/dist-packages:/opt/ros/humble/lib/python3.10/site-packages:/opt/ros/humble/local/lib/python3.10/dist-packages /usr/bin/cmake --build /home/rosbot/arm_ws/build/arm_interfaces -- -j12 -l12
[0.047s] [  1%] Built target arm_interfaces__cpp
[0.047s] [ 12%] Built target arm_interfaces__rosidl_generator_c
[0.055s] [ 12%] Built target ament_cmake_python_copy_arm_interfaces
[0.064s] [ 29%] Built target arm_interfaces__rosidl_typesupport_cpp
[0.064s] [ 34%] Built target arm_interfaces__rosidl_typesupport_introspection_c
[0.065s] [ 45%] Built target arm_interfaces__rosidl_typesupport_introspection_cpp
[0.068s] [ 69%] Built target arm_interfaces__rosidl_typesupport_c
[0.068s] [ 69%] Built target arm_interfaces__rosidl_typesupport_fastrtps_c
[0.068s] [ 78%] Built target arm_interfaces__rosidl_typesupport_fastrtps_cpp
[0.083s] [ 78%] Built target arm_interfaces
[0.098s] [ 80%] Built target arm_interfaces__py
[0.116s] [ 89%] Built target arm_interfaces__rosidl_generator_py
[0.134s] [100%] Built target arm_interfaces__rosidl_typesupport_introspection_c__pyext
[0.134s] [100%] Built target arm_interfaces__rosidl_typesupport_c__pyext
[0.134s] [100%] Built target arm_interfaces__rosidl_typesupport_fastrtps_c__pyext
[0.276s] running egg_info
[0.276s] writing arm_interfaces.egg-info/PKG-INFO
[0.277s] writing dependency_links to arm_interfaces.egg-info/dependency_links.txt
[0.277s] writing top-level names to arm_interfaces.egg-info/top_level.txt
[0.279s] reading manifest file 'arm_interfaces.egg-info/SOURCES.txt'
[0.279s] writing manifest file 'arm_interfaces.egg-info/SOURCES.txt'
[0.299s] [100%] Built target ament_cmake_python_build_arm_interfaces_egg
[0.308s] Invoked command in '/home/rosbot/arm_ws/build/arm_interfaces' returned '0': AMENT_PREFIX_PATH=/home/rosbot/arm_ws/install/1DOF_arm_controller:/home/rosbot/arm_ws/install/arm_interfaces:/opt/ros/humble CMAKE_PREFIX_PATH=${CMAKE_PREFIX_PATH}:/home/rosbot/arm_ws/install/1DOF_arm_controller:/opt/ros/humble PYTHONPATH=/home/rosbot/arm_ws/install/1DOF_arm_controller/lib/python3.10/site-packages:/home/rosbot/arm_ws/install/arm_interfaces/local/lib/python3.10/dist-packages:/opt/ros/humble/lib/python3.10/site-packages:/opt/ros/humble/local/lib/python3.10/dist-packages /usr/bin/cmake --build /home/rosbot/arm_ws/build/arm_interfaces -- -j12 -l12
[0.387s] Invoking command in '/home/rosbot/arm_ws/build/arm_interfaces': AMENT_PREFIX_PATH=/home/rosbot/arm_ws/install/1DOF_arm_controller:/home/rosbot/arm_ws/install/arm_interfaces:/opt/ros/humble CMAKE_PREFIX_PATH=${CMAKE_PREFIX_PATH}:/home/rosbot/arm_ws/install/1DOF_arm_controller:/opt/ros/humble PYTHONPATH=/home/rosbot/arm_ws/install/1DOF_arm_controller/lib/python3.10/site-packages:/home/rosbot/arm_ws/install/arm_interfaces/local/lib/python3.10/dist-packages:/opt/ros/humble/lib/python3.10/site-packages:/opt/ros/humble/local/lib/python3.10/dist-packages /usr/bin/cmake --install /home/rosbot/arm_ws/build/arm_interfaces
[0.393s] -- Install configuration: ""
[0.393s] -- Up-to-date: /home/rosbot/arm_ws/install/arm_interfaces/share/arm_interfaces/launch
[0.393s] -- Up-to-date: /home/rosbot/arm_ws/install/arm_interfaces/share/arm_interfaces/launch/kinco.launch.py
[0.393s] -- Up-to-date: /home/rosbot/arm_ws/install/arm_interfaces/share/ament_index/resource_index/rosidl_interfaces/arm_interfaces
[0.393s] -- Up-to-date: /home/rosbot/arm_ws/install/arm_interfaces/include/arm_interfaces/arm_interfaces
[0.394s] -- Up-to-date: /home/rosbot/arm_ws/install/arm_interfaces/include/arm_interfaces/arm_interfaces/msg
[0.394s] -- Up-to-date: /home/rosbot/arm_ws/install/arm_interfaces/include/arm_interfaces/arm_interfaces/msg/detail
[0.394s] -- Up-to-date: /home/rosbot/arm_ws/install/arm_interfaces/include/arm_interfaces/arm_interfaces/msg/detail/sensor_data__functions.c
[0.394s] -- Up-to-date: /home/rosbot/arm_ws/install/arm_interfaces/include/arm_interfaces/arm_interfaces/msg/detail/motor_cmd__functions.c
[0.394s] -- Up-to-date: /home/rosbot/arm_ws/install/arm_interfaces/include/arm_interfaces/arm_interfaces/msg/detail/app_params__struct.h
[0.394s] -- Up-to-date: /home/rosbot/arm_ws/install/arm_interfaces/include/arm_interfaces/arm_interfaces/msg/detail/motor_cmd__functions.h
[0.394s] -- Up-to-date: /home/rosbot/arm_ws/install/arm_interfaces/include/arm_interfaces/arm_interfaces/msg/detail/sensor_data__struct.h
[0.394s] -- Up-to-date: /home/rosbot/arm_ws/install/arm_interfaces/include/arm_interfaces/arm_interfaces/msg/detail/sensor_data__functions.h
[0.395s] -- Up-to-date: /home/rosbot/arm_ws/install/arm_interfaces/include/arm_interfaces/arm_interfaces/msg/detail/motor_cmd__struct.h
[0.395s] -- Up-to-date: /home/rosbot/arm_ws/install/arm_interfaces/include/arm_interfaces/arm_interfaces/msg/detail/app_params__functions.h
[0.395s] -- Up-to-date: /home/rosbot/arm_ws/install/arm_interfaces/include/arm_interfaces/arm_interfaces/msg/detail/app_params__type_support.h
[0.395s] -- Up-to-date: /home/rosbot/arm_ws/install/arm_interfaces/include/arm_interfaces/arm_interfaces/msg/detail/motor_cmd__type_support.h
[0.395s] -- Up-to-date: /home/rosbot/arm_ws/install/arm_interfaces/include/arm_interfaces/arm_interfaces/msg/detail/app_params__functions.c
[0.395s] -- Up-to-date: /home/rosbot/arm_ws/install/arm_interfaces/include/arm_interfaces/arm_interfaces/msg/detail/sensor_data__type_support.h
[0.395s] -- Up-to-date: /home/rosbot/arm_ws/install/arm_interfaces/include/arm_interfaces/arm_interfaces/msg/motor_cmd.h
[0.395s] -- Up-to-date: /home/rosbot/arm_ws/install/arm_interfaces/include/arm_interfaces/arm_interfaces/msg/app_params.h
[0.395s] -- Up-to-date: /home/rosbot/arm_ws/install/arm_interfaces/include/arm_interfaces/arm_interfaces/msg/sensor_data.h
[0.396s] -- Up-to-date: /home/rosbot/arm_ws/install/arm_interfaces/include/arm_interfaces/arm_interfaces/msg/rosidl_generator_c__visibility_control.h
[0.396s] -- Up-to-date: /home/rosbot/arm_ws/install/arm_interfaces/include/arm_interfaces/arm_interfaces/srv
[0.396s] -- Up-to-date: /home/rosbot/arm_ws/install/arm_interfaces/include/arm_interfaces/arm_interfaces/srv/sensor_feedback.h
[0.396s] -- Up-to-date: /home/rosbot/arm_ws/install/arm_interfaces/include/arm_interfaces/arm_interfaces/srv/detail
[0.396s] -- Up-to-date: /home/rosbot/arm_ws/install/arm_interfaces/include/arm_interfaces/arm_interfaces/srv/detail/sensor_feedback__struct.h
[0.396s] -- Up-to-date: /home/rosbot/arm_ws/install/arm_interfaces/include/arm_interfaces/arm_interfaces/srv/detail/sensor_feedback__functions.c
[0.396s] -- Up-to-date: /home/rosbot/arm_ws/install/arm_interfaces/include/arm_interfaces/arm_interfaces/srv/detail/sensor_feedback__functions.h
[0.396s] -- Up-to-date: /home/rosbot/arm_ws/install/arm_interfaces/include/arm_interfaces/arm_interfaces/srv/detail/sensor_feedback__type_support.h
[0.396s] -- Up-to-date: /home/rosbot/arm_ws/install/arm_interfaces/share/arm_interfaces/environment/library_path.sh
[0.397s] -- Up-to-date: /home/rosbot/arm_ws/install/arm_interfaces/share/arm_interfaces/environment/library_path.dsv
[0.397s] -- Up-to-date: /home/rosbot/arm_ws/install/arm_interfaces/lib/libarm_interfaces__rosidl_generator_c.so
[0.397s] -- Up-to-date: /home/rosbot/arm_ws/install/arm_interfaces/include/arm_interfaces/arm_interfaces
[0.397s] -- Up-to-date: /home/rosbot/arm_ws/install/arm_interfaces/include/arm_interfaces/arm_interfaces/msg
[0.397s] -- Up-to-date: /home/rosbot/arm_ws/install/arm_interfaces/include/arm_interfaces/arm_interfaces/msg/rosidl_typesupport_fastrtps_c__visibility_control.h
[0.397s] -- Up-to-date: /home/rosbot/arm_ws/install/arm_interfaces/include/arm_interfaces/arm_interfaces/msg/detail
[0.397s] -- Up-to-date: /home/rosbot/arm_ws/install/arm_interfaces/include/arm_interfaces/arm_interfaces/msg/detail/sensor_data__rosidl_typesupport_fastrtps_c.h
[0.398s] -- Up-to-date: /home/rosbot/arm_ws/install/arm_interfaces/include/arm_interfaces/arm_interfaces/msg/detail/motor_cmd__rosidl_typesupport_fastrtps_c.h
[0.398s] -- Up-to-date: /home/rosbot/arm_ws/install/arm_interfaces/include/arm_interfaces/arm_interfaces/msg/detail/app_params__rosidl_typesupport_fastrtps_c.h
[0.398s] -- Up-to-date: /home/rosbot/arm_ws/install/arm_interfaces/include/arm_interfaces/arm_interfaces/srv
[0.398s] -- Up-to-date: /home/rosbot/arm_ws/install/arm_interfaces/include/arm_interfaces/arm_interfaces/srv/detail
[0.398s] -- Up-to-date: /home/rosbot/arm_ws/install/arm_interfaces/include/arm_interfaces/arm_interfaces/srv/detail/sensor_feedback__rosidl_typesupport_fastrtps_c.h
[0.398s] -- Up-to-date: /home/rosbot/arm_ws/install/arm_interfaces/lib/libarm_interfaces__rosidl_typesupport_fastrtps_c.so
[0.398s] -- Up-to-date: /home/rosbot/arm_ws/install/arm_interfaces/include/arm_interfaces/arm_interfaces
[0.398s] -- Up-to-date: /home/rosbot/arm_ws/install/arm_interfaces/include/arm_interfaces/arm_interfaces/msg
[0.398s] -- Up-to-date: /home/rosbot/arm_ws/install/arm_interfaces/include/arm_interfaces/arm_interfaces/msg/detail
[0.399s] -- Up-to-date: /home/rosbot/arm_ws/install/arm_interfaces/include/arm_interfaces/arm_interfaces/msg/detail/sensor_data__type_support.c
[0.399s] -- Up-to-date: /home/rosbot/arm_ws/install/arm_interfaces/include/arm_interfaces/arm_interfaces/msg/detail/motor_cmd__type_support.c
[0.399s] -- Up-to-date: /home/rosbot/arm_ws/install/arm_interfaces/include/arm_interfaces/arm_interfaces/msg/detail/app_params__rosidl_typesupport_introspection_c.h
[0.399s] -- Up-to-date: /home/rosbot/arm_ws/install/arm_interfaces/include/arm_interfaces/arm_interfaces/msg/detail/app_params__type_support.c
[0.399s] -- Up-to-date: /home/rosbot/arm_ws/install/arm_interfaces/include/arm_interfaces/arm_interfaces/msg/detail/motor_cmd__rosidl_typesupport_introspection_c.h
[0.399s] -- Up-to-date: /home/rosbot/arm_ws/install/arm_interfaces/include/arm_interfaces/arm_interfaces/msg/detail/sensor_data__rosidl_typesupport_introspection_c.h
[0.399s] -- Up-to-date: /home/rosbot/arm_ws/install/arm_interfaces/include/arm_interfaces/arm_interfaces/msg/rosidl_typesupport_introspection_c__visibility_control.h
[0.399s] -- Up-to-date: /home/rosbot/arm_ws/install/arm_interfaces/include/arm_interfaces/arm_interfaces/srv
[0.399s] -- Up-to-date: /home/rosbot/arm_ws/install/arm_interfaces/include/arm_interfaces/arm_interfaces/srv/detail
[0.400s] -- Up-to-date: /home/rosbot/arm_ws/install/arm_interfaces/include/arm_interfaces/arm_interfaces/srv/detail/sensor_feedback__rosidl_typesupport_introspection_c.h
[0.400s] -- Up-to-date: /home/rosbot/arm_ws/install/arm_interfaces/include/arm_interfaces/arm_interfaces/srv/detail/sensor_feedback__type_support.c
[0.400s] -- Up-to-date: /home/rosbot/arm_ws/install/arm_interfaces/lib/libarm_interfaces__rosidl_typesupport_introspection_c.so
[0.400s] -- Up-to-date: /home/rosbot/arm_ws/install/arm_interfaces/lib/libarm_interfaces__rosidl_typesupport_c.so
[0.400s] -- Up-to-date: /home/rosbot/arm_ws/install/arm_interfaces/include/arm_interfaces/arm_interfaces
[0.400s] -- Up-to-date: /home/rosbot/arm_ws/install/arm_interfaces/include/arm_interfaces/arm_interfaces/msg
[0.400s] -- Up-to-date: /home/rosbot/arm_ws/install/arm_interfaces/include/arm_interfaces/arm_interfaces/msg/motor_cmd.hpp
[0.400s] -- Up-to-date: /home/rosbot/arm_ws/install/arm_interfaces/include/arm_interfaces/arm_interfaces/msg/sensor_data.hpp
[0.400s] -- Up-to-date: /home/rosbot/arm_ws/install/arm_interfaces/include/arm_interfaces/arm_interfaces/msg/detail
[0.401s] -- Up-to-date: /home/rosbot/arm_ws/install/arm_interfaces/include/arm_interfaces/arm_interfaces/msg/detail/sensor_data__struct.hpp
[0.401s] -- Up-to-date: /home/rosbot/arm_ws/install/arm_interfaces/include/arm_interfaces/arm_interfaces/msg/detail/motor_cmd__traits.hpp
[0.401s] -- Up-to-date: /home/rosbot/arm_ws/install/arm_interfaces/include/arm_interfaces/arm_interfaces/msg/detail/sensor_data__builder.hpp
[0.401s] -- Up-to-date: /home/rosbot/arm_ws/install/arm_interfaces/include/arm_interfaces/arm_interfaces/msg/detail/app_params__struct.hpp
[0.401s] -- Up-to-date: /home/rosbot/arm_ws/install/arm_interfaces/include/arm_interfaces/arm_interfaces/msg/detail/motor_cmd__builder.hpp
[0.401s] -- Up-to-date: /home/rosbot/arm_ws/install/arm_interfaces/include/arm_interfaces/arm_interfaces/msg/detail/app_params__traits.hpp
[0.401s] -- Up-to-date: /home/rosbot/arm_ws/install/arm_interfaces/include/arm_interfaces/arm_interfaces/msg/detail/app_params__builder.hpp
[0.401s] -- Up-to-date: /home/rosbot/arm_ws/install/arm_interfaces/include/arm_interfaces/arm_interfaces/msg/detail/sensor_data__traits.hpp
[0.402s] -- Up-to-date: /home/rosbot/arm_ws/install/arm_interfaces/include/arm_interfaces/arm_interfaces/msg/detail/motor_cmd__struct.hpp
[0.402s] -- Up-to-date: /home/rosbot/arm_ws/install/arm_interfaces/include/arm_interfaces/arm_interfaces/msg/app_params.hpp
[0.402s] -- Up-to-date: /home/rosbot/arm_ws/install/arm_interfaces/include/arm_interfaces/arm_interfaces/srv
[0.402s] -- Up-to-date: /home/rosbot/arm_ws/install/arm_interfaces/include/arm_interfaces/arm_interfaces/srv/sensor_feedback.hpp
[0.402s] -- Up-to-date: /home/rosbot/arm_ws/install/arm_interfaces/include/arm_interfaces/arm_interfaces/srv/detail
[0.402s] -- Up-to-date: /home/rosbot/arm_ws/install/arm_interfaces/include/arm_interfaces/arm_interfaces/srv/detail/sensor_feedback__traits.hpp
[0.402s] -- Up-to-date: /home/rosbot/arm_ws/install/arm_interfaces/include/arm_interfaces/arm_interfaces/srv/detail/sensor_feedback__struct.hpp
[0.402s] -- Up-to-date: /home/rosbot/arm_ws/install/arm_interfaces/include/arm_interfaces/arm_interfaces/srv/detail/sensor_feedback__builder.hpp
[0.402s] -- Up-to-date: /home/rosbot/arm_ws/install/arm_interfaces/include/arm_interfaces/arm_interfaces
[0.402s] -- Up-to-date: /home/rosbot/arm_ws/install/arm_interfaces/include/arm_interfaces/arm_interfaces/msg
[0.402s] -- Up-to-date: /home/rosbot/arm_ws/install/arm_interfaces/include/arm_interfaces/arm_interfaces/msg/detail
[0.402s] -- Up-to-date: /home/rosbot/arm_ws/install/arm_interfaces/include/arm_interfaces/arm_interfaces/msg/detail/app_params__rosidl_typesupport_fastrtps_cpp.hpp
[0.402s] -- Up-to-date: /home/rosbot/arm_ws/install/arm_interfaces/include/arm_interfaces/arm_interfaces/msg/detail/motor_cmd__rosidl_typesupport_fastrtps_cpp.hpp
[0.402s] -- Up-to-date: /home/rosbot/arm_ws/install/arm_interfaces/include/arm_interfaces/arm_interfaces/msg/detail/sensor_data__rosidl_typesupport_fastrtps_cpp.hpp
[0.402s] -- Up-to-date: /home/rosbot/arm_ws/install/arm_interfaces/include/arm_interfaces/arm_interfaces/msg/detail/dds_fastrtps
[0.402s] -- Up-to-date: /home/rosbot/arm_ws/install/arm_interfaces/include/arm_interfaces/arm_interfaces/msg/rosidl_typesupport_fastrtps_cpp__visibility_control.h
[0.402s] -- Up-to-date: /home/rosbot/arm_ws/install/arm_interfaces/include/arm_interfaces/arm_interfaces/srv
[0.402s] -- Up-to-date: /home/rosbot/arm_ws/install/arm_interfaces/include/arm_interfaces/arm_interfaces/srv/detail
[0.403s] -- Up-to-date: /home/rosbot/arm_ws/install/arm_interfaces/include/arm_interfaces/arm_interfaces/srv/detail/sensor_feedback__rosidl_typesupport_fastrtps_cpp.hpp
[0.403s] -- Up-to-date: /home/rosbot/arm_ws/install/arm_interfaces/include/arm_interfaces/arm_interfaces/srv/detail/dds_fastrtps
[0.403s] -- Up-to-date: /home/rosbot/arm_ws/install/arm_interfaces/lib/libarm_interfaces__rosidl_typesupport_fastrtps_cpp.so
[0.403s] -- Up-to-date: /home/rosbot/arm_ws/install/arm_interfaces/include/arm_interfaces/arm_interfaces
[0.403s] -- Up-to-date: /home/rosbot/arm_ws/install/arm_interfaces/include/arm_interfaces/arm_interfaces/msg
[0.403s] -- Up-to-date: /home/rosbot/arm_ws/install/arm_interfaces/include/arm_interfaces/arm_interfaces/msg/detail
[0.403s] -- Up-to-date: /home/rosbot/arm_ws/install/arm_interfaces/include/arm_interfaces/arm_interfaces/msg/detail/sensor_data__type_support.cpp
[0.403s] -- Up-to-date: /home/rosbot/arm_ws/install/arm_interfaces/include/arm_interfaces/arm_interfaces/msg/detail/motor_cmd__type_support.cpp
[0.403s] -- Up-to-date: /home/rosbot/arm_ws/install/arm_interfaces/include/arm_interfaces/arm_interfaces/msg/detail/app_params__type_support.cpp
[0.403s] -- Up-to-date: /home/rosbot/arm_ws/install/arm_interfaces/include/arm_interfaces/arm_interfaces/msg/detail/sensor_data__rosidl_typesupport_introspection_cpp.hpp
[0.403s] -- Up-to-date: /home/rosbot/arm_ws/install/arm_interfaces/include/arm_interfaces/arm_interfaces/msg/detail/motor_cmd__rosidl_typesupport_introspection_cpp.hpp
[0.403s] -- Up-to-date: /home/rosbot/arm_ws/install/arm_interfaces/include/arm_interfaces/arm_interfaces/msg/detail/app_params__rosidl_typesupport_introspection_cpp.hpp
[0.403s] -- Up-to-date: /home/rosbot/arm_ws/install/arm_interfaces/include/arm_interfaces/arm_interfaces/srv
[0.403s] -- Up-to-date: /home/rosbot/arm_ws/install/arm_interfaces/include/arm_interfaces/arm_interfaces/srv/detail
[0.403s] -- Up-to-date: /home/rosbot/arm_ws/install/arm_interfaces/include/arm_interfaces/arm_interfaces/srv/detail/sensor_feedback__type_support.cpp
[0.403s] -- Up-to-date: /home/rosbot/arm_ws/install/arm_interfaces/include/arm_interfaces/arm_interfaces/srv/detail/sensor_feedback__rosidl_typesupport_introspection_cpp.hpp
[0.403s] -- Up-to-date: /home/rosbot/arm_ws/install/arm_interfaces/lib/libarm_interfaces__rosidl_typesupport_introspection_cpp.so
[0.403s] -- Up-to-date: /home/rosbot/arm_ws/install/arm_interfaces/lib/libarm_interfaces__rosidl_typesupport_cpp.so
[0.403s] -- Up-to-date: /home/rosbot/arm_ws/install/arm_interfaces/share/arm_interfaces/environment/pythonpath.sh
[0.404s] -- Up-to-date: /home/rosbot/arm_ws/install/arm_interfaces/share/arm_interfaces/environment/pythonpath.dsv
[0.404s] -- Up-to-date: /home/rosbot/arm_ws/install/arm_interfaces/local/lib/python3.10/dist-packages/arm_interfaces-0.0.0-py3.10.egg-info
[0.404s] -- Installing: /home/rosbot/arm_ws/install/arm_interfaces/local/lib/python3.10/dist-packages/arm_interfaces-0.0.0-py3.10.egg-info/top_level.txt
[0.404s] -- Installing: /home/rosbot/arm_ws/install/arm_interfaces/local/lib/python3.10/dist-packages/arm_interfaces-0.0.0-py3.10.egg-info/dependency_links.txt
[0.404s] -- Installing: /home/rosbot/arm_ws/install/arm_interfaces/local/lib/python3.10/dist-packages/arm_interfaces-0.0.0-py3.10.egg-info/SOURCES.txt
[0.404s] -- Installing: /home/rosbot/arm_ws/install/arm_interfaces/local/lib/python3.10/dist-packages/arm_interfaces-0.0.0-py3.10.egg-info/PKG-INFO
[0.404s] -- Up-to-date: /home/rosbot/arm_ws/install/arm_interfaces/local/lib/python3.10/dist-packages/arm_interfaces
[0.404s] -- Up-to-date: /home/rosbot/arm_ws/install/arm_interfaces/local/lib/python3.10/dist-packages/arm_interfaces/arm_interfaces_s__rosidl_typesupport_introspection_c.cpython-310-x86_64-linux-gnu.so
[0.404s] -- Up-to-date: /home/rosbot/arm_ws/install/arm_interfaces/local/lib/python3.10/dist-packages/arm_interfaces/_arm_interfaces_s.ep.rosidl_typesupport_c.c
[0.404s] -- Up-to-date: /home/rosbot/arm_ws/install/arm_interfaces/local/lib/python3.10/dist-packages/arm_interfaces/arm_interfaces_s__rosidl_typesupport_c.cpython-310-x86_64-linux-gnu.so
[0.404s] -- Up-to-date: /home/rosbot/arm_ws/install/arm_interfaces/local/lib/python3.10/dist-packages/arm_interfaces/msg
[0.404s] -- Up-to-date: /home/rosbot/arm_ws/install/arm_interfaces/local/lib/python3.10/dist-packages/arm_interfaces/msg/_app_params.py
[0.404s] -- Up-to-date: /home/rosbot/arm_ws/install/arm_interfaces/local/lib/python3.10/dist-packages/arm_interfaces/msg/__init__.py
[0.404s] -- Up-to-date: /home/rosbot/arm_ws/install/arm_interfaces/local/lib/python3.10/dist-packages/arm_interfaces/msg/_motor_cmd_s.c
[0.404s] -- Up-to-date: /home/rosbot/arm_ws/install/arm_interfaces/local/lib/python3.10/dist-packages/arm_interfaces/msg/_motor_cmd.py
[0.404s] -- Up-to-date: /home/rosbot/arm_ws/install/arm_interfaces/local/lib/python3.10/dist-packages/arm_interfaces/msg/_sensor_data_s.c
[0.404s] -- Up-to-date: /home/rosbot/arm_ws/install/arm_interfaces/local/lib/python3.10/dist-packages/arm_interfaces/msg/_sensor_data.py
[0.404s] -- Up-to-date: /home/rosbot/arm_ws/install/arm_interfaces/local/lib/python3.10/dist-packages/arm_interfaces/msg/_app_params_s.c
[0.404s] -- Up-to-date: /home/rosbot/arm_ws/install/arm_interfaces/local/lib/python3.10/dist-packages/arm_interfaces/_arm_interfaces_s.ep.rosidl_typesupport_fastrtps_c.c
[0.405s] -- Up-to-date: /home/rosbot/arm_ws/install/arm_interfaces/local/lib/python3.10/dist-packages/arm_interfaces/__init__.py
[0.405s] -- Up-to-date: /home/rosbot/arm_ws/install/arm_interfaces/local/lib/python3.10/dist-packages/arm_interfaces/arm_interfaces_s__rosidl_typesupport_fastrtps_c.cpython-310-x86_64-linux-gnu.so
[0.405s] -- Up-to-date: /home/rosbot/arm_ws/install/arm_interfaces/local/lib/python3.10/dist-packages/arm_interfaces/srv
[0.405s] -- Up-to-date: /home/rosbot/arm_ws/install/arm_interfaces/local/lib/python3.10/dist-packages/arm_interfaces/srv/_sensor_feedback.py
[0.405s] -- Up-to-date: /home/rosbot/arm_ws/install/arm_interfaces/local/lib/python3.10/dist-packages/arm_interfaces/srv/__init__.py
[0.405s] -- Up-to-date: /home/rosbot/arm_ws/install/arm_interfaces/local/lib/python3.10/dist-packages/arm_interfaces/srv/_sensor_feedback_s.c
[0.405s] -- Up-to-date: /home/rosbot/arm_ws/install/arm_interfaces/local/lib/python3.10/dist-packages/arm_interfaces/libarm_interfaces__rosidl_generator_py.so
[0.405s] -- Up-to-date: /home/rosbot/arm_ws/install/arm_interfaces/local/lib/python3.10/dist-packages/arm_interfaces/_arm_interfaces_s.ep.rosidl_typesupport_introspection_c.c
[0.428s] Listing '/home/rosbot/arm_ws/install/arm_interfaces/local/lib/python3.10/dist-packages/arm_interfaces'...
[0.428s] Listing '/home/rosbot/arm_ws/install/arm_interfaces/local/lib/python3.10/dist-packages/arm_interfaces/msg'...
[0.428s] Listing '/home/rosbot/arm_ws/install/arm_interfaces/local/lib/python3.10/dist-packages/arm_interfaces/srv'...
[0.431s] -- Up-to-date: /home/rosbot/arm_ws/install/arm_interfaces/local/lib/python3.10/dist-packages/arm_interfaces/arm_interfaces_s__rosidl_typesupport_fastrtps_c.cpython-310-x86_64-linux-gnu.so
[0.431s] -- Up-to-date: /home/rosbot/arm_ws/install/arm_interfaces/local/lib/python3.10/dist-packages/arm_interfaces/arm_interfaces_s__rosidl_typesupport_introspection_c.cpython-310-x86_64-linux-gnu.so
[0.432s] -- Up-to-date: /home/rosbot/arm_ws/install/arm_interfaces/local/lib/python3.10/dist-packages/arm_interfaces/arm_interfaces_s__rosidl_typesupport_c.cpython-310-x86_64-linux-gnu.so
[0.432s] -- Up-to-date: /home/rosbot/arm_ws/install/arm_interfaces/lib/libarm_interfaces__rosidl_generator_py.so
[0.432s] -- Up-to-date: /home/rosbot/arm_ws/install/arm_interfaces/share/arm_interfaces/msg/SensorData.idl
[0.432s] -- Up-to-date: /home/rosbot/arm_ws/install/arm_interfaces/share/arm_interfaces/msg/MotorCmd.idl
[0.432s] -- Up-to-date: /home/rosbot/arm_ws/install/arm_interfaces/share/arm_interfaces/msg/AppParams.idl
[0.433s] -- Up-to-date: /home/rosbot/arm_ws/install/arm_interfaces/share/arm_interfaces/srv/SensorFeedback.idl
[0.433s] -- Up-to-date: /home/rosbot/arm_ws/install/arm_interfaces/share/arm_interfaces/msg/SensorData.msg
[0.433s] -- Up-to-date: /home/rosbot/arm_ws/install/arm_interfaces/share/arm_interfaces/msg/MotorCmd.msg
[0.433s] -- Up-to-date: /home/rosbot/arm_ws/install/arm_interfaces/share/arm_interfaces/msg/AppParams.msg
[0.433s] -- Up-to-date: /home/rosbot/arm_ws/install/arm_interfaces/share/arm_interfaces/srv/SensorFeedback.srv
[0.433s] -- Up-to-date: /home/rosbot/arm_ws/install/arm_interfaces/share/arm_interfaces/srv/SensorFeedback_Request.msg
[0.433s] -- Up-to-date: /home/rosbot/arm_ws/install/arm_interfaces/share/arm_interfaces/srv/SensorFeedback_Response.msg
[0.433s] -- Up-to-date: /home/rosbot/arm_ws/install/arm_interfaces/share/ament_index/resource_index/package_run_dependencies/arm_interfaces
[0.434s] -- Up-to-date: /home/rosbot/arm_ws/install/arm_interfaces/share/ament_index/resource_index/parent_prefix_path/arm_interfaces
[0.434s] -- Up-to-date: /home/rosbot/arm_ws/install/arm_interfaces/share/arm_interfaces/environment/ament_prefix_path.sh
[0.434s] -- Up-to-date: /home/rosbot/arm_ws/install/arm_interfaces/share/arm_interfaces/environment/ament_prefix_path.dsv
[0.434s] -- Up-to-date: /home/rosbot/arm_ws/install/arm_interfaces/share/arm_interfaces/environment/path.sh
[0.434s] -- Up-to-date: /home/rosbot/arm_ws/install/arm_interfaces/share/arm_interfaces/environment/path.dsv
[0.434s] -- Up-to-date: /home/rosbot/arm_ws/install/arm_interfaces/share/arm_interfaces/local_setup.bash
[0.434s] -- Up-to-date: /home/rosbot/arm_ws/install/arm_interfaces/share/arm_interfaces/local_setup.sh
[0.434s] -- Up-to-date: /home/rosbot/arm_ws/install/arm_interfaces/share/arm_interfaces/local_setup.zsh
[0.434s] -- Up-to-date: /home/rosbot/arm_ws/install/arm_interfaces/share/arm_interfaces/local_setup.dsv
[0.435s] -- Installing: /home/rosbot/arm_ws/install/arm_interfaces/share/arm_interfaces/package.dsv
[0.435s] -- Up-to-date: /home/rosbot/arm_ws/install/arm_interfaces/share/ament_index/resource_index/packages/arm_interfaces
[0.435s] -- Up-to-date: /home/rosbot/arm_ws/install/arm_interfaces/share/arm_interfaces/cmake/export_arm_interfaces__rosidl_generator_cExport.cmake
[0.435s] -- Up-to-date: /home/rosbot/arm_ws/install/arm_interfaces/share/arm_interfaces/cmake/export_arm_interfaces__rosidl_generator_cExport-noconfig.cmake
[0.435s] -- Up-to-date: /home/rosbot/arm_ws/install/arm_interfaces/share/arm_interfaces/cmake/export_arm_interfaces__rosidl_typesupport_fastrtps_cExport.cmake
[0.435s] -- Up-to-date: /home/rosbot/arm_ws/install/arm_interfaces/share/arm_interfaces/cmake/export_arm_interfaces__rosidl_typesupport_fastrtps_cExport-noconfig.cmake
[0.435s] -- Up-to-date: /home/rosbot/arm_ws/install/arm_interfaces/share/arm_interfaces/cmake/arm_interfaces__rosidl_typesupport_introspection_cExport.cmake
[0.435s] -- Up-to-date: /home/rosbot/arm_ws/install/arm_interfaces/share/arm_interfaces/cmake/arm_interfaces__rosidl_typesupport_introspection_cExport-noconfig.cmake
[0.436s] -- Up-to-date: /home/rosbot/arm_ws/install/arm_interfaces/share/arm_interfaces/cmake/arm_interfaces__rosidl_typesupport_cExport.cmake
[0.436s] -- Up-to-date: /home/rosbot/arm_ws/install/arm_interfaces/share/arm_interfaces/cmake/arm_interfaces__rosidl_typesupport_cExport-noconfig.cmake
[0.436s] -- Up-to-date: /home/rosbot/arm_ws/install/arm_interfaces/share/arm_interfaces/cmake/export_arm_interfaces__rosidl_generator_cppExport.cmake
[0.436s] -- Up-to-date: /home/rosbot/arm_ws/install/arm_interfaces/share/arm_interfaces/cmake/export_arm_interfaces__rosidl_typesupport_fastrtps_cppExport.cmake
[0.436s] -- Up-to-date: /home/rosbot/arm_ws/install/arm_interfaces/share/arm_interfaces/cmake/export_arm_interfaces__rosidl_typesupport_fastrtps_cppExport-noconfig.cmake
[0.436s] -- Up-to-date: /home/rosbot/arm_ws/install/arm_interfaces/share/arm_interfaces/cmake/arm_interfaces__rosidl_typesupport_introspection_cppExport.cmake
[0.436s] -- Up-to-date: /home/rosbot/arm_ws/install/arm_interfaces/share/arm_interfaces/cmake/arm_interfaces__rosidl_typesupport_introspection_cppExport-noconfig.cmake
[0.436s] -- Up-to-date: /home/rosbot/arm_ws/install/arm_interfaces/share/arm_interfaces/cmake/arm_interfaces__rosidl_typesupport_cppExport.cmake
[0.437s] -- Up-to-date: /home/rosbot/arm_ws/install/arm_interfaces/share/arm_interfaces/cmake/arm_interfaces__rosidl_typesupport_cppExport-noconfig.cmake
[0.437s] -- Up-to-date: /home/rosbot/arm_ws/install/arm_interfaces/share/arm_interfaces/cmake/export_arm_interfaces__rosidl_generator_pyExport.cmake
[0.437s] -- Up-to-date: /home/rosbot/arm_ws/install/arm_interfaces/share/arm_interfaces/cmake/export_arm_interfaces__rosidl_generator_pyExport-noconfig.cmake
[0.437s] -- Up-to-date: /home/rosbot/arm_ws/install/arm_interfaces/share/arm_interfaces/cmake/rosidl_cmake-extras.cmake
[0.437s] -- Up-to-date: /home/rosbot/arm_ws/install/arm_interfaces/share/arm_interfaces/cmake/ament_cmake_export_include_directories-extras.cmake
[0.437s] -- Up-to-date: /home/rosbot/arm_ws/install/arm_interfaces/share/arm_interfaces/cmake/ament_cmake_export_libraries-extras.cmake
[0.437s] -- Up-to-date: /home/rosbot/arm_ws/install/arm_interfaces/share/arm_interfaces/cmake/ament_cmake_export_targets-extras.cmake
[0.437s] -- Up-to-date: /home/rosbot/arm_ws/install/arm_interfaces/share/arm_interfaces/cmake/rosidl_cmake_export_typesupport_targets-extras.cmake
[0.437s] -- Up-to-date: /home/rosbot/arm_ws/install/arm_interfaces/share/arm_interfaces/cmake/ament_cmake_export_dependencies-extras.cmake
[0.437s] -- Up-to-date: /home/rosbot/arm_ws/install/arm_interfaces/share/arm_interfaces/cmake/rosidl_cmake_export_typesupport_libraries-extras.cmake
[0.437s] -- Up-to-date: /home/rosbot/arm_ws/install/arm_interfaces/share/arm_interfaces/cmake/arm_interfacesConfig.cmake
[0.437s] -- Up-to-date: /home/rosbot/arm_ws/install/arm_interfaces/share/arm_interfaces/cmake/arm_interfacesConfig-version.cmake
[0.438s] -- Up-to-date: /home/rosbot/arm_ws/install/arm_interfaces/share/arm_interfaces/package.xml
[0.438s] Invoked command in '/home/rosbot/arm_ws/build/arm_interfaces' returned '0': AMENT_PREFIX_PATH=/home/rosbot/arm_ws/install/1DOF_arm_controller:/home/rosbot/arm_ws/install/arm_interfaces:/opt/ros/humble CMAKE_PREFIX_PATH=${CMAKE_PREFIX_PATH}:/home/rosbot/arm_ws/install/1DOF_arm_controller:/opt/ros/humble PYTHONPATH=/home/rosbot/arm_ws/install/1DOF_arm_controller/lib/python3.10/site-packages:/home/rosbot/arm_ws/install/arm_interfaces/local/lib/python3.10/dist-packages:/opt/ros/humble/lib/python3.10/site-packages:/opt/ros/humble/local/lib/python3.10/dist-packages /usr/bin/cmake --install /home/rosbot/arm_ws/build/arm_interfaces
