[0.220s] Invoking command in '/home/rosbot/arm_ws/build/arm_interfaces': CMAKE_PREFIX_PATH=${CMAKE_PREFIX_PATH}:/home/rosbot/arm_ws/install/1DOF_arm_controller:/opt/ros/humble /usr/bin/cmake /home/rosbot/arm_ws/src/arm_interfaces -DCMAKE_INSTALL_PREFIX=/home/rosbot/arm_ws/install/arm_interfaces
[0.231s] -- Found ament_cmake: 1.3.8 (/opt/ros/humble/share/ament_cmake/cmake)
[0.324s] -- Override CMake install command with custom implementation using symlinks instead of copying resources
[0.330s] -- Found rosidl_default_generators: 1.2.0 (/opt/ros/humble/share/rosidl_default_generators/cmake)
[0.331s] -- Using all available rosidl_typesupport_c: rosidl_typesupport_fastrtps_c;rosidl_typesupport_introspection_c
[0.333s] -- Found rosidl_adapter: 3.1.5 (/opt/ros/humble/share/rosidl_adapter/cmake)
[0.365s] -- Using all available rosidl_typesupport_cpp: rosidl_typesupport_fastrtps_cpp;rosidl_typesupport_introspection_cpp
[0.595s] -- Found ament_cmake_ros: 0.10.0 (/opt/ros/humble/share/ament_cmake_ros/cmake)
[0.734s] -- Using all available rosidl_typesupport_c: rosidl_typesupport_fastrtps_c;rosidl_typesupport_introspection_c
[0.927s] -- Using all available rosidl_typesupport_cpp: rosidl_typesupport_fastrtps_cpp;rosidl_typesupport_introspection_cpp
[0.945s] -- Found python_cmake_module: 0.10.0 (/opt/ros/humble/share/python_cmake_module/cmake)
[0.963s] -- Using PYTHON_EXECUTABLE: /usr/bin/python3
[0.963s] -- Using PYTHON_INCLUDE_DIRS: /usr/include/python3.10
[0.963s] -- Using PYTHON_LIBRARIES: /usr/lib/x86_64-linux-gnu/libpython3.10.so
[0.973s] -- Found ament_lint_auto: 0.12.10 (/opt/ros/humble/share/ament_lint_auto/cmake)
[0.981s] -- Added test 'lint_cmake' to check CMake code style
[0.981s] -- Added test 'xmllint' to check XML markup files
[0.984s] -- Configuring done
[1.006s] -- Generating done
[1.008s] -- Build files have been written to: /home/rosbot/arm_ws/build/arm_interfaces
[1.013s] Invoked command in '/home/rosbot/arm_ws/build/arm_interfaces' returned '0': CMAKE_PREFIX_PATH=${CMAKE_PREFIX_PATH}:/home/rosbot/arm_ws/install/1DOF_arm_controller:/opt/ros/humble /usr/bin/cmake /home/rosbot/arm_ws/src/arm_interfaces -DCMAKE_INSTALL_PREFIX=/home/rosbot/arm_ws/install/arm_interfaces
[1.015s] Invoking command in '/home/rosbot/arm_ws/build/arm_interfaces': CMAKE_PREFIX_PATH=${CMAKE_PREFIX_PATH}:/home/rosbot/arm_ws/install/1DOF_arm_controller:/opt/ros/humble /usr/bin/cmake --build /home/rosbot/arm_ws/build/arm_interfaces -- -j12 -l12
[1.043s] [35m[1mConsolidate compiler generated dependencies of target arm_interfaces__rosidl_generator_c[0m
[1.050s] [  2%] Built target arm_interfaces__cpp
[1.052s] [ 12%] Built target arm_interfaces__rosidl_generator_c
[1.057s] [ 12%] Built target ament_cmake_python_symlink_arm_interfaces
[1.058s] [35m[1mConsolidate compiler generated dependencies of target arm_interfaces__rosidl_typesupport_introspection_cpp[0m
[1.059s] [35m[1mConsolidate compiler generated dependencies of target arm_interfaces__rosidl_typesupport_cpp[0m
[1.059s] [35m[1mConsolidate compiler generated dependencies of target arm_interfaces__rosidl_typesupport_fastrtps_cpp[0m
[1.060s] [35m[1mConsolidate compiler generated dependencies of target arm_interfaces__rosidl_typesupport_fastrtps_c[0m
[1.062s] [35m[1mConsolidate compiler generated dependencies of target arm_interfaces__rosidl_typesupport_c[0m
[1.062s] [35m[1mConsolidate compiler generated dependencies of target arm_interfaces__rosidl_typesupport_introspection_c[0m
[1.069s] [ 23%] Built target arm_interfaces__rosidl_typesupport_introspection_cpp
[1.072s] [ 44%] Built target arm_interfaces__rosidl_typesupport_introspection_c
[1.073s] [ 44%] Built target arm_interfaces__rosidl_typesupport_fastrtps_cpp
[1.073s] [ 55%] Built target arm_interfaces__rosidl_typesupport_c
[1.073s] [ 65%] Built target arm_interfaces__rosidl_typesupport_cpp
[1.075s] [ 76%] Built target arm_interfaces__rosidl_typesupport_fastrtps_c
[1.089s] [ 76%] Built target arm_interfaces
[1.103s] [ 78%] Built target arm_interfaces__py
[1.111s] [35m[1mConsolidate compiler generated dependencies of target arm_interfaces__rosidl_generator_py[0m
[1.121s] [ 87%] Built target arm_interfaces__rosidl_generator_py
[1.129s] [35m[1mConsolidate compiler generated dependencies of target arm_interfaces__rosidl_typesupport_introspection_c__pyext[0m
[1.129s] [35m[1mConsolidate compiler generated dependencies of target arm_interfaces__rosidl_typesupport_fastrtps_c__pyext[0m
[1.129s] [35m[1mConsolidate compiler generated dependencies of target arm_interfaces__rosidl_typesupport_c__pyext[0m
[1.139s] [ 95%] Built target arm_interfaces__rosidl_typesupport_fastrtps_c__pyext
[1.139s] [ 97%] Built target arm_interfaces__rosidl_typesupport_c__pyext
[1.139s] [100%] Built target arm_interfaces__rosidl_typesupport_introspection_c__pyext
[1.279s] running egg_info
[1.280s] writing arm_interfaces.egg-info/PKG-INFO
[1.280s] writing dependency_links to arm_interfaces.egg-info/dependency_links.txt
[1.280s] writing top-level names to arm_interfaces.egg-info/top_level.txt
[1.282s] reading manifest file 'arm_interfaces.egg-info/SOURCES.txt'
[1.282s] writing manifest file 'arm_interfaces.egg-info/SOURCES.txt'
[1.300s] [100%] Built target ament_cmake_python_build_arm_interfaces_egg
[1.308s] Invoked command in '/home/rosbot/arm_ws/build/arm_interfaces' returned '0': CMAKE_PREFIX_PATH=${CMAKE_PREFIX_PATH}:/home/rosbot/arm_ws/install/1DOF_arm_controller:/opt/ros/humble /usr/bin/cmake --build /home/rosbot/arm_ws/build/arm_interfaces -- -j12 -l12
[1.371s] Invoking command in '/home/rosbot/arm_ws/build/arm_interfaces': CMAKE_PREFIX_PATH=${CMAKE_PREFIX_PATH}:/home/rosbot/arm_ws/install/1DOF_arm_controller:/opt/ros/humble /usr/bin/cmake --install /home/rosbot/arm_ws/build/arm_interfaces
[1.376s] -- Install configuration: ""
[1.377s] -- Execute custom install script
[1.377s] -- Up-to-date symlink: /home/rosbot/arm_ws/install/arm_interfaces/share/ament_index/resource_index/rosidl_interfaces/arm_interfaces
[1.377s] -- Up-to-date symlink: /home/rosbot/arm_ws/install/arm_interfaces/include/arm_interfaces/arm_interfaces/msg/app_params.h
[1.378s] -- Up-to-date symlink: /home/rosbot/arm_ws/install/arm_interfaces/include/arm_interfaces/arm_interfaces/msg/detail/app_params__functions.h
[1.378s] -- Up-to-date symlink: /home/rosbot/arm_ws/install/arm_interfaces/include/arm_interfaces/arm_interfaces/msg/detail/app_params__struct.h
[1.378s] -- Up-to-date symlink: /home/rosbot/arm_ws/install/arm_interfaces/include/arm_interfaces/arm_interfaces/msg/detail/app_params__type_support.h
[1.378s] -- Up-to-date symlink: /home/rosbot/arm_ws/install/arm_interfaces/include/arm_interfaces/arm_interfaces/msg/detail/motor_cmd__functions.h
[1.378s] -- Up-to-date symlink: /home/rosbot/arm_ws/install/arm_interfaces/include/arm_interfaces/arm_interfaces/msg/detail/motor_cmd__struct.h
[1.378s] -- Up-to-date symlink: /home/rosbot/arm_ws/install/arm_interfaces/include/arm_interfaces/arm_interfaces/msg/detail/motor_cmd__type_support.h
[1.378s] -- Up-to-date symlink: /home/rosbot/arm_ws/install/arm_interfaces/include/arm_interfaces/arm_interfaces/msg/detail/sensor_data__functions.h
[1.378s] -- Up-to-date symlink: /home/rosbot/arm_ws/install/arm_interfaces/include/arm_interfaces/arm_interfaces/msg/detail/sensor_data__struct.h
[1.379s] -- Up-to-date symlink: /home/rosbot/arm_ws/install/arm_interfaces/include/arm_interfaces/arm_interfaces/msg/detail/sensor_data__type_support.h
[1.379s] -- Up-to-date symlink: /home/rosbot/arm_ws/install/arm_interfaces/include/arm_interfaces/arm_interfaces/msg/motor_cmd.h
[1.379s] -- Up-to-date symlink: /home/rosbot/arm_ws/install/arm_interfaces/include/arm_interfaces/arm_interfaces/msg/rosidl_generator_c__visibility_control.h
[1.379s] -- Up-to-date symlink: /home/rosbot/arm_ws/install/arm_interfaces/include/arm_interfaces/arm_interfaces/msg/sensor_data.h
[1.379s] -- Up-to-date symlink: /home/rosbot/arm_ws/install/arm_interfaces/share/arm_interfaces/environment/library_path.sh
[1.379s] -- Up-to-date symlink: /home/rosbot/arm_ws/install/arm_interfaces/share/arm_interfaces/environment/library_path.dsv
[1.380s] -- Up-to-date symlink: /home/rosbot/arm_ws/install/arm_interfaces/include/arm_interfaces/arm_interfaces/msg/detail/app_params__rosidl_typesupport_fastrtps_c.h
[1.380s] -- Up-to-date symlink: /home/rosbot/arm_ws/install/arm_interfaces/include/arm_interfaces/arm_interfaces/msg/detail/motor_cmd__rosidl_typesupport_fastrtps_c.h
[1.380s] -- Up-to-date symlink: /home/rosbot/arm_ws/install/arm_interfaces/include/arm_interfaces/arm_interfaces/msg/detail/sensor_data__rosidl_typesupport_fastrtps_c.h
[1.380s] -- Up-to-date symlink: /home/rosbot/arm_ws/install/arm_interfaces/include/arm_interfaces/arm_interfaces/msg/rosidl_typesupport_fastrtps_c__visibility_control.h
[1.380s] -- Up-to-date symlink: /home/rosbot/arm_ws/install/arm_interfaces/include/arm_interfaces/arm_interfaces/msg/detail/app_params__rosidl_typesupport_introspection_c.h
[1.381s] -- Up-to-date symlink: /home/rosbot/arm_ws/install/arm_interfaces/include/arm_interfaces/arm_interfaces/msg/detail/motor_cmd__rosidl_typesupport_introspection_c.h
[1.381s] -- Up-to-date symlink: /home/rosbot/arm_ws/install/arm_interfaces/include/arm_interfaces/arm_interfaces/msg/detail/sensor_data__rosidl_typesupport_introspection_c.h
[1.381s] -- Up-to-date symlink: /home/rosbot/arm_ws/install/arm_interfaces/include/arm_interfaces/arm_interfaces/msg/rosidl_typesupport_introspection_c__visibility_control.h
[1.381s] -- Up-to-date symlink: /home/rosbot/arm_ws/install/arm_interfaces/include/arm_interfaces/arm_interfaces/msg/app_params.hpp
[1.381s] -- Up-to-date symlink: /home/rosbot/arm_ws/install/arm_interfaces/include/arm_interfaces/arm_interfaces/msg/detail/app_params__builder.hpp
[1.382s] -- Up-to-date symlink: /home/rosbot/arm_ws/install/arm_interfaces/include/arm_interfaces/arm_interfaces/msg/detail/app_params__struct.hpp
[1.382s] -- Up-to-date symlink: /home/rosbot/arm_ws/install/arm_interfaces/include/arm_interfaces/arm_interfaces/msg/detail/app_params__traits.hpp
[1.382s] -- Up-to-date symlink: /home/rosbot/arm_ws/install/arm_interfaces/include/arm_interfaces/arm_interfaces/msg/detail/motor_cmd__builder.hpp
[1.382s] -- Up-to-date symlink: /home/rosbot/arm_ws/install/arm_interfaces/include/arm_interfaces/arm_interfaces/msg/detail/motor_cmd__struct.hpp
[1.382s] -- Up-to-date symlink: /home/rosbot/arm_ws/install/arm_interfaces/include/arm_interfaces/arm_interfaces/msg/detail/motor_cmd__traits.hpp
[1.382s] -- Up-to-date symlink: /home/rosbot/arm_ws/install/arm_interfaces/include/arm_interfaces/arm_interfaces/msg/detail/sensor_data__builder.hpp
[1.382s] -- Up-to-date symlink: /home/rosbot/arm_ws/install/arm_interfaces/include/arm_interfaces/arm_interfaces/msg/detail/sensor_data__struct.hpp
[1.383s] -- Up-to-date symlink: /home/rosbot/arm_ws/install/arm_interfaces/include/arm_interfaces/arm_interfaces/msg/detail/sensor_data__traits.hpp
[1.383s] -- Up-to-date symlink: /home/rosbot/arm_ws/install/arm_interfaces/include/arm_interfaces/arm_interfaces/msg/motor_cmd.hpp
[1.383s] -- Up-to-date symlink: /home/rosbot/arm_ws/install/arm_interfaces/include/arm_interfaces/arm_interfaces/msg/sensor_data.hpp
[1.383s] -- Up-to-date symlink: /home/rosbot/arm_ws/install/arm_interfaces/include/arm_interfaces/arm_interfaces/msg/detail/app_params__rosidl_typesupport_fastrtps_cpp.hpp
[1.383s] -- Up-to-date symlink: /home/rosbot/arm_ws/install/arm_interfaces/include/arm_interfaces/arm_interfaces/msg/detail/motor_cmd__rosidl_typesupport_fastrtps_cpp.hpp
[1.384s] -- Up-to-date symlink: /home/rosbot/arm_ws/install/arm_interfaces/include/arm_interfaces/arm_interfaces/msg/detail/sensor_data__rosidl_typesupport_fastrtps_cpp.hpp
[1.384s] -- Up-to-date symlink: /home/rosbot/arm_ws/install/arm_interfaces/include/arm_interfaces/arm_interfaces/msg/rosidl_typesupport_fastrtps_cpp__visibility_control.h
[1.384s] -- Up-to-date symlink: /home/rosbot/arm_ws/install/arm_interfaces/include/arm_interfaces/arm_interfaces/msg/detail/app_params__rosidl_typesupport_introspection_cpp.hpp
[1.384s] -- Up-to-date symlink: /home/rosbot/arm_ws/install/arm_interfaces/include/arm_interfaces/arm_interfaces/msg/detail/motor_cmd__rosidl_typesupport_introspection_cpp.hpp
[1.384s] -- Up-to-date symlink: /home/rosbot/arm_ws/install/arm_interfaces/include/arm_interfaces/arm_interfaces/msg/detail/sensor_data__rosidl_typesupport_introspection_cpp.hpp
[1.384s] -- Up-to-date symlink: /home/rosbot/arm_ws/install/arm_interfaces/share/arm_interfaces/environment/pythonpath.sh
[1.385s] -- Up-to-date symlink: /home/rosbot/arm_ws/install/arm_interfaces/share/arm_interfaces/environment/pythonpath.dsv
[1.385s] -- Up-to-date symlink: /home/rosbot/arm_ws/install/arm_interfaces/local/lib/python3.10/dist-packages/arm_interfaces-0.0.0-py3.10.egg-info/PKG-INFO
[1.385s] -- Up-to-date symlink: /home/rosbot/arm_ws/install/arm_interfaces/local/lib/python3.10/dist-packages/arm_interfaces-0.0.0-py3.10.egg-info/SOURCES.txt
[1.385s] -- Up-to-date symlink: /home/rosbot/arm_ws/install/arm_interfaces/local/lib/python3.10/dist-packages/arm_interfaces-0.0.0-py3.10.egg-info/dependency_links.txt
[1.385s] -- Up-to-date symlink: /home/rosbot/arm_ws/install/arm_interfaces/local/lib/python3.10/dist-packages/arm_interfaces-0.0.0-py3.10.egg-info/top_level.txt
[1.386s] -- Up-to-date symlink: /home/rosbot/arm_ws/install/arm_interfaces/local/lib/python3.10/dist-packages/arm_interfaces/__init__.py
[1.386s] -- Up-to-date symlink: /home/rosbot/arm_ws/install/arm_interfaces/local/lib/python3.10/dist-packages/arm_interfaces/_arm_interfaces_s.ep.rosidl_typesupport_c.c
[1.386s] -- Up-to-date symlink: /home/rosbot/arm_ws/install/arm_interfaces/local/lib/python3.10/dist-packages/arm_interfaces/_arm_interfaces_s.ep.rosidl_typesupport_fastrtps_c.c
[1.386s] -- Up-to-date symlink: /home/rosbot/arm_ws/install/arm_interfaces/local/lib/python3.10/dist-packages/arm_interfaces/_arm_interfaces_s.ep.rosidl_typesupport_introspection_c.c
[1.386s] -- Up-to-date symlink: /home/rosbot/arm_ws/install/arm_interfaces/local/lib/python3.10/dist-packages/arm_interfaces/arm_interfaces_s__rosidl_typesupport_c.cpython-310-x86_64-linux-gnu.so
[1.387s] -- Up-to-date symlink: /home/rosbot/arm_ws/install/arm_interfaces/local/lib/python3.10/dist-packages/arm_interfaces/arm_interfaces_s__rosidl_typesupport_fastrtps_c.cpython-310-x86_64-linux-gnu.so
[1.387s] -- Up-to-date symlink: /home/rosbot/arm_ws/install/arm_interfaces/local/lib/python3.10/dist-packages/arm_interfaces/arm_interfaces_s__rosidl_typesupport_introspection_c.cpython-310-x86_64-linux-gnu.so
[1.387s] -- Up-to-date symlink: /home/rosbot/arm_ws/install/arm_interfaces/local/lib/python3.10/dist-packages/arm_interfaces/libarm_interfaces__rosidl_generator_py.so
[1.387s] -- Up-to-date symlink: /home/rosbot/arm_ws/install/arm_interfaces/local/lib/python3.10/dist-packages/arm_interfaces/msg/__init__.py
[1.387s] -- Up-to-date symlink: /home/rosbot/arm_ws/install/arm_interfaces/local/lib/python3.10/dist-packages/arm_interfaces/msg/_app_params.py
[1.387s] -- Up-to-date symlink: /home/rosbot/arm_ws/install/arm_interfaces/local/lib/python3.10/dist-packages/arm_interfaces/msg/_app_params_s.c
[1.387s] -- Up-to-date symlink: /home/rosbot/arm_ws/install/arm_interfaces/local/lib/python3.10/dist-packages/arm_interfaces/msg/_motor_cmd.py
[1.388s] -- Up-to-date symlink: /home/rosbot/arm_ws/install/arm_interfaces/local/lib/python3.10/dist-packages/arm_interfaces/msg/_motor_cmd_s.c
[1.388s] -- Up-to-date symlink: /home/rosbot/arm_ws/install/arm_interfaces/local/lib/python3.10/dist-packages/arm_interfaces/msg/_sensor_data.py
[1.388s] -- Up-to-date symlink: /home/rosbot/arm_ws/install/arm_interfaces/local/lib/python3.10/dist-packages/arm_interfaces/msg/_sensor_data_s.c
[1.388s] -- Up-to-date symlink: /home/rosbot/arm_ws/install/arm_interfaces/local/lib/python3.10/dist-packages/arm_interfaces/arm_interfaces_s__rosidl_typesupport_fastrtps_c.cpython-310-x86_64-linux-gnu.so
[1.388s] -- Up-to-date symlink: /home/rosbot/arm_ws/install/arm_interfaces/local/lib/python3.10/dist-packages/arm_interfaces/arm_interfaces_s__rosidl_typesupport_introspection_c.cpython-310-x86_64-linux-gnu.so
[1.389s] -- Up-to-date symlink: /home/rosbot/arm_ws/install/arm_interfaces/local/lib/python3.10/dist-packages/arm_interfaces/arm_interfaces_s__rosidl_typesupport_c.cpython-310-x86_64-linux-gnu.so
[1.389s] -- Up-to-date symlink: /home/rosbot/arm_ws/install/arm_interfaces/share/arm_interfaces/msg/SensorData.idl
[1.389s] -- Up-to-date symlink: /home/rosbot/arm_ws/install/arm_interfaces/share/arm_interfaces/msg/MotorCmd.idl
[1.389s] -- Up-to-date symlink: /home/rosbot/arm_ws/install/arm_interfaces/share/arm_interfaces/msg/AppParams.idl
[1.389s] -- Up-to-date symlink: /home/rosbot/arm_ws/install/arm_interfaces/share/arm_interfaces/msg/SensorData.msg
[1.390s] -- Up-to-date symlink: /home/rosbot/arm_ws/install/arm_interfaces/share/arm_interfaces/msg/MotorCmd.msg
[1.390s] -- Up-to-date symlink: /home/rosbot/arm_ws/install/arm_interfaces/share/arm_interfaces/msg/AppParams.msg
[1.390s] -- Up-to-date symlink: /home/rosbot/arm_ws/install/arm_interfaces/share/ament_index/resource_index/package_run_dependencies/arm_interfaces
[1.390s] -- Up-to-date symlink: /home/rosbot/arm_ws/install/arm_interfaces/share/ament_index/resource_index/parent_prefix_path/arm_interfaces
[1.390s] -- Up-to-date symlink: /home/rosbot/arm_ws/install/arm_interfaces/share/arm_interfaces/environment/ament_prefix_path.sh
[1.390s] -- Up-to-date symlink: /home/rosbot/arm_ws/install/arm_interfaces/share/arm_interfaces/environment/ament_prefix_path.dsv
[1.390s] -- Up-to-date symlink: /home/rosbot/arm_ws/install/arm_interfaces/share/arm_interfaces/environment/path.sh
[1.390s] -- Up-to-date symlink: /home/rosbot/arm_ws/install/arm_interfaces/share/arm_interfaces/environment/path.dsv
[1.390s] -- Up-to-date symlink: /home/rosbot/arm_ws/install/arm_interfaces/share/arm_interfaces/local_setup.bash
[1.391s] -- Up-to-date symlink: /home/rosbot/arm_ws/install/arm_interfaces/share/arm_interfaces/local_setup.sh
[1.391s] -- Up-to-date symlink: /home/rosbot/arm_ws/install/arm_interfaces/share/arm_interfaces/local_setup.zsh
[1.391s] -- Up-to-date symlink: /home/rosbot/arm_ws/install/arm_interfaces/share/arm_interfaces/local_setup.dsv
[1.391s] -- Symlinking: /home/rosbot/arm_ws/install/arm_interfaces/share/arm_interfaces/package.dsv
[1.397s] -- Up-to-date symlink: /home/rosbot/arm_ws/install/arm_interfaces/share/ament_index/resource_index/packages/arm_interfaces
[1.397s] -- Up-to-date symlink: /home/rosbot/arm_ws/install/arm_interfaces/share/arm_interfaces/cmake/rosidl_cmake-extras.cmake
[1.397s] -- Up-to-date symlink: /home/rosbot/arm_ws/install/arm_interfaces/share/arm_interfaces/cmake/ament_cmake_export_include_directories-extras.cmake
[1.397s] -- Up-to-date symlink: /home/rosbot/arm_ws/install/arm_interfaces/share/arm_interfaces/cmake/ament_cmake_export_libraries-extras.cmake
[1.397s] -- Up-to-date symlink: /home/rosbot/arm_ws/install/arm_interfaces/share/arm_interfaces/cmake/ament_cmake_export_targets-extras.cmake
[1.398s] -- Up-to-date symlink: /home/rosbot/arm_ws/install/arm_interfaces/share/arm_interfaces/cmake/rosidl_cmake_export_typesupport_targets-extras.cmake
[1.398s] -- Up-to-date symlink: /home/rosbot/arm_ws/install/arm_interfaces/share/arm_interfaces/cmake/ament_cmake_export_dependencies-extras.cmake
[1.398s] -- Up-to-date symlink: /home/rosbot/arm_ws/install/arm_interfaces/share/arm_interfaces/cmake/rosidl_cmake_export_typesupport_libraries-extras.cmake
[1.398s] -- Up-to-date symlink: /home/rosbot/arm_ws/install/arm_interfaces/share/arm_interfaces/cmake/arm_interfacesConfig.cmake
[1.398s] -- Up-to-date symlink: /home/rosbot/arm_ws/install/arm_interfaces/share/arm_interfaces/cmake/arm_interfacesConfig-version.cmake
[1.398s] -- Up-to-date symlink: /home/rosbot/arm_ws/install/arm_interfaces/share/arm_interfaces/package.xml
[1.398s] -- Up-to-date: /home/rosbot/arm_ws/install/arm_interfaces/lib/libarm_interfaces__rosidl_generator_c.so
[1.398s] -- Up-to-date: /home/rosbot/arm_ws/install/arm_interfaces/lib/libarm_interfaces__rosidl_typesupport_fastrtps_c.so
[1.399s] -- Up-to-date: /home/rosbot/arm_ws/install/arm_interfaces/lib/libarm_interfaces__rosidl_typesupport_introspection_c.so
[1.399s] -- Up-to-date: /home/rosbot/arm_ws/install/arm_interfaces/lib/libarm_interfaces__rosidl_typesupport_c.so
[1.399s] -- Up-to-date: /home/rosbot/arm_ws/install/arm_interfaces/lib/libarm_interfaces__rosidl_typesupport_fastrtps_cpp.so
[1.399s] -- Up-to-date: /home/rosbot/arm_ws/install/arm_interfaces/lib/libarm_interfaces__rosidl_typesupport_introspection_cpp.so
[1.399s] -- Up-to-date: /home/rosbot/arm_ws/install/arm_interfaces/lib/libarm_interfaces__rosidl_typesupport_cpp.so
[1.425s] Listing '/home/rosbot/arm_ws/install/arm_interfaces/local/lib/python3.10/dist-packages/arm_interfaces'...
[1.425s] Compiling '/home/rosbot/arm_ws/install/arm_interfaces/local/lib/python3.10/dist-packages/arm_interfaces/__init__.py'...
[1.425s] Listing '/home/rosbot/arm_ws/install/arm_interfaces/local/lib/python3.10/dist-packages/arm_interfaces/msg'...
[1.429s] -- Up-to-date: /home/rosbot/arm_ws/install/arm_interfaces/lib/libarm_interfaces__rosidl_generator_py.so
[1.429s] -- Up-to-date: /home/rosbot/arm_ws/install/arm_interfaces/share/arm_interfaces/cmake/export_arm_interfaces__rosidl_generator_cExport.cmake
[1.429s] -- Up-to-date: /home/rosbot/arm_ws/install/arm_interfaces/share/arm_interfaces/cmake/export_arm_interfaces__rosidl_generator_cExport-noconfig.cmake
[1.429s] -- Up-to-date: /home/rosbot/arm_ws/install/arm_interfaces/share/arm_interfaces/cmake/export_arm_interfaces__rosidl_typesupport_fastrtps_cExport.cmake
[1.429s] -- Up-to-date: /home/rosbot/arm_ws/install/arm_interfaces/share/arm_interfaces/cmake/export_arm_interfaces__rosidl_typesupport_fastrtps_cExport-noconfig.cmake
[1.429s] -- Up-to-date: /home/rosbot/arm_ws/install/arm_interfaces/share/arm_interfaces/cmake/arm_interfaces__rosidl_typesupport_introspection_cExport.cmake
[1.430s] -- Up-to-date: /home/rosbot/arm_ws/install/arm_interfaces/share/arm_interfaces/cmake/arm_interfaces__rosidl_typesupport_introspection_cExport-noconfig.cmake
[1.430s] -- Up-to-date: /home/rosbot/arm_ws/install/arm_interfaces/share/arm_interfaces/cmake/arm_interfaces__rosidl_typesupport_cExport.cmake
[1.430s] -- Up-to-date: /home/rosbot/arm_ws/install/arm_interfaces/share/arm_interfaces/cmake/arm_interfaces__rosidl_typesupport_cExport-noconfig.cmake
[1.430s] -- Up-to-date: /home/rosbot/arm_ws/install/arm_interfaces/share/arm_interfaces/cmake/export_arm_interfaces__rosidl_generator_cppExport.cmake
[1.430s] -- Up-to-date: /home/rosbot/arm_ws/install/arm_interfaces/share/arm_interfaces/cmake/export_arm_interfaces__rosidl_typesupport_fastrtps_cppExport.cmake
[1.430s] -- Up-to-date: /home/rosbot/arm_ws/install/arm_interfaces/share/arm_interfaces/cmake/export_arm_interfaces__rosidl_typesupport_fastrtps_cppExport-noconfig.cmake
[1.430s] -- Up-to-date: /home/rosbot/arm_ws/install/arm_interfaces/share/arm_interfaces/cmake/arm_interfaces__rosidl_typesupport_introspection_cppExport.cmake
[1.430s] -- Up-to-date: /home/rosbot/arm_ws/install/arm_interfaces/share/arm_interfaces/cmake/arm_interfaces__rosidl_typesupport_introspection_cppExport-noconfig.cmake
[1.430s] -- Up-to-date: /home/rosbot/arm_ws/install/arm_interfaces/share/arm_interfaces/cmake/arm_interfaces__rosidl_typesupport_cppExport.cmake
[1.430s] -- Up-to-date: /home/rosbot/arm_ws/install/arm_interfaces/share/arm_interfaces/cmake/arm_interfaces__rosidl_typesupport_cppExport-noconfig.cmake
[1.430s] -- Up-to-date: /home/rosbot/arm_ws/install/arm_interfaces/share/arm_interfaces/cmake/export_arm_interfaces__rosidl_generator_pyExport.cmake
[1.430s] -- Up-to-date: /home/rosbot/arm_ws/install/arm_interfaces/share/arm_interfaces/cmake/export_arm_interfaces__rosidl_generator_pyExport-noconfig.cmake
[1.431s] Invoked command in '/home/rosbot/arm_ws/build/arm_interfaces' returned '0': CMAKE_PREFIX_PATH=${CMAKE_PREFIX_PATH}:/home/rosbot/arm_ws/install/1DOF_arm_controller:/opt/ros/humble /usr/bin/cmake --install /home/rosbot/arm_ws/build/arm_interfaces
