[0.247s] Invoking command in '/home/rosbot/arm_ws/build/arm_interfaces': CMAKE_PREFIX_PATH=${CMAKE_PREFIX_PATH}:/home/rosbot/arm_ws/install/1DOF_arm_controller:/opt/ros/humble /usr/bin/cmake --build /home/rosbot/arm_ws/build/arm_interfaces -- -j12 -l12
[0.308s] [  4%] Built target arm_interfaces__cpp
[0.308s] [ 12%] Built target arm_interfaces__rosidl_generator_c
[0.315s] [ 12%] Built target ament_cmake_python_symlink_arm_interfaces
[0.327s] [ 23%] Built target arm_interfaces__rosidl_typesupport_c
[0.329s] [ 34%] Built target arm_interfaces__rosidl_typesupport_cpp
[0.329s] [ 48%] Built target arm_interfaces__rosidl_typesupport_introspection_c
[0.329s] [ 55%] Built target arm_interfaces__rosidl_typesupport_fastrtps_c
[0.330s] [ 65%] Built target arm_interfaces__rosidl_typesupport_introspection_cpp
[0.331s] [ 76%] Built target arm_interfaces__rosidl_typesupport_fastrtps_cpp
[0.346s] [ 76%] Built target arm_interfaces
[0.362s] [ 78%] Built target arm_interfaces__py
[0.380s] [ 87%] Built target arm_interfaces__rosidl_generator_py
[0.397s] [100%] Built target arm_interfaces__rosidl_typesupport_c__pyext
[0.397s] [100%] Built target arm_interfaces__rosidl_typesupport_fastrtps_c__pyext
[0.397s] [100%] Built target arm_interfaces__rosidl_typesupport_introspection_c__pyext
[0.530s] running egg_info
[0.531s] writing arm_interfaces.egg-info/PKG-INFO
[0.531s] writing dependency_links to arm_interfaces.egg-info/dependency_links.txt
[0.531s] writing top-level names to arm_interfaces.egg-info/top_level.txt
[0.534s] reading manifest file 'arm_interfaces.egg-info/SOURCES.txt'
[0.534s] writing manifest file 'arm_interfaces.egg-info/SOURCES.txt'
[0.554s] [100%] Built target ament_cmake_python_build_arm_interfaces_egg
[0.562s] Invoked command in '/home/rosbot/arm_ws/build/arm_interfaces' returned '0': CMAKE_PREFIX_PATH=${CMAKE_PREFIX_PATH}:/home/rosbot/arm_ws/install/1DOF_arm_controller:/opt/ros/humble /usr/bin/cmake --build /home/rosbot/arm_ws/build/arm_interfaces -- -j12 -l12
[0.625s] Invoking command in '/home/rosbot/arm_ws/build/arm_interfaces': CMAKE_PREFIX_PATH=${CMAKE_PREFIX_PATH}:/home/rosbot/arm_ws/install/1DOF_arm_controller:/opt/ros/humble /usr/bin/cmake --install /home/rosbot/arm_ws/build/arm_interfaces
[0.632s] -- Install configuration: ""
[0.636s] -- Execute custom install script
[0.636s] -- Up-to-date symlink: /home/rosbot/arm_ws/install/arm_interfaces/share/ament_index/resource_index/rosidl_interfaces/arm_interfaces
[0.637s] -- Up-to-date symlink: /home/rosbot/arm_ws/install/arm_interfaces/include/arm_interfaces/arm_interfaces/msg/app_params.h
[0.637s] -- Up-to-date symlink: /home/rosbot/arm_ws/install/arm_interfaces/include/arm_interfaces/arm_interfaces/msg/detail/app_params__functions.h
[0.638s] -- Up-to-date symlink: /home/rosbot/arm_ws/install/arm_interfaces/include/arm_interfaces/arm_interfaces/msg/detail/app_params__struct.h
[0.638s] -- Up-to-date symlink: /home/rosbot/arm_ws/install/arm_interfaces/include/arm_interfaces/arm_interfaces/msg/detail/app_params__type_support.h
[0.638s] -- Up-to-date symlink: /home/rosbot/arm_ws/install/arm_interfaces/include/arm_interfaces/arm_interfaces/msg/detail/motor_cmd__functions.h
[0.638s] -- Up-to-date symlink: /home/rosbot/arm_ws/install/arm_interfaces/include/arm_interfaces/arm_interfaces/msg/detail/motor_cmd__struct.h
[0.638s] -- Up-to-date symlink: /home/rosbot/arm_ws/install/arm_interfaces/include/arm_interfaces/arm_interfaces/msg/detail/motor_cmd__type_support.h
[0.638s] -- Up-to-date symlink: /home/rosbot/arm_ws/install/arm_interfaces/include/arm_interfaces/arm_interfaces/msg/detail/sensor_data__functions.h
[0.638s] -- Up-to-date symlink: /home/rosbot/arm_ws/install/arm_interfaces/include/arm_interfaces/arm_interfaces/msg/detail/sensor_data__struct.h
[0.638s] -- Up-to-date symlink: /home/rosbot/arm_ws/install/arm_interfaces/include/arm_interfaces/arm_interfaces/msg/detail/sensor_data__type_support.h
[0.638s] -- Up-to-date symlink: /home/rosbot/arm_ws/install/arm_interfaces/include/arm_interfaces/arm_interfaces/msg/motor_cmd.h
[0.638s] -- Up-to-date symlink: /home/rosbot/arm_ws/install/arm_interfaces/include/arm_interfaces/arm_interfaces/msg/rosidl_generator_c__visibility_control.h
[0.638s] -- Up-to-date symlink: /home/rosbot/arm_ws/install/arm_interfaces/include/arm_interfaces/arm_interfaces/msg/sensor_data.h
[0.638s] -- Up-to-date symlink: /home/rosbot/arm_ws/install/arm_interfaces/share/arm_interfaces/environment/library_path.sh
[0.639s] -- Up-to-date symlink: /home/rosbot/arm_ws/install/arm_interfaces/share/arm_interfaces/environment/library_path.dsv
[0.639s] -- Up-to-date symlink: /home/rosbot/arm_ws/install/arm_interfaces/include/arm_interfaces/arm_interfaces/msg/detail/app_params__rosidl_typesupport_fastrtps_c.h
[0.639s] -- Up-to-date symlink: /home/rosbot/arm_ws/install/arm_interfaces/include/arm_interfaces/arm_interfaces/msg/detail/motor_cmd__rosidl_typesupport_fastrtps_c.h
[0.639s] -- Up-to-date symlink: /home/rosbot/arm_ws/install/arm_interfaces/include/arm_interfaces/arm_interfaces/msg/detail/sensor_data__rosidl_typesupport_fastrtps_c.h
[0.639s] -- Up-to-date symlink: /home/rosbot/arm_ws/install/arm_interfaces/include/arm_interfaces/arm_interfaces/msg/rosidl_typesupport_fastrtps_c__visibility_control.h
[0.639s] -- Up-to-date symlink: /home/rosbot/arm_ws/install/arm_interfaces/include/arm_interfaces/arm_interfaces/msg/detail/app_params__rosidl_typesupport_introspection_c.h
[0.639s] -- Up-to-date symlink: /home/rosbot/arm_ws/install/arm_interfaces/include/arm_interfaces/arm_interfaces/msg/detail/motor_cmd__rosidl_typesupport_introspection_c.h
[0.640s] -- Up-to-date symlink: /home/rosbot/arm_ws/install/arm_interfaces/include/arm_interfaces/arm_interfaces/msg/detail/sensor_data__rosidl_typesupport_introspection_c.h
[0.640s] -- Up-to-date symlink: /home/rosbot/arm_ws/install/arm_interfaces/include/arm_interfaces/arm_interfaces/msg/rosidl_typesupport_introspection_c__visibility_control.h
[0.640s] -- Up-to-date symlink: /home/rosbot/arm_ws/install/arm_interfaces/include/arm_interfaces/arm_interfaces/msg/app_params.hpp
[0.640s] -- Up-to-date symlink: /home/rosbot/arm_ws/install/arm_interfaces/include/arm_interfaces/arm_interfaces/msg/detail/app_params__builder.hpp
[0.640s] -- Up-to-date symlink: /home/rosbot/arm_ws/install/arm_interfaces/include/arm_interfaces/arm_interfaces/msg/detail/app_params__struct.hpp
[0.640s] -- Up-to-date symlink: /home/rosbot/arm_ws/install/arm_interfaces/include/arm_interfaces/arm_interfaces/msg/detail/app_params__traits.hpp
[0.640s] -- Up-to-date symlink: /home/rosbot/arm_ws/install/arm_interfaces/include/arm_interfaces/arm_interfaces/msg/detail/motor_cmd__builder.hpp
[0.640s] -- Up-to-date symlink: /home/rosbot/arm_ws/install/arm_interfaces/include/arm_interfaces/arm_interfaces/msg/detail/motor_cmd__struct.hpp
[0.640s] -- Up-to-date symlink: /home/rosbot/arm_ws/install/arm_interfaces/include/arm_interfaces/arm_interfaces/msg/detail/motor_cmd__traits.hpp
[0.640s] -- Up-to-date symlink: /home/rosbot/arm_ws/install/arm_interfaces/include/arm_interfaces/arm_interfaces/msg/detail/sensor_data__builder.hpp
[0.641s] -- Up-to-date symlink: /home/rosbot/arm_ws/install/arm_interfaces/include/arm_interfaces/arm_interfaces/msg/detail/sensor_data__struct.hpp
[0.641s] -- Up-to-date symlink: /home/rosbot/arm_ws/install/arm_interfaces/include/arm_interfaces/arm_interfaces/msg/detail/sensor_data__traits.hpp
[0.641s] -- Up-to-date symlink: /home/rosbot/arm_ws/install/arm_interfaces/include/arm_interfaces/arm_interfaces/msg/motor_cmd.hpp
[0.641s] -- Up-to-date symlink: /home/rosbot/arm_ws/install/arm_interfaces/include/arm_interfaces/arm_interfaces/msg/sensor_data.hpp
[0.641s] -- Up-to-date symlink: /home/rosbot/arm_ws/install/arm_interfaces/include/arm_interfaces/arm_interfaces/msg/detail/app_params__rosidl_typesupport_fastrtps_cpp.hpp
[0.641s] -- Up-to-date symlink: /home/rosbot/arm_ws/install/arm_interfaces/include/arm_interfaces/arm_interfaces/msg/detail/motor_cmd__rosidl_typesupport_fastrtps_cpp.hpp
[0.641s] -- Up-to-date symlink: /home/rosbot/arm_ws/install/arm_interfaces/include/arm_interfaces/arm_interfaces/msg/detail/sensor_data__rosidl_typesupport_fastrtps_cpp.hpp
[0.641s] -- Up-to-date symlink: /home/rosbot/arm_ws/install/arm_interfaces/include/arm_interfaces/arm_interfaces/msg/rosidl_typesupport_fastrtps_cpp__visibility_control.h
[0.642s] -- Up-to-date symlink: /home/rosbot/arm_ws/install/arm_interfaces/include/arm_interfaces/arm_interfaces/msg/detail/app_params__rosidl_typesupport_introspection_cpp.hpp
[0.642s] -- Up-to-date symlink: /home/rosbot/arm_ws/install/arm_interfaces/include/arm_interfaces/arm_interfaces/msg/detail/motor_cmd__rosidl_typesupport_introspection_cpp.hpp
[0.642s] -- Up-to-date symlink: /home/rosbot/arm_ws/install/arm_interfaces/include/arm_interfaces/arm_interfaces/msg/detail/sensor_data__rosidl_typesupport_introspection_cpp.hpp
[0.642s] -- Up-to-date symlink: /home/rosbot/arm_ws/install/arm_interfaces/share/arm_interfaces/environment/pythonpath.sh
[0.642s] -- Up-to-date symlink: /home/rosbot/arm_ws/install/arm_interfaces/share/arm_interfaces/environment/pythonpath.dsv
[0.642s] -- Up-to-date symlink: /home/rosbot/arm_ws/install/arm_interfaces/local/lib/python3.10/dist-packages/arm_interfaces-0.0.0-py3.10.egg-info/PKG-INFO
[0.642s] -- Up-to-date symlink: /home/rosbot/arm_ws/install/arm_interfaces/local/lib/python3.10/dist-packages/arm_interfaces-0.0.0-py3.10.egg-info/SOURCES.txt
[0.643s] -- Up-to-date symlink: /home/rosbot/arm_ws/install/arm_interfaces/local/lib/python3.10/dist-packages/arm_interfaces-0.0.0-py3.10.egg-info/dependency_links.txt
[0.643s] -- Up-to-date symlink: /home/rosbot/arm_ws/install/arm_interfaces/local/lib/python3.10/dist-packages/arm_interfaces-0.0.0-py3.10.egg-info/top_level.txt
[0.643s] -- Up-to-date symlink: /home/rosbot/arm_ws/install/arm_interfaces/local/lib/python3.10/dist-packages/arm_interfaces/__init__.py
[0.643s] -- Up-to-date symlink: /home/rosbot/arm_ws/install/arm_interfaces/local/lib/python3.10/dist-packages/arm_interfaces/_arm_interfaces_s.ep.rosidl_typesupport_c.c
[0.643s] -- Up-to-date symlink: /home/rosbot/arm_ws/install/arm_interfaces/local/lib/python3.10/dist-packages/arm_interfaces/_arm_interfaces_s.ep.rosidl_typesupport_fastrtps_c.c
[0.643s] -- Up-to-date symlink: /home/rosbot/arm_ws/install/arm_interfaces/local/lib/python3.10/dist-packages/arm_interfaces/_arm_interfaces_s.ep.rosidl_typesupport_introspection_c.c
[0.643s] -- Up-to-date symlink: /home/rosbot/arm_ws/install/arm_interfaces/local/lib/python3.10/dist-packages/arm_interfaces/arm_interfaces_s__rosidl_typesupport_c.cpython-310-x86_64-linux-gnu.so
[0.643s] -- Up-to-date symlink: /home/rosbot/arm_ws/install/arm_interfaces/local/lib/python3.10/dist-packages/arm_interfaces/arm_interfaces_s__rosidl_typesupport_fastrtps_c.cpython-310-x86_64-linux-gnu.so
[0.643s] -- Up-to-date symlink: /home/rosbot/arm_ws/install/arm_interfaces/local/lib/python3.10/dist-packages/arm_interfaces/arm_interfaces_s__rosidl_typesupport_introspection_c.cpython-310-x86_64-linux-gnu.so
[0.644s] -- Up-to-date symlink: /home/rosbot/arm_ws/install/arm_interfaces/local/lib/python3.10/dist-packages/arm_interfaces/libarm_interfaces__rosidl_generator_py.so
[0.644s] -- Up-to-date symlink: /home/rosbot/arm_ws/install/arm_interfaces/local/lib/python3.10/dist-packages/arm_interfaces/msg/__init__.py
[0.644s] -- Up-to-date symlink: /home/rosbot/arm_ws/install/arm_interfaces/local/lib/python3.10/dist-packages/arm_interfaces/msg/_app_params.py
[0.644s] -- Up-to-date symlink: /home/rosbot/arm_ws/install/arm_interfaces/local/lib/python3.10/dist-packages/arm_interfaces/msg/_app_params_s.c
[0.644s] -- Up-to-date symlink: /home/rosbot/arm_ws/install/arm_interfaces/local/lib/python3.10/dist-packages/arm_interfaces/msg/_motor_cmd.py
[0.644s] -- Up-to-date symlink: /home/rosbot/arm_ws/install/arm_interfaces/local/lib/python3.10/dist-packages/arm_interfaces/msg/_motor_cmd_s.c
[0.644s] -- Up-to-date symlink: /home/rosbot/arm_ws/install/arm_interfaces/local/lib/python3.10/dist-packages/arm_interfaces/msg/_sensor_data.py
[0.644s] -- Up-to-date symlink: /home/rosbot/arm_ws/install/arm_interfaces/local/lib/python3.10/dist-packages/arm_interfaces/msg/_sensor_data_s.c
[0.644s] -- Up-to-date symlink: /home/rosbot/arm_ws/install/arm_interfaces/local/lib/python3.10/dist-packages/arm_interfaces/arm_interfaces_s__rosidl_typesupport_fastrtps_c.cpython-310-x86_64-linux-gnu.so
[0.645s] -- Up-to-date symlink: /home/rosbot/arm_ws/install/arm_interfaces/local/lib/python3.10/dist-packages/arm_interfaces/arm_interfaces_s__rosidl_typesupport_introspection_c.cpython-310-x86_64-linux-gnu.so
[0.645s] -- Up-to-date symlink: /home/rosbot/arm_ws/install/arm_interfaces/local/lib/python3.10/dist-packages/arm_interfaces/arm_interfaces_s__rosidl_typesupport_c.cpython-310-x86_64-linux-gnu.so
[0.645s] -- Up-to-date symlink: /home/rosbot/arm_ws/install/arm_interfaces/share/arm_interfaces/msg/SensorData.idl
[0.645s] -- Up-to-date symlink: /home/rosbot/arm_ws/install/arm_interfaces/share/arm_interfaces/msg/MotorCmd.idl
[0.645s] -- Up-to-date symlink: /home/rosbot/arm_ws/install/arm_interfaces/share/arm_interfaces/msg/AppParams.idl
[0.646s] -- Up-to-date symlink: /home/rosbot/arm_ws/install/arm_interfaces/share/arm_interfaces/msg/SensorData.msg
[0.646s] -- Up-to-date symlink: /home/rosbot/arm_ws/install/arm_interfaces/share/arm_interfaces/msg/MotorCmd.msg
[0.646s] -- Up-to-date symlink: /home/rosbot/arm_ws/install/arm_interfaces/share/arm_interfaces/msg/AppParams.msg
[0.646s] -- Up-to-date symlink: /home/rosbot/arm_ws/install/arm_interfaces/share/ament_index/resource_index/package_run_dependencies/arm_interfaces
[0.646s] -- Up-to-date symlink: /home/rosbot/arm_ws/install/arm_interfaces/share/ament_index/resource_index/parent_prefix_path/arm_interfaces
[0.646s] -- Up-to-date symlink: /home/rosbot/arm_ws/install/arm_interfaces/share/arm_interfaces/environment/ament_prefix_path.sh
[0.646s] -- Up-to-date symlink: /home/rosbot/arm_ws/install/arm_interfaces/share/arm_interfaces/environment/ament_prefix_path.dsv
[0.646s] -- Up-to-date symlink: /home/rosbot/arm_ws/install/arm_interfaces/share/arm_interfaces/environment/path.sh
[0.646s] -- Up-to-date symlink: /home/rosbot/arm_ws/install/arm_interfaces/share/arm_interfaces/environment/path.dsv
[0.647s] -- Up-to-date symlink: /home/rosbot/arm_ws/install/arm_interfaces/share/arm_interfaces/local_setup.bash
[0.647s] -- Up-to-date symlink: /home/rosbot/arm_ws/install/arm_interfaces/share/arm_interfaces/local_setup.sh
[0.647s] -- Up-to-date symlink: /home/rosbot/arm_ws/install/arm_interfaces/share/arm_interfaces/local_setup.zsh
[0.647s] -- Up-to-date symlink: /home/rosbot/arm_ws/install/arm_interfaces/share/arm_interfaces/local_setup.dsv
[0.647s] -- Symlinking: /home/rosbot/arm_ws/install/arm_interfaces/share/arm_interfaces/package.dsv
[0.653s] -- Up-to-date symlink: /home/rosbot/arm_ws/install/arm_interfaces/share/ament_index/resource_index/packages/arm_interfaces
[0.653s] -- Up-to-date symlink: /home/rosbot/arm_ws/install/arm_interfaces/share/arm_interfaces/cmake/rosidl_cmake-extras.cmake
[0.654s] -- Up-to-date symlink: /home/rosbot/arm_ws/install/arm_interfaces/share/arm_interfaces/cmake/ament_cmake_export_include_directories-extras.cmake
[0.654s] -- Up-to-date symlink: /home/rosbot/arm_ws/install/arm_interfaces/share/arm_interfaces/cmake/ament_cmake_export_libraries-extras.cmake
[0.654s] -- Up-to-date symlink: /home/rosbot/arm_ws/install/arm_interfaces/share/arm_interfaces/cmake/ament_cmake_export_targets-extras.cmake
[0.654s] -- Up-to-date symlink: /home/rosbot/arm_ws/install/arm_interfaces/share/arm_interfaces/cmake/rosidl_cmake_export_typesupport_targets-extras.cmake
[0.654s] -- Up-to-date symlink: /home/rosbot/arm_ws/install/arm_interfaces/share/arm_interfaces/cmake/ament_cmake_export_dependencies-extras.cmake
[0.654s] -- Up-to-date symlink: /home/rosbot/arm_ws/install/arm_interfaces/share/arm_interfaces/cmake/rosidl_cmake_export_typesupport_libraries-extras.cmake
[0.654s] -- Up-to-date symlink: /home/rosbot/arm_ws/install/arm_interfaces/share/arm_interfaces/cmake/arm_interfacesConfig.cmake
[0.654s] -- Up-to-date symlink: /home/rosbot/arm_ws/install/arm_interfaces/share/arm_interfaces/cmake/arm_interfacesConfig-version.cmake
[0.654s] -- Up-to-date symlink: /home/rosbot/arm_ws/install/arm_interfaces/share/arm_interfaces/package.xml
[0.655s] -- Up-to-date: /home/rosbot/arm_ws/install/arm_interfaces/lib/libarm_interfaces__rosidl_generator_c.so
[0.655s] -- Up-to-date: /home/rosbot/arm_ws/install/arm_interfaces/lib/libarm_interfaces__rosidl_typesupport_fastrtps_c.so
[0.655s] -- Up-to-date: /home/rosbot/arm_ws/install/arm_interfaces/lib/libarm_interfaces__rosidl_typesupport_introspection_c.so
[0.655s] -- Up-to-date: /home/rosbot/arm_ws/install/arm_interfaces/lib/libarm_interfaces__rosidl_typesupport_c.so
[0.657s] -- Up-to-date: /home/rosbot/arm_ws/install/arm_interfaces/lib/libarm_interfaces__rosidl_typesupport_fastrtps_cpp.so
[0.658s] -- Up-to-date: /home/rosbot/arm_ws/install/arm_interfaces/lib/libarm_interfaces__rosidl_typesupport_introspection_cpp.so
[0.658s] -- Up-to-date: /home/rosbot/arm_ws/install/arm_interfaces/lib/libarm_interfaces__rosidl_typesupport_cpp.so
[0.683s] Listing '/home/rosbot/arm_ws/install/arm_interfaces/local/lib/python3.10/dist-packages/arm_interfaces'...
[0.683s] Listing '/home/rosbot/arm_ws/install/arm_interfaces/local/lib/python3.10/dist-packages/arm_interfaces/msg'...
[0.687s] -- Up-to-date: /home/rosbot/arm_ws/install/arm_interfaces/lib/libarm_interfaces__rosidl_generator_py.so
[0.687s] -- Up-to-date: /home/rosbot/arm_ws/install/arm_interfaces/share/arm_interfaces/cmake/export_arm_interfaces__rosidl_generator_cExport.cmake
[0.687s] -- Up-to-date: /home/rosbot/arm_ws/install/arm_interfaces/share/arm_interfaces/cmake/export_arm_interfaces__rosidl_generator_cExport-noconfig.cmake
[0.688s] -- Up-to-date: /home/rosbot/arm_ws/install/arm_interfaces/share/arm_interfaces/cmake/export_arm_interfaces__rosidl_typesupport_fastrtps_cExport.cmake
[0.688s] -- Up-to-date: /home/rosbot/arm_ws/install/arm_interfaces/share/arm_interfaces/cmake/export_arm_interfaces__rosidl_typesupport_fastrtps_cExport-noconfig.cmake
[0.688s] -- Up-to-date: /home/rosbot/arm_ws/install/arm_interfaces/share/arm_interfaces/cmake/arm_interfaces__rosidl_typesupport_introspection_cExport.cmake
[0.688s] -- Up-to-date: /home/rosbot/arm_ws/install/arm_interfaces/share/arm_interfaces/cmake/arm_interfaces__rosidl_typesupport_introspection_cExport-noconfig.cmake
[0.688s] -- Up-to-date: /home/rosbot/arm_ws/install/arm_interfaces/share/arm_interfaces/cmake/arm_interfaces__rosidl_typesupport_cExport.cmake
[0.688s] -- Up-to-date: /home/rosbot/arm_ws/install/arm_interfaces/share/arm_interfaces/cmake/arm_interfaces__rosidl_typesupport_cExport-noconfig.cmake
[0.689s] -- Up-to-date: /home/rosbot/arm_ws/install/arm_interfaces/share/arm_interfaces/cmake/export_arm_interfaces__rosidl_generator_cppExport.cmake
[0.689s] -- Up-to-date: /home/rosbot/arm_ws/install/arm_interfaces/share/arm_interfaces/cmake/export_arm_interfaces__rosidl_typesupport_fastrtps_cppExport.cmake
[0.689s] -- Up-to-date: /home/rosbot/arm_ws/install/arm_interfaces/share/arm_interfaces/cmake/export_arm_interfaces__rosidl_typesupport_fastrtps_cppExport-noconfig.cmake
[0.689s] -- Up-to-date: /home/rosbot/arm_ws/install/arm_interfaces/share/arm_interfaces/cmake/arm_interfaces__rosidl_typesupport_introspection_cppExport.cmake
[0.689s] -- Up-to-date: /home/rosbot/arm_ws/install/arm_interfaces/share/arm_interfaces/cmake/arm_interfaces__rosidl_typesupport_introspection_cppExport-noconfig.cmake
[0.689s] -- Up-to-date: /home/rosbot/arm_ws/install/arm_interfaces/share/arm_interfaces/cmake/arm_interfaces__rosidl_typesupport_cppExport.cmake
[0.689s] -- Up-to-date: /home/rosbot/arm_ws/install/arm_interfaces/share/arm_interfaces/cmake/arm_interfaces__rosidl_typesupport_cppExport-noconfig.cmake
[0.690s] -- Up-to-date: /home/rosbot/arm_ws/install/arm_interfaces/share/arm_interfaces/cmake/export_arm_interfaces__rosidl_generator_pyExport.cmake
[0.690s] -- Up-to-date: /home/rosbot/arm_ws/install/arm_interfaces/share/arm_interfaces/cmake/export_arm_interfaces__rosidl_generator_pyExport-noconfig.cmake
[0.691s] Invoked command in '/home/rosbot/arm_ws/build/arm_interfaces' returned '0': CMAKE_PREFIX_PATH=${CMAKE_PREFIX_PATH}:/home/rosbot/arm_ws/install/1DOF_arm_controller:/opt/ros/humble /usr/bin/cmake --install /home/rosbot/arm_ws/build/arm_interfaces
