[0.623s] Invoking command in '/home/rosbot/arm_ws/src/1DOF_arm_controller': PYTHONPATH=/home/rosbot/arm_ws/build/1DOF_arm_controller/prefix_override:/home/rosbot/arm_ws/install/1DOF_arm_controller/lib/python3.10/site-packages:${PYTHONPATH} /usr/bin/python3 -W ignore:setup.py install is deprecated setup.py egg_info --egg-base ../../build/1DOF_arm_controller build --build-base /home/rosbot/arm_ws/build/1DOF_arm_controller/build install --record /home/rosbot/arm_ws/build/1DOF_arm_controller/install.log --single-version-externally-managed install_data
[0.835s] running egg_info
[0.836s] writing ../../build/1DOF_arm_controller/1DOF_arm_controller.egg-info/PKG-INFO
[0.836s] writing dependency_links to ../../build/1DOF_arm_controller/1DOF_arm_controller.egg-info/dependency_links.txt
[0.836s] writing entry points to ../../build/1DOF_arm_controller/1DOF_arm_controller.egg-info/entry_points.txt
[0.836s] writing requirements to ../../build/1DOF_arm_controller/1DOF_arm_controller.egg-info/requires.txt
[0.836s] writing top-level names to ../../build/1DOF_arm_controller/1DOF_arm_controller.egg-info/top_level.txt
[0.838s] reading manifest file '../../build/1DOF_arm_controller/1DOF_arm_controller.egg-info/SOURCES.txt'
[0.839s] writing manifest file '../../build/1DOF_arm_controller/1DOF_arm_controller.egg-info/SOURCES.txt'
[0.839s] running build
[0.839s] running build_py
[0.839s] copying 1DOF_arm_controller/apps_node.py -> /home/rosbot/arm_ws/build/1DOF_arm_controller/build/lib/1DOF_arm_controller
[0.839s] running install
[0.840s] running install_lib
[0.840s] copying /home/rosbot/arm_ws/build/1DOF_arm_controller/build/lib/1DOF_arm_controller/apps_node.py -> /home/rosbot/arm_ws/install/1DOF_arm_controller/lib/python3.10/site-packages/1DOF_arm_controller
[0.841s] byte-compiling /home/rosbot/arm_ws/install/1DOF_arm_controller/lib/python3.10/site-packages/1DOF_arm_controller/apps_node.py to apps_node.cpython-310.pyc
[0.844s] running install_data
[0.844s] running install_egg_info
[0.846s] removing '/home/rosbot/arm_ws/install/1DOF_arm_controller/lib/python3.10/site-packages/1DOF_arm_controller-0.0.0-py3.10.egg-info' (and everything under it)
[0.846s] Copying ../../build/1DOF_arm_controller/1DOF_arm_controller.egg-info to /home/rosbot/arm_ws/install/1DOF_arm_controller/lib/python3.10/site-packages/1DOF_arm_controller-0.0.0-py3.10.egg-info
[0.847s] running install_scripts
[0.863s] Installing application_node script to /home/rosbot/arm_ws/install/1DOF_arm_controller/lib/1DOF_arm_controller
[0.863s] Installing gui_node script to /home/rosbot/arm_ws/install/1DOF_arm_controller/lib/1DOF_arm_controller
[0.863s] Installing serial_node script to /home/rosbot/arm_ws/install/1DOF_arm_controller/lib/1DOF_arm_controller
[0.863s] Installing test_node script to /home/rosbot/arm_ws/install/1DOF_arm_controller/lib/1DOF_arm_controller
[0.863s] writing list of installed files to '/home/rosbot/arm_ws/build/1DOF_arm_controller/install.log'
[0.879s] Invoked command in '/home/rosbot/arm_ws/src/1DOF_arm_controller' returned '0': PYTHONPATH=/home/rosbot/arm_ws/build/1DOF_arm_controller/prefix_override:/home/rosbot/arm_ws/install/1DOF_arm_controller/lib/python3.10/site-packages:${PYTHONPATH} /usr/bin/python3 -W ignore:setup.py install is deprecated setup.py egg_info --egg-base ../../build/1DOF_arm_controller build --build-base /home/rosbot/arm_ws/build/1DOF_arm_controller/build install --record /home/rosbot/arm_ws/build/1DOF_arm_controller/install.log --single-version-externally-managed install_data
